((time 1990 4 11 1)
 (field (c1 (Theta 0.237567 0.237596 0.237606 0.237609 0.23761 0.237611 0.237611 0.237611 0.237611 0.237611 0.237611 0.237611 0.237611 0.237611 0.237611 0.237611 0.237611 0.237611 0.237611 0.237611 0.237611 0.237611 0.237611 0.237611 0.237611 0.237611 0.237611 0.237611 0.237611 0.237611 0.237611 0.237611 0.237611 0.237611 0.237611 0.237611 0.237611 0.237611 0.237611 0.237611))))
((time 1990 4 11 2)
 (field (c1 (Theta 0.237535 0.237577 0.237597 0.237605 0.237608 0.23761 0.23761 0.237611 0.237611 0.237611 0.237611 0.237611 0.237611 0.237611 0.237611 0.237611 0.237611 0.237611 0.237611 0.237611 0.237611 0.237611 0.237611 0.237611 0.237611 0.237611 0.237611 0.237611 0.237611 0.237611 0.237611 0.237611 0.237611 0.237611 0.237611 0.237611 0.237611 0.237611 0.237611 0.237611))))
((time 1990 4 11 3)
 (field (c1 (Theta 0.237509 0.237559 0.237586 0.237599 0.237606 0.237609 0.23761 0.23761 0.237611 0.237611 0.237611 0.237611 0.237611 0.237611 0.237611 0.237611 0.237611 0.237611 0.237611 0.237611 0.237611 0.237611 0.237611 0.237611 0.237611 0.237611 0.237611 0.237611 0.237611 0.237611 0.237611 0.237611 0.237611 0.237611 0.237611 0.237611 0.237611 0.237611 0.237611 0.237611))))
((time 1990 4 11 4)
 (field (c1 (Theta 0.237487 0.237541 0.237574 0.237592 0.237602 0.237606 0.237609 0.23761 0.23761 0.237611 0.237611 0.237611 0.237611 0.237611 0.237611 0.237611 0.237611 0.237611 0.237611 0.237611 0.237611 0.237611 0.237611 0.237611 0.237611 0.237611 0.237611 0.237611 0.237611 0.237611 0.237611 0.237611 0.237611 0.237611 0.237611 0.237611 0.237611 0.237611 0.237611 0.237611))))
((time 1990 4 11 5)
 (field (c1 (Theta 0.237467 0.237525 0.237562 0.237584 0.237597 0.237604 0.237607 0.237609 0.23761 0.23761 0.237611 0.237611 0.237611 0.237611 0.237611 0.237611 0.237611 0.237611 0.237611 0.237611 0.237611 0.237611 0.237611 0.237611 0.237611 0.237611 0.237611 0.237611 0.237611 0.237611 0.237611 0.237611 0.237611 0.237611 0.237611 0.237611 0.237611 0.237611 0.237611 0.237611))))
((time 1990 4 11 6)
 (field (c1 (Theta 0.237449 0.237509 0.23755 0.237576 0.237591 0.2376 0.237605 0.237608 0.237609 0.23761 0.23761 0.237611 0.237611 0.237611 0.237611 0.237611 0.237611 0.237611 0.237611 0.237611 0.237611 0.237611 0.237611 0.237611 0.237611 0.237611 0.237611 0.237611 0.237611 0.237611 0.237611 0.237611 0.237611 0.237611 0.237611 0.237611 0.237611 0.237611 0.237611 0.237611))))
((time 1990 4 11 7)
 (field (c1 (Theta 0.237433 0.237494 0.237538 0.237567 0.237586 0.237597 0.237603 0.237607 0.237609 0.23761 0.23761 0.23761 0.237611 0.237611 0.237611 0.237611 0.237611 0.237611 0.237611 0.237611 0.237611 0.237611 0.237611 0.237611 0.237611 0.237611 0.237611 0.237611 0.237611 0.237611 0.237611 0.237611 0.237611 0.237611 0.237611 0.237611 0.237611 0.237611 0.237611 0.237611))))
((time 1990 4 11 8)
 (field (c1 (Theta 0.237418 0.23748 0.237526 0.237558 0.237579 0.237592 0.2376 0.237605 0.237608 0.237609 0.23761 0.23761 0.237611 0.237611 0.237611 0.237611 0.237611 0.237611 0.237611 0.237611 0.237611 0.237611 0.237611 0.237611 0.237611 0.237611 0.237611 0.237611 0.237611 0.237611 0.237611 0.237611 0.237611 0.237611 0.237611 0.237611 0.237611 0.237611 0.237611 0.237611))))
((time 1990 4 11 9)
 (field (c1 (Theta 0.237403 0.237467 0.237515 0.237549 0.237573 0.237588 0.237597 0.237603 0.237607 0.237608 0.23761 0.23761 0.23761 0.237611 0.237611 0.237611 0.237611 0.237611 0.237611 0.237611 0.237611 0.237611 0.237611 0.237611 0.237611 0.237611 0.237611 0.237611 0.237611 0.237611 0.237611 0.237611 0.237611 0.237611 0.237611 0.237611 0.237611 0.237611 0.237611 0.237611))))
((time 1990 4 11 10)
 (field (c1 (Theta 0.23739 0.237455 0.237504 0.237541 0.237566 0.237583 0.237594 0.237601 0.237605 0.237608 0.237609 0.23761 0.23761 0.23761 0.237611 0.237611 0.237611 0.237611 0.237611 0.237611 0.237611 0.237611 0.237611 0.237611 0.237611 0.237611 0.237611 0.237611 0.237611 0.237611 0.237611 0.237611 0.237611 0.237611 0.237611 0.237611 0.237611 0.237611 0.237611 0.237611))))
((time 1990 4 11 11)
 (field (c1 (Theta 0.237377 0.237443 0.237494 0.237532 0.237559 0.237578 0.23759 0.237598 0.237604 0.237607 0.237608 0.237609 0.23761 0.23761 0.237611 0.237611 0.237611 0.237611 0.237611 0.237611 0.237611 0.237611 0.237611 0.237611 0.237611 0.237611 0.237611 0.237611 0.237611 0.237611 0.237611 0.237611 0.237611 0.237611 0.237611 0.237611 0.237611 0.237611 0.237611 0.237611))))
((time 1990 4 11 12)
 (field (c1 (Theta 0.237365 0.237431 0.237483 0.237523 0.237552 0.237573 0.237587 0.237596 0.237602 0.237605 0.237608 0.237609 0.23761 0.23761 0.23761 0.237611 0.237611 0.237611 0.237611 0.237611 0.237611 0.237611 0.237611 0.237611 0.237611 0.237611 0.237611 0.237611 0.237611 0.237611 0.237611 0.237611 0.237611 0.237611 0.237611 0.237611 0.237611 0.237611 0.237611 0.237611))))
((time 1990 4 11 13)
 (field (c1 (Theta 0.237353 0.23742 0.237473 0.237514 0.237545 0.237567 0.237582 0.237593 0.2376 0.237604 0.237607 0.237608 0.237609 0.23761 0.23761 0.237611 0.237611 0.237611 0.237611 0.237611 0.237611 0.237611 0.237611 0.237611 0.237611 0.237611 0.237611 0.237611 0.237611 0.237611 0.237611 0.237611 0.237611 0.237611 0.237611 0.237611 0.237611 0.237611 0.237611 0.237611))))
((time 1990 4 11 14)
 (field (c1 (Theta 0.237342 0.237409 0.237464 0.237506 0.237538 0.237562 0.237578 0.23759 0.237598 0.237603 0.237606 0.237608 0.237609 0.23761 0.23761 0.23761 0.237611 0.237611 0.237611 0.237611 0.237611 0.237611 0.237611 0.237611 0.237611 0.237611 0.237611 0.237611 0.237611 0.237611 0.237611 0.237611 0.237611 0.237611 0.237611 0.237611 0.237611 0.237611 0.237611 0.237611))))
((time 1990 4 11 15)
 (field (c1 (Theta 0.237331 0.237399 0.237454 0.237498 0.237531 0.237556 0.237574 0.237587 0.237595 0.237601 0.237605 0.237607 0.237609 0.237609 0.23761 0.23761 0.23761 0.237611 0.237611 0.237611 0.237611 0.237611 0.237611 0.237611 0.237611 0.237611 0.237611 0.237611 0.237611 0.237611 0.237611 0.237611 0.237611 0.237611 0.237611 0.237611 0.237611 0.237611 0.237611 0.237611))))
((time 1990 4 11 16)
 (field (c1 (Theta 0.23732 0.237389 0.237445 0.237489 0.237524 0.23755 0.237569 0.237583 0.237593 0.237599 0.237603 0.237606 0.237608 0.237609 0.23761 0.23761 0.23761 0.237611 0.237611 0.237611 0.237611 0.237611 0.237611 0.237611 0.237611 0.237611 0.237611 0.237611 0.237611 0.237611 0.237611 0.237611 0.237611 0.237611 0.237611 0.237611 0.237611 0.237611 0.237611 0.237611))))
((time 1990 4 11 17)
 (field (c1 (Theta 0.23731 0.237379 0.237436 0.237481 0.237517 0.237545 0.237565 0.23758 0.23759 0.237597 0.237602 0.237605 0.237607 0.237609 0.23761 0.23761 0.23761 0.23761 0.237611 0.237611 0.237611 0.237611 0.237611 0.237611 0.237611 0.237611 0.237611 0.237611 0.237611 0.237611 0.237611 0.237611 0.237611 0.237611 0.237611 0.237611 0.237611 0.237611 0.237611 0.237611))))
((time 1990 4 11 18)
 (field (c1 (Theta 0.2373 0.237369 0.237427 0.237473 0.23751 0.237539 0.23756 0.237576 0.237587 0.237595 0.237601 0.237604 0.237607 0.237608 0.237609 0.23761 0.23761 0.23761 0.237611 0.237611 0.237611 0.237611 0.237611 0.237611 0.237611 0.237611 0.237611 0.237611 0.237611 0.237611 0.237611 0.237611 0.237611 0.237611 0.237611 0.237611 0.237611 0.237611 0.237611 0.237611))))
((time 1990 4 11 19)
 (field (c1 (Theta 0.23729 0.23736 0.237418 0.237465 0.237503 0.237533 0.237555 0.237572 0.237584 0.237593 0.237599 0.237603 0.237606 0.237608 0.237609 0.23761 0.23761 0.23761 0.23761 0.237611 0.237611 0.237611 0.237611 0.237611 0.237611 0.237611 0.237611 0.237611 0.237611 0.237611 0.237611 0.237611 0.237611 0.237611 0.237611 0.237611 0.237611 0.237611 0.237611 0.237611))))
((time 1990 4 11 20)
 (field (c1 (Theta 0.237281 0.237351 0.237409 0.237458 0.237497 0.237527 0.237551 0.237568 0.237581 0.237591 0.237597 0.237602 0.237605 0.237607 0.237608 0.237609 0.23761 0.23761 0.23761 0.237611 0.237611 0.237611 0.237611 0.237611 0.237611 0.237611 0.237611 0.237611 0.237611 0.237611 0.237611 0.237611 0.237611 0.237611 0.237611 0.237611 0.237611 0.237611 0.237611 0.237611))))
((time 1990 4 11 21)
 (field (c1 (Theta 0.237272 0.237342 0.237401 0.23745 0.23749 0.237521 0.237546 0.237565 0.237578 0.237588 0.237596 0.237601 0.237604 0.237606 0.237608 0.237609 0.23761 0.23761 0.23761 0.237611 0.237611 0.237611 0.237611 0.237611 0.237611 0.237611 0.237611 0.237611 0.237611 0.237611 0.237611 0.237611 0.237611 0.237611 0.237611 0.237611 0.237611 0.237611 0.237611 0.237611))))
((time 1990 4 11 22)
 (field (c1 (Theta 0.237263 0.237333 0.237393 0.237443 0.237483 0.237516 0.237541 0.237561 0.237575 0.237586 0.237594 0.237599 0.237603 0.237606 0.237608 0.237609 0.237609 0.23761 0.23761 0.23761 0.237611 0.237611 0.237611 0.237611 0.237611 0.237611 0.237611 0.237611 0.237611 0.237611 0.237611 0.237611 0.237611 0.237611 0.237611 0.237611 0.237611 0.237611 0.237611 0.237611))))
((time 1990 4 11 23)
 (field (c1 (Theta 0.237254 0.237325 0.237385 0.237435 0.237477 0.23751 0.237536 0.237557 0.237572 0.237583 0.237592 0.237598 0.237602 0.237605 0.237607 0.237608 0.237609 0.23761 0.23761 0.23761 0.237611 0.237611 0.237611 0.237611 0.237611 0.237611 0.237611 0.237611 0.237611 0.237611 0.237611 0.237611 0.237611 0.237611 0.237611 0.237611 0.237611 0.237611 0.237611 0.237611))))
((time 1990 4 12 0)
 (field (c1 (Theta 0.237245 0.237316 0.237377 0.237428 0.23747 0.237504 0.237531 0.237552 0.237569 0.237581 0.23759 0.237596 0.237601 0.237604 0.237606 0.237608 0.237609 0.23761 0.23761 0.23761 0.23761 0.237611 0.237611 0.237611 0.237611 0.237611 0.237611 0.237611 0.237611 0.237611 0.237611 0.237611 0.237611 0.237611 0.237611 0.237611 0.237611 0.237611 0.237611 0.237611))))
((time 1990 4 12 1)
 (field (c1 (Theta 0.237237 0.237308 0.237369 0.237421 0.237464 0.237498 0.237526 0.237548 0.237565 0.237578 0.237588 0.237595 0.2376 0.237603 0.237606 0.237607 0.237609 0.237609 0.23761 0.23761 0.23761 0.237611 0.237611 0.237611 0.237611 0.237611 0.237611 0.237611 0.237611 0.237611 0.237611 0.237611 0.237611 0.237611 0.237611 0.237611 0.237611 0.237611 0.237611 0.237611))))
((time 1990 4 12 2)
 (field (c1 (Theta 0.237229 0.2373 0.237362 0.237414 0.237457 0.237493 0.237522 0.237544 0.237562 0.237575 0.237586 0.237593 0.237598 0.237602 0.237605 0.237607 0.237608 0.237609 0.23761 0.23761 0.23761 0.23761 0.237611 0.237611 0.237611 0.237611 0.237611 0.237611 0.237611 0.237611 0.237611 0.237611 0.237611 0.237611 0.237611 0.237611 0.237611 0.237611 0.237611 0.237611))))
((time 1990 4 12 3)
 (field (c1 (Theta 0.237221 0.237292 0.237354 0.237407 0.237451 0.237487 0.237517 0.23754 0.237558 0.237573 0.237583 0.237591 0.237597 0.237601 0.237604 0.237606 0.237608 0.237609 0.23761 0.23761 0.23761 0.23761 0.237611 0.237611 0.237611 0.237611 0.237611 0.237611 0.237611 0.237611 0.237611 0.237611 0.237611 0.237611 0.237611 0.237611 0.237611 0.237611 0.237611 0.237611))))
((time 1990 4 12 4)
 (field (c1 (Theta 0.237213 0.237284 0.237347 0.2374 0.237444 0.237482 0.237512 0.237536 0.237555 0.23757 0.237581 0.23759 0.237596 0.2376 0.237604 0.237606 0.237607 0.237609 0.237609 0.23761 0.23761 0.23761 0.237611 0.237611 0.237611 0.237611 0.237611 0.237611 0.237611 0.237611 0.237611 0.237611 0.237611 0.237611 0.237611 0.237611 0.237611 0.237611 0.237611 0.237611))))
((time 1990 4 12 5)
 (field (c1 (Theta 0.237205 0.237277 0.237339 0.237393 0.237438 0.237476 0.237507 0.237532 0.237551 0.237567 0.237579 0.237588 0.237594 0.237599 0.237603 0.237605 0.237607 0.237608 0.237609 0.23761 0.23761 0.23761 0.23761 0.237611 0.237611 0.237611 0.237611 0.237611 0.237611 0.237611 0.237611 0.237611 0.237611 0.237611 0.237611 0.237611 0.237611 0.237611 0.237611 0.237611))))
((time 1990 4 12 6)
 (field (c1 (Theta 0.237198 0.237269 0.237332 0.237386 0.237432 0.23747 0.237502 0.237527 0.237548 0.237564 0.237576 0.237586 0.237593 0.237598 0.237602 0.237605 0.237607 0.237608 0.237609 0.23761 0.23761 0.23761 0.23761 0.237611 0.237611 0.237611 0.237611 0.237611 0.237611 0.237611 0.237611 0.237611 0.237611 0.237611 0.237611 0.237611 0.237611 0.237611 0.237611 0.237611))))
((time 1990 4 12 7)
 (field (c1 (Theta 0.23719 0.237262 0.237325 0.23738 0.237426 0.237465 0.237497 0.237523 0.237544 0.237561 0.237574 0.237584 0.237591 0.237597 0.237601 0.237604 0.237606 0.237608 0.237609 0.237609 0.23761 0.23761 0.23761 0.23761 0.237611 0.237611 0.237611 0.237611 0.237611 0.237611 0.237611 0.237611 0.237611 0.237611 0.237611 0.237611 0.237611 0.237611 0.237611 0.237611))))
((time 1990 4 12 8)
 (field (c1 (Theta 0.237183 0.237255 0.237318 0.237373 0.23742 0.237459 0.237492 0.237519 0.237541 0.237558 0.237571 0.237582 0.23759 0.237596 0.2376 0.237603 0.237606 0.237607 0.237608 0.237609 0.23761 0.23761 0.23761 0.23761 0.237611 0.237611 0.237611 0.237611 0.237611 0.237611 0.237611 0.237611 0.237611 0.237611 0.237611 0.237611 0.237611 0.237611 0.237611 0.237611))))
((time 1990 4 12 9)
 (field (c1 (Theta 0.237175 0.237248 0.237311 0.237367 0.237414 0.237454 0.237487 0.237515 0.237537 0.237555 0.237569 0.23758 0.237588 0.237594 0.237599 0.237602 0.237605 0.237607 0.237608 0.237609 0.237609 0.23761 0.23761 0.23761 0.237611 0.237611 0.237611 0.237611 0.237611 0.237611 0.237611 0.237611 0.237611 0.237611 0.237611 0.237611 0.237611 0.237611 0.237611 0.237611))))
((time 1990 4 12 10)
 (field (c1 (Theta 0.237168 0.237241 0.237305 0.23736 0.237408 0.237448 0.237482 0.23751 0.237533 0.237552 0.237566 0.237577 0.237586 0.237593 0.237598 0.237602 0.237604 0.237606 0.237608 0.237609 0.237609 0.23761 0.23761 0.23761 0.23761 0.237611 0.237611 0.237611 0.237611 0.237611 0.237611 0.237611 0.237611 0.237611 0.237611 0.237611 0.237611 0.237611 0.237611 0.237611))))
((time 1990 4 12 11)
 (field (c1 (Theta 0.237161 0.237234 0.237298 0.237354 0.237402 0.237443 0.237478 0.237506 0.23753 0.237548 0.237563 0.237575 0.237584 0.237592 0.237597 0.237601 0.237604 0.237606 0.237607 0.237608 0.237609 0.23761 0.23761 0.23761 0.23761 0.237611 0.237611 0.237611 0.237611 0.237611 0.237611 0.237611 0.237611 0.237611 0.237611 0.237611 0.237611 0.237611 0.237611 0.237611))))
((time 1990 4 12 12)
 (field (c1 (Theta 0.237154 0.237227 0.237291 0.237348 0.237396 0.237438 0.237473 0.237502 0.237526 0.237545 0.237561 0.237573 0.237583 0.23759 0.237596 0.2376 0.237603 0.237605 0.237607 0.237608 0.237609 0.23761 0.23761 0.23761 0.23761 0.23761 0.237611 0.237611 0.237611 0.237611 0.237611 0.237611 0.237611 0.237611 0.237611 0.237611 0.237611 0.237611 0.237611 0.237611))))
((time 1990 4 12 13)
 (field (c1 (Theta 0.237148 0.23722 0.237285 0.237341 0.23739 0.237432 0.237468 0.237498 0.237522 0.237542 0.237558 0.237571 0.237581 0.237589 0.237594 0.237599 0.237602 0.237605 0.237607 0.237608 0.237609 0.237609 0.23761 0.23761 0.23761 0.23761 0.237611 0.237611 0.237611 0.237611 0.237611 0.237611 0.237611 0.237611 0.237611 0.237611 0.237611 0.237611 0.237611 0.237611))))
((time 1990 4 12 14)
 (field (c1 (Theta 0.237141 0.237214 0.237278 0.237335 0.237385 0.237427 0.237463 0.237493 0.237518 0.237539 0.237555 0.237569 0.237579 0.237587 0.237593 0.237598 0.237602 0.237604 0.237606 0.237607 0.237608 0.237609 0.23761 0.23761 0.23761 0.23761 0.237611 0.237611 0.237611 0.237611 0.237611 0.237611 0.237611 0.237611 0.237611 0.237611 0.237611 0.237611 0.237611 0.237611))))
((time 1990 4 12 15)
 (field (c1 (Theta 0.237134 0.237207 0.237272 0.237329 0.237379 0.237422 0.237458 0.237489 0.237515 0.237536 0.237553 0.237566 0.237577 0.237585 0.237592 0.237597 0.237601 0.237604 0.237606 0.237607 0.237608 0.237609 0.23761 0.23761 0.23761 0.23761 0.23761 0.237611 0.237611 0.237611 0.237611 0.237611 0.237611 0.237611 0.237611 0.237611 0.237611 0.237611 0.237611 0.237611))))
((time 1990 4 12 16)
 (field (c1 (Theta 0.237128 0.237201 0.237266 0.237323 0.237373 0.237417 0.237454 0.237485 0.237511 0.237532 0.23755 0.237564 0.237575 0.237584 0.237591 0.237596 0.2376 0.237603 0.237605 0.237607 0.237608 0.237609 0.237609 0.23761 0.23761 0.23761 0.23761 0.237611 0.237611 0.237611 0.237611 0.237611 0.237611 0.237611 0.237611 0.237611 0.237611 0.237611 0.237611 0.237611))))
((time 1990 4 12 17)
 (field (c1 (Theta 0.237121 0.237194 0.237259 0.237317 0.237368 0.237411 0.237449 0.237481 0.237507 0.237529 0.237547 0.237561 0.237573 0.237582 0.237589 0.237595 0.237599 0.237602 0.237605 0.237606 0.237608 0.237609 0.237609 0.23761 0.23761 0.23761 0.23761 0.237611 0.237611 0.237611 0.237611 0.237611 0.237611 0.237611 0.237611 0.237611 0.237611 0.237611 0.237611 0.237611))))
((time 1990 4 12 18)
 (field (c1 (Theta 0.237115 0.237188 0.237253 0.237311 0.237362 0.237406 0.237444 0.237476 0.237503 0.237526 0.237544 0.237559 0.237571 0.237581 0.237588 0.237594 0.237598 0.237602 0.237604 0.237606 0.237607 0.237608 0.237609 0.23761 0.23761 0.23761 0.23761 0.23761 0.237611 0.237611 0.237611 0.237611 0.237611 0.237611 0.237611 0.237611 0.237611 0.237611 0.237611 0.237611))))
((time 1990 4 12 19)
 (field (c1 (Theta 0.237108 0.237182 0.237247 0.237305 0.237357 0.237401 0.23744 0.237472 0.2375 0.237522 0.237541 0.237557 0.237569 0.237579 0.237587 0.237593 0.237597 0.237601 0.237604 0.237606 0.237607 0.237608 0.237609 0.237609 0.23761 0.23761 0.23761 0.23761 0.237611 0.237611 0.237611 0.237611 0.237611 0.237611 0.237611 0.237611 0.237611 0.237611 0.237611 0.237611))))
((time 1990 4 12 20)
 (field (c1 (Theta 0.237102 0.237175 0.237241 0.2373 0.237351 0.237396 0.237435 0.237468 0.237496 0.237519 0.237538 0.237554 0.237567 0.237577 0.237585 0.237591 0.237596 0.2376 0.237603 0.237605 0.237607 0.237608 0.237609 0.237609 0.23761 0.23761 0.23761 0.23761 0.237611 0.237611 0.237611 0.237611 0.237611 0.237611 0.237611 0.237611 0.237611 0.237611 0.237611 0.237611))))
((time 1990 4 12 21)
 (field (c1 (Theta 0.237096 0.237169 0.237235 0.237294 0.237346 0.237391 0.23743 0.237464 0.237492 0.237516 0.237535 0.237552 0.237565 0.237575 0.237584 0.23759 0.237595 0.237599 0.237602 0.237605 0.237606 0.237608 0.237608 0.237609 0.23761 0.23761 0.23761 0.23761 0.23761 0.237611 0.237611 0.237611 0.237611 0.237611 0.237611 0.237611 0.237611 0.237611 0.237611 0.237611))))
((time 1990 4 12 22)
 (field (c1 (Theta 0.23709 0.237163 0.237229 0.237288 0.23734 0.237386 0.237426 0.237459 0.237488 0.237512 0.237533 0.237549 0.237563 0.237574 0.237582 0.237589 0.237594 0.237599 0.237602 0.237604 0.237606 0.237607 0.237608 0.237609 0.23761 0.23761 0.23761 0.23761 0.23761 0.237611 0.237611 0.237611 0.237611 0.237611 0.237611 0.237611 0.237611 0.237611 0.237611 0.237611))))
((time 1990 4 12 23)
 (field (c1 (Theta 0.237084 0.237157 0.237224 0.237283 0.237335 0.237381 0.237421 0.237455 0.237484 0.237509 0.23753 0.237547 0.23756 0.237572 0.237581 0.237588 0.237593 0.237598 0.237601 0.237604 0.237606 0.237607 0.237608 0.237609 0.237609 0.23761 0.23761 0.23761 0.23761 0.237611 0.237611 0.237611 0.237611 0.237611 0.237611 0.237611 0.237611 0.237611 0.237611 0.237611))))
((time 1990 4 13 0)
 (field (c1 (Theta 0.237078 0.237151 0.237218 0.237277 0.23733 0.237376 0.237416 0.237451 0.237481 0.237506 0.237527 0.237544 0.237558 0.23757 0.237579 0.237587 0.237592 0.237597 0.2376 0.237603 0.237605 0.237607 0.237608 0.237609 0.237609 0.23761 0.23761 0.23761 0.23761 0.23761 0.237611 0.237611 0.237611 0.237611 0.237611 0.237611 0.237611 0.237611 0.237611 0.237611))))
((time 1990 4 13 1)
 (field (c1 (Theta 0.237072 0.237145 0.237212 0.237272 0.237325 0.237371 0.237412 0.237447 0.237477 0.237502 0.237524 0.237541 0.237556 0.237568 0.237578 0.237585 0.237591 0.237596 0.2376 0.237603 0.237605 0.237606 0.237608 0.237608 0.237609 0.23761 0.23761 0.23761 0.23761 0.23761 0.237611 0.237611 0.237611 0.237611 0.237611 0.237611 0.237611 0.237611 0.237611 0.237611))))
