((time 1990 4 12 0)
 (field (c1 (crops (SpringBarley (Phenology (DS -1))
				 (Canopy (LAI 0))
				 (Prod (WLeaf 0.001)
				       (WStem 0)
				       (WRoot 0.001)
				       (WSOrg 0)
				       (WLDrd 0))
				 (CrpAux (CanopyAss 0)))))))
((time 1990 4 13 0)
 (field (c1 (crops (SpringBarley (Phenology (DS -0.962812))
				 (Canopy (LAI 0))
				 (Prod (WLeaf 0.001)
				       (WStem 0)
				       (WRoot 0.001)
				       (WSOrg 0)
				       (WLDrd 0))
				 (CrpAux (CanopyAss 0)))))))
((time 1990 4 14 0)
 (field (c1 (crops (SpringBarley (Phenology (DS -0.924677))
				 (Canopy (LAI 0))
				 (Prod (WLeaf 0.001)
				       (WStem 0)
				       (WRoot 0.001)
				       (WSOrg 0)
				       (WLDrd 0))
				 (CrpAux (CanopyAss 0)))))))
((time 1990 4 15 0)
 (field (c1 (crops (SpringBarley (Phenology (DS -0.885591))
				 (Canopy (LAI 0))
				 (Prod (WLeaf 0.001)
				       (WStem 0)
				       (WRoot 0.001)
				       (WSOrg 0)
				       (WLDrd 0))
				 (CrpAux (CanopyAss 0)))))))
((time 1990 4 16 0)
 (field (c1 (crops (SpringBarley (Phenology (DS -0.845551))
				 (Canopy (LAI 0))
				 (Prod (WLeaf 0.001)
				       (WStem 0)
				       (WRoot 0.001)
				       (WSOrg 0)
				       (WLDrd 0))
				 (CrpAux (CanopyAss 0)))))))
((time 1990 4 17 0)
 (field (c1 (crops (SpringBarley (Phenology (DS -0.804554))
				 (Canopy (LAI 0))
				 (Prod (WLeaf 0.001)
				       (WStem 0)
				       (WRoot 0.001)
				       (WSOrg 0)
				       (WLDrd 0))
				 (CrpAux (CanopyAss 0)))))))
((time 1990 4 18 0)
 (field (c1 (crops (SpringBarley (Phenology (DS -0.762596))
				 (Canopy (LAI 0))
				 (Prod (WLeaf 0.001)
				       (WStem 0)
				       (WRoot 0.001)
				       (WSOrg 0)
				       (WLDrd 0))
				 (CrpAux (CanopyAss 0)))))))
((time 1990 4 19 0)
 (field (c1 (crops (SpringBarley (Phenology (DS -0.719675))
				 (Canopy (LAI 0))
				 (Prod (WLeaf 0.001)
				       (WStem 0)
				       (WRoot 0.001)
				       (WSOrg 0)
				       (WLDrd 0))
				 (CrpAux (CanopyAss 0)))))))
((time 1990 4 20 0)
 (field (c1 (crops (SpringBarley (Phenology (DS -0.675788))
				 (Canopy (LAI 0))
				 (Prod (WLeaf 0.001)
				       (WStem 0)
				       (WRoot 0.001)
				       (WSOrg 0)
				       (WLDrd 0))
				 (CrpAux (CanopyAss 0)))))))
((time 1990 4 21 0)
 (field (c1 (crops (SpringBarley (Phenology (DS -0.630933))
				 (Canopy (LAI 0))
				 (Prod (WLeaf 0.001)
				       (WStem 0)
				       (WRoot 0.001)
				       (WSOrg 0)
				       (WLDrd 0))
				 (CrpAux (CanopyAss 0)))))))
((time 1990 4 22 0)
 (field (c1 (crops (SpringBarley (Phenology (DS -0.585108))
				 (Canopy (LAI 0))
				 (Prod (WLeaf 0.001)
				       (WStem 0)
				       (WRoot 0.001)
				       (WSOrg 0)
				       (WLDrd 0))
				 (CrpAux (CanopyAss 0)))))))
((time 1990 4 23 0)
 (field (c1 (crops (SpringBarley (Phenology (DS -0.538311))
				 (Canopy (LAI 0))
				 (Prod (WLeaf 0.001)
				       (WStem 0)
				       (WRoot 0.001)
				       (WSOrg 0)
				       (WLDrd 0))
				 (CrpAux (CanopyAss 0)))))))
((time 1990 4 24 0)
 (field (c1 (crops (SpringBarley (Phenology (DS -0.490541))
				 (Canopy (LAI 0))
				 (Prod (WLeaf 0.001)
				       (WStem 0)
				       (WRoot 0.001)
				       (WSOrg 0)
				       (WLDrd 0))
				 (CrpAux (CanopyAss 0)))))))
((time 1990 4 25 0)
 (field (c1 (crops (SpringBarley (Phenology (DS -0.441798))
				 (Canopy (LAI 0))
				 (Prod (WLeaf 0.001)
				       (WStem 0)
				       (WRoot 0.001)
				       (WSOrg 0)
				       (WLDrd 0))
				 (CrpAux (CanopyAss 0)))))))
((time 1990 4 26 0)
 (field (c1 (crops (SpringBarley (Phenology (DS -0.392079))
				 (Canopy (LAI 0))
				 (Prod (WLeaf 0.001)
				       (WStem 0)
				       (WRoot 0.001)
				       (WSOrg 0)
				       (WLDrd 0))
				 (CrpAux (CanopyAss 0)))))))
((time 1990 4 27 0)
 (field (c1 (crops (SpringBarley (Phenology (DS -0.341385))
				 (Canopy (LAI 0))
				 (Prod (WLeaf 0.001)
				       (WStem 0)
				       (WRoot 0.001)
				       (WSOrg 0)
				       (WLDrd 0))
				 (CrpAux (CanopyAss 0)))))))
((time 1990 4 28 0)
 (field (c1 (crops (SpringBarley (Phenology (DS -0.289716))
				 (Canopy (LAI 0))
				 (Prod (WLeaf 0.001)
				       (WStem 0)
				       (WRoot 0.001)
				       (WSOrg 0)
				       (WLDrd 0))
				 (CrpAux (CanopyAss 0)))))))
((time 1990 4 29 0)
 (field (c1 (crops (SpringBarley (Phenology (DS -0.237071))
				 (Canopy (LAI 0))
				 (Prod (WLeaf 0.001)
				       (WStem 0)
				       (WRoot 0.001)
				       (WSOrg 0)
				       (WLDrd 0))
				 (CrpAux (CanopyAss 0)))))))
((time 1990 4 30 0)
 (field (c1 (crops (SpringBarley (Phenology (DS -0.183452))
				 (Canopy (LAI 0))
				 (Prod (WLeaf 0.001)
				       (WStem 0)
				       (WRoot 0.001)
				       (WSOrg 0)
				       (WLDrd 0))
				 (CrpAux (CanopyAss 0)))))))
((time 1990 5 1 0)
 (field (c1 (crops (SpringBarley (Phenology (DS -0.128858))
				 (Canopy (LAI 0))
				 (Prod (WLeaf 0.001)
				       (WStem 0)
				       (WRoot 0.001)
				       (WSOrg 0)
				       (WLDrd 0))
				 (CrpAux (CanopyAss 0)))))))
((time 1990 5 2 0)
 (field (c1 (crops (SpringBarley (Phenology (DS -0.0732908))
				 (Canopy (LAI 0))
				 (Prod (WLeaf 0.001)
				       (WStem 0)
				       (WRoot 0.001)
				       (WSOrg 0)
				       (WLDrd 0))
				 (CrpAux (CanopyAss 0)))))))
((time 1990 5 3 0)
 (field (c1 (crops (SpringBarley (Phenology (DS -0.0167515))
				 (Canopy (LAI 0))
				 (Prod (WLeaf 0.001)
				       (WStem 0)
				       (WRoot 0.001)
				       (WSOrg 0)
				       (WLDrd 0))
				 (CrpAux (CanopyAss 0)))))))
((time 1990 5 4 0)
 (field (c1 (crops (SpringBarley (Phenology (DS 0.01))
				 (Canopy (LAI 0.0245853))
				 (Prod (WLeaf 0.001)
				       (WStem 0)
				       (WRoot 0.001)
				       (WSOrg 0)
				       (WLDrd 0))
				 (CrpAux (CanopyAss 0.000527482)))))))
((time 1990 5 5 0)
 (field (c1 (crops (SpringBarley (Phenology (DS 0.0246196))
				 (Canopy (LAI 0.0627201))
				 (Prod (WLeaf 0.00110011)
				       (WStem 2.30621e-05)
				       (WRoot 0.00122855)
				       (WSOrg 4.98733e-21)
				       (WLDrd 0))
				 (CrpAux (CanopyAss 0.00138239)))))))
((time 1990 5 6 0)
 (field (c1 (crops (SpringBarley (Phenology (DS 0.0394809))
				 (Canopy (LAI 0.104328))
				 (Prod (WLeaf 0.00136631)
				       (WStem 8.72313e-05)
				       (WRoot 0.00183392)
				       (WSOrg 7.13396e-20)
				       (WLDrd 0))
				 (CrpAux (CanopyAss 0.00235888)))))))
((time 1990 5 7 0)
 (field (c1 (crops (SpringBarley (Phenology (DS 0.0545832))
				 (Canopy (LAI 0.149763))
				 (Prod (WLeaf 0.00182127)
				       (WStem 0.000201938)
				       (WRoot 0.00286469)
				       (WSOrg 1.3944e-19)
				       (WLDrd 0))
				 (CrpAux (CanopyAss 0.00346883)))))))
((time 1990 5 8 0)
 (field (c1 (crops (SpringBarley (Phenology (DS 0.0699259))
				 (Canopy (LAI 0.199421))
				 (Prod (WLeaf 0.00248972)
				       (WStem 0.000378123)
				       (WRoot 0.00437353)
				       (WSOrg 2.72982e-19)
				       (WLDrd 0))
				 (CrpAux (CanopyAss 0.00472504)))))))
((time 1990 5 9 0)
 (field (c1 (crops (SpringBarley (Phenology (DS 0.07))
				 (Canopy (LAI 0.19967))
				 (Prod (WLeaf 0.00339963)
				       (WStem 0.000618)
				       (WRoot 0.00642735)
				       (WSOrg 2.72982e-19)
				       (WLDrd 0))
				 (CrpAux (CanopyAss 0.00486147)))))))
((time 1990 5 10 0)
 (field (c1 (crops (SpringBarley (Phenology (DS 0.07))
				 (Canopy (LAI 0.19967))
				 (Prod (WLeaf 0.0043321)
				       (WStem 0.000863827)
				       (WRoot 0.00853212)
				       (WSOrg 2.72982e-19)
				       (WLDrd 0))
				 (CrpAux (CanopyAss 0.00499169)))))))
((time 1990 5 11 0)
 (field (c1 (crops (SpringBarley (Phenology (DS 0.07))
				 (Canopy (LAI 0.19967))
				 (Prod (WLeaf 0.00528576)
				       (WStem 0.00111524)
				       (WRoot 0.0106847)
				       (WSOrg 2.72982e-19)
				       (WLDrd 0))
				 (CrpAux (CanopyAss 0.00512143)))))))
((time 1990 5 12 0)
 (field (c1 (crops (SpringBarley (Phenology (DS 0.07))
				 (Canopy (LAI 0.19967))
				 (Prod (WLeaf 0.00626035)
				       (WStem 0.00137217)
				       (WRoot 0.0128845)
				       (WSOrg 2.72982e-19)
				       (WLDrd 0))
				 (CrpAux (CanopyAss 0.00525064)))))))
((time 1990 5 13 0)
 (field (c1 (crops (SpringBarley (Phenology (DS 0.07))
				 (Canopy (LAI 0.19967))
				 (Prod (WLeaf 0.00725558)
				       (WStem 0.00163454)
				       (WRoot 0.015131)
				       (WSOrg 2.72982e-19)
				       (WLDrd 0))
				 (CrpAux (CanopyAss 0.0053793)))))))
((time 1990 5 14 0)
 (field (c1 (crops (SpringBarley (Phenology (DS 0.07))
				 (Canopy (LAI 0.19967))
				 (Prod (WLeaf 0.00827118)
				       (WStem 0.00190228)
				       (WRoot 0.0174234)
				       (WSOrg 2.72982e-19)
				       (WLDrd 0))
				 (CrpAux (CanopyAss 0.00545275)))))))
((time 1990 5 15 0)
 (field (c1 (crops (SpringBarley (Phenology (DS 0.07))
				 (Canopy (LAI 0.19967))
				 (Prod (WLeaf 0.00929622)
				       (WStem 0.00217251)
				       (WRoot 0.0197371)
				       (WSOrg 2.72982e-19)
				       (WLDrd 0))
				 (CrpAux (CanopyAss 0.00545275)))))))
((time 1990 5 16 0)
 (field (c1 (crops (SpringBarley (Phenology (DS 0.07))
				 (Canopy (LAI 0.19967))
				 (Prod (WLeaf 0.0103163)
				       (WStem 0.00244143)
				       (WRoot 0.0220395)
				       (WSOrg 2.72982e-19)
				       (WLDrd 0))
				 (CrpAux (CanopyAss 0.00545275)))))))
((time 1990 5 17 0)
 (field (c1 (crops (SpringBarley (Phenology (DS 0.0874641))
				 (Canopy (LAI 0.257907))
				 (Prod (WLeaf 0.0113299)
				       (WStem 0.00272214)
				       (WRoot 0.0243183)
				       (WSOrg 3.74373e-19)
				       (WLDrd 0))
				 (CrpAux (CanopyAss 0.00699801)))))))
((time 1990 5 18 0)
 (field (c1 (crops (SpringBarley (Phenology (DS 0.105158))
				 (Canopy (LAI 0.283249))
				 (Prod (WLeaf 0.0126366)
				       (WStem 0.00310198)
				       (WRoot 0.0272443)
				       (WSOrg 3.74373e-19)
				       (WLDrd 0))
				 (CrpAux (CanopyAss 0.00766391)))))))
((time 1990 5 19 0)
 (field (c1 (crops (SpringBarley (Phenology (DS 0.12308))
				 (Canopy (LAI 0.315915))
				 (Prod (WLeaf 0.0140633)
				       (WStem 0.00353706)
				       (WRoot 0.0304269)
				       (WSOrg 3.74373e-19)
				       (WLDrd 0))
				 (CrpAux (CanopyAss 0.00851643)))))))
((time 1990 5 20 0)
 (field (c1 (crops (SpringBarley (Phenology (DS 0.141229))
				 (Canopy (LAI 0.351583))
				 (Prod (WLeaf 0.0156446)
				       (WStem 0.00404264)
				       (WRoot 0.0339416)
				       (WSOrg 4.53887e-19)
				       (WLDrd 0))
				 (CrpAux (CanopyAss 0.00943966)))))))
((time 1990 5 21 0)
 (field (c1 (crops (SpringBarley (Phenology (DS 0.159603))
				 (Canopy (LAI 0.391115))
				 (Prod (WLeaf 0.0173922)
				       (WStem 0.00462815)
				       (WRoot 0.0378122)
				       (WSOrg 7.18123e-19)
				       (WLDrd 0))
				 (CrpAux (CanopyAss 0.0104536)))))))
((time 1990 5 22 0)
 (field (c1 (crops (SpringBarley (Phenology (DS 0.178201))
				 (Canopy (LAI 0.434805))
				 (Prod (WLeaf 0.0193213)
				       (WStem 0.00530508)
				       (WRoot 0.0420706)
				       (WSOrg 1.01055e-18)
				       (WLDrd 0))
				 (CrpAux (CanopyAss 0.0115627)))))))
((time 1990 5 23 0)
 (field (c1 (crops (SpringBarley (Phenology (DS 0.197021))
				 (Canopy (LAI 0.483033))
				 (Prod (WLeaf 0.0214476)
				       (WStem 0.00608621)
				       (WRoot 0.0467495)
				       (WSOrg 1.1183e-18)
				       (WLDrd 0))
				 (CrpAux (CanopyAss 0.0127728)))))))
((time 1990 5 24 0)
 (field (c1 (crops (SpringBarley (Phenology (DS 0.216061))
				 (Canopy (LAI 0.536191))
				 (Prod (WLeaf 0.0237876)
				       (WStem 0.00698577)
				       (WRoot 0.051883)
				       (WSOrg 1.1183e-18)
				       (WLDrd 0))
				 (CrpAux (CanopyAss 0.0140893)))))))
((time 1990 5 25 0)
 (field (c1 (crops (SpringBarley (Phenology (DS 0.235319))
				 (Canopy (LAI 0.59469))
				 (Prod (WLeaf 0.0263581)
				       (WStem 0.0080195)
				       (WRoot 0.0575064)
				       (WSOrg 1.24941e-18)
				       (WLDrd 0))
				 (CrpAux (CanopyAss 0.015517)))))))
((time 1990 5 26 0)
 (field (c1 (crops (SpringBarley (Phenology (DS 0.254794))
				 (Canopy (LAI 0.658953))
				 (Prod (WLeaf 0.0291746)
				       (WStem 0.00920657)
				       (WRoot 0.0636559)
				       (WSOrg 1.24941e-18)
				       (WLDrd 0))
				 (CrpAux (CanopyAss 0.0170596)))))))
((time 1990 5 27 0)
 (field (c1 (crops (SpringBarley (Phenology (DS 0.274483))
				 (Canopy (LAI 0.729366))
				 (Prod (WLeaf 0.0322477)
				       (WStem 0.0105726)
				       (WRoot 0.0703679)
				       (WSOrg 1.24941e-18)
				       (WLDrd 0))
				 (CrpAux (CanopyAss 0.0187186)))))))
((time 1990 5 28 0)
 (field (c1 (crops (SpringBarley (Phenology (DS 0.294384))
				 (Canopy (LAI 0.806192))
				 (Prod (WLeaf 0.0355924)
				       (WStem 0.01214)
				       (WRoot 0.0776784)
				       (WSOrg 1.24941e-18)
				       (WLDrd 0))
				 (CrpAux (CanopyAss 0.0204912)))))))
((time 1990 5 29 0)
 (field (c1 (crops (SpringBarley (Phenology (DS 0.314496))
				 (Canopy (LAI 0.88981))
				 (Prod (WLeaf 0.0392224)
				       (WStem 0.0139325)
				       (WRoot 0.0856208)
				       (WSOrg 1.24941e-18)
				       (WLDrd 0))
				 (CrpAux (CanopyAss 0.0223758)))))))
((time 1990 5 30 0)
 (field (c1 (crops (SpringBarley (Phenology (DS 0.334816))
				 (Canopy (LAI 0.98056))
				 (Prod (WLeaf 0.0431501)
				       (WStem 0.0159756)
				       (WRoot 0.0942267)
				       (WSOrg 2.07879e-18)
				       (WLDrd 0))
				 (CrpAux (CanopyAss 0.0243682)))))))
((time 1990 5 31 0)
 (field (c1 (crops (SpringBarley (Phenology (DS 0.355342))
				 (Canopy (LAI 1.07875))
				 (Prod (WLeaf 0.047386)
				       (WStem 0.018296)
				       (WRoot 0.103525)
				       (WSOrg 2.52993e-18)
				       (WLDrd 0))
				 (CrpAux (CanopyAss 0.0264616)))))))
((time 1990 6 1 0)
 (field (c1 (crops (SpringBarley (Phenology (DS 0.376071))
				 (Canopy (LAI 1.18465))
				 (Prod (WLeaf 0.0519384)
				       (WStem 0.0209215)
				       (WRoot 0.11354)
				       (WSOrg 2.52993e-18)
				       (WLDrd 0))
				 (CrpAux (CanopyAss 0.0286466)))))))
((time 1990 6 2 0)
 (field (c1 (crops (SpringBarley (Phenology (DS 0.397002))
				 (Canopy (LAI 1.29846))
				 (Prod (WLeaf 0.0568127)
				       (WStem 0.0238808)
				       (WRoot 0.124291)
				       (WSOrg 3.05906e-18)
				       (WLDrd 0))
				 (CrpAux (CanopyAss 0.0361347)))))))
((time 1990 6 3 0)
 (field (c1 (crops (SpringBarley (Phenology (DS 0.418131))
				 (Canopy (LAI 1.42032))
				 (Prod (WLeaf 0.0629365)
				       (WStem 0.0277939)
				       (WRoot 0.137841)
				       (WSOrg 3.05906e-18)
				       (WLDrd 0))
				 (CrpAux (CanopyAss 0.0388814)))))))
((time 1990 6 4 0)
 (field (c1 (crops (SpringBarley (Phenology (DS 0.439457))
				 (Canopy (LAI 1.57341))
				 (Prod (WLeaf 0.0694415)
				       (WStem 0.0321688)
				       (WRoot 0.152286)
				       (WSOrg 3.05906e-18)
				       (WLDrd 0))
				 (CrpAux (CanopyAss 0.0421718)))))))
((time 1990 6 5 0)
 (field (c1 (crops (SpringBarley (Phenology (DS 0.460977))
				 (Canopy (LAI 1.73604))
				 (Prod (WLeaf 0.0764058)
				       (WStem 0.0370982)
				       (WRoot 0.167814)
				       (WSOrg 3.8404e-18)
				       (WLDrd 0))
				 (CrpAux (CanopyAss 0.0454739)))))))
((time 1990 6 6 0)
 (field (c1 (crops (SpringBarley (Phenology (DS 0.482688))
				 (Canopy (LAI 1.91015))
				 (Prod (WLeaf 0.083812)
				       (WStem 0.0426156)
				       (WRoot 0.184405)
				       (WSOrg 3.8404e-18)
				       (WLDrd 0))
				 (CrpAux (CanopyAss 0.0487926)))))))
((time 1990 6 7 0)
 (field (c1 (crops (SpringBarley (Phenology (DS 0.504588))
				 (Canopy (LAI 2.0953))
				 (Prod (WLeaf 0.0916426)
				       (WStem 0.048756)
				       (WRoot 0.202038)
				       (WSOrg 3.8404e-18)
				       (WLDrd 0))
				 (CrpAux (CanopyAss 0.052083)))))))
((time 1990 6 8 0)
 (field (c1 (crops (SpringBarley (Phenology (DS 0.526674))
				 (Canopy (LAI 2.29106))
				 (Prod (WLeaf 0.100395)
				       (WStem 0.0559707)
				       (WRoot 0.219705)
				       (WSOrg 3.8404e-18)
				       (WLDrd 0))
				 (CrpAux (CanopyAss 0.0553038)))))))
((time 1990 6 9 0)
 (field (c1 (crops (SpringBarley (Phenology (DS 0.548944))
				 (Canopy (LAI 2.50986))
				 (Prod (WLeaf 0.110253)
				       (WStem 0.0645121)
				       (WRoot 0.236892)
				       (WSOrg 3.8404e-18)
				       (WLDrd 0))
				 (CrpAux (CanopyAss 0.0586038)))))))
((time 1990 6 10 0)
 (field (c1 (crops (SpringBarley (Phenology (DS 0.571393))
				 (Canopy (LAI 2.75634))
				 (Prod (WLeaf 0.121262)
				       (WStem 0.0745383)
				       (WRoot 0.253431)
				       (WSOrg 3.8404e-18)
				       (WLDrd 0))
				 (CrpAux (CanopyAss 0.0619646)))))))
((time 1990 6 11 0)
 (field (c1 (crops (SpringBarley (Phenology (DS 0.594021))
				 (Canopy (LAI 3.03154))
				 (Prod (WLeaf 0.133453)
				       (WStem 0.0862147)
				       (WRoot 0.269142)
				       (WSOrg 3.8404e-18)
				       (WLDrd 0))
				 (CrpAux (CanopyAss 0.0653037)))))))
((time 1990 6 12 0)
 (field (c1 (crops (SpringBarley (Phenology (DS 0.616823))
				 (Canopy (LAI 3.33632))
				 (Prod (WLeaf 0.145803)
				       (WStem 0.100455)
				       (WRoot 0.28382)
				       (WSOrg 3.8404e-18)
				       (WLDrd 0.000255962))
				 (CrpAux (CanopyAss 0.0685395)))))))
((time 1990 6 13 0)
 (field (c1 (crops (SpringBarley (Phenology (DS 0.639797))
				 (Canopy (LAI 3.64508))
				 (Prod (WLeaf 0.157644)
				       (WStem 0.11789)
				       (WRoot 0.297246)
				       (WSOrg 3.8404e-18)
				       (WLDrd 0.000922495))
				 (CrpAux (CanopyAss 0.0713754)))))))
((time 1990 6 14 0)
 (field (c1 (crops (SpringBarley (Phenology (DS 0.66294))
				 (Canopy (LAI 3.94109))
				 (Prod (WLeaf 0.168555)
				       (WStem 0.138844)
				       (WRoot 0.30916)
				       (WSOrg 3.8404e-18)
				       (WLDrd 0.00207061))
				 (CrpAux (CanopyAss 0.0737261)))))))
((time 1990 6 15 0)
 (field (c1 (crops (SpringBarley (Phenology (DS 0.686248))
				 (Canopy (LAI 4.21386))
				 (Prod (WLeaf 0.178097)
				       (WStem 0.163587)
				       (WRoot 0.319325)
				       (WSOrg 3.8404e-18)
				       (WLDrd 0.00376485))
				 (CrpAux (CanopyAss 0.0756121)))))))
((time 1990 6 16 0)
 (field (c1 (crops (SpringBarley (Phenology (DS 0.709719))
				 (Canopy (LAI 4.45244))
				 (Prod (WLeaf 0.185851)
				       (WStem 0.192359)
				       (WRoot 0.32755)
				       (WSOrg 3.8404e-18)
				       (WLDrd 0.00605805))
				 (CrpAux (CanopyAss 0.0770674)))))))
((time 1990 6 17 0)
 (field (c1 (crops (SpringBarley (Phenology (DS 0.73335))
				 (Canopy (LAI 4.64628))
				 (Prod (WLeaf 0.191401)
				       (WStem 0.224604)
				       (WRoot 0.334512)
				       (WSOrg 3.8404e-18)
				       (WLDrd 0.00898626))
				 (CrpAux (CanopyAss 0.0781306)))))))
((time 1990 6 18 0)
 (field (c1 (crops (SpringBarley (Phenology (DS 0.757137))
				 (Canopy (LAI 4.78502))
				 (Prod (WLeaf 0.194505)
				       (WStem 0.25976)
				       (WRoot 0.340775)
				       (WSOrg 3.8404e-18)
				       (WLDrd 0.0125633))
				 (CrpAux (CanopyAss 0.078832)))))))
((time 1990 6 19 0)
 (field (c1 (crops (SpringBarley (Phenology (DS 0.781076))
				 (Canopy (LAI 4.86262))
				 (Prod (WLeaf 0.195025)
				       (WStem 0.29779)
				       (WRoot 0.346293)
				       (WSOrg 3.8404e-18)
				       (WLDrd 0.0167792))
				 (CrpAux (CanopyAss 0.079204)))))))
((time 1990 6 20 0)
 (field (c1 (crops (SpringBarley (Phenology (DS 0.805166))
				 (Canopy (LAI 4.87563))
				 (Prod (WLeaf 0.192877)
				       (WStem 0.338644)
				       (WRoot 0.351031)
				       (WSOrg 3.8404e-18)
				       (WLDrd 0.0215986))
				 (CrpAux (CanopyAss 0.0792651)))))))
((time 1990 6 21 0)
 (field (c1 (crops (SpringBarley (Phenology (DS 0.829402))
				 (Canopy (LAI 4.82192))
				 (Prod (WLeaf 0.188024)
				       (WStem 0.38225)
				       (WRoot 0.354966)
				       (WSOrg 9.47648e-18)
				       (WLDrd 0.0269604))
				 (CrpAux (CanopyAss 0.0790107)))))))
((time 1990 6 22 0)
 (field (c1 (crops (SpringBarley (Phenology (DS 0.853781))
				 (Canopy (LAI 4.70059))
				 (Prod (WLeaf 0.182576)
				       (WStem 0.42647)
				       (WRoot 0.358087)
				       (WSOrg 9.47648e-18)
				       (WLDrd 0.0327768))
				 (CrpAux (CanopyAss 0.0784109)))))))
((time 1990 6 23 0)
 (field (c1 (crops (SpringBarley (Phenology (DS 0.8783))
				 (Canopy (LAI 4.56439))
				 (Prod (WLeaf 0.176623)
				       (WStem 0.47104)
				       (WRoot 0.360386)
				       (WSOrg 9.47648e-18)
				       (WLDrd 0.0390058))
				 (CrpAux (CanopyAss 0.0776937)))))))
((time 1990 6 24 0)
 (field (c1 (crops (SpringBarley (Phenology (DS 0.902954))
				 (Canopy (LAI 4.41556))
				 (Prod (WLeaf 0.170208)
				       (WStem 0.515881)
				       (WRoot 0.361876)
				       (WSOrg 9.47648e-18)
				       (WLDrd 0.045602))
				 (CrpAux (CanopyAss 0.0768534)))))))
((time 1990 6 25 0)
 (field (c1 (crops (SpringBarley (Phenology (DS 0.927742))
				 (Canopy (LAI 4.25521))
				 (Prod (WLeaf 0.163381)
				       (WStem 0.560907)
				       (WRoot 0.362571)
				       (WSOrg 9.47648e-18)
				       (WLDrd 0.0525158))
				 (CrpAux (CanopyAss 0.0758766)))))))
((time 1990 6 26 0)
 (field (c1 (crops (SpringBarley (Phenology (DS 0.952658))
				 (Canopy (LAI 4.08452))
				 (Prod (WLeaf 0.156203)
				       (WStem 0.605468)
				       (WRoot 0.362571)
				       (WSOrg 0.000488177)
				       (WLDrd 0.0596939))
				 (CrpAux (CanopyAss 0.0747491)))))))
((time 1990 6 27 0)
 (field (c1 (crops (SpringBarley (Phenology (DS 0.9777))
				 (Canopy (LAI 3.90506))
				 (Prod (WLeaf 0.148815)
				       (WStem 0.644937)
				       (WRoot 0.362571)
				       (WSOrg 0.00547984)
				       (WLDrd 0.067081))
				 (CrpAux (CanopyAss 0.0734577)))))))
((time 1990 6 28 0)
 (field (c1 (crops (SpringBarley (Phenology (DS 1.00286))
				 (Canopy (LAI 3.72039))
				 (Prod (WLeaf 0.141272)
				       (WStem 0.679374)
				       (WRoot 0.362571)
				       (WSOrg 0.0148013)
				       (WLDrd 0.0746242))
				 (CrpAux (CanopyAss 0.0718569)))))))
((time 1990 6 29 0)
 (field (c1 (crops (SpringBarley (Phenology (DS 1.02309))
				 (Canopy (LAI 3.53181))
				 (Prod (WLeaf 0.133717)
				       (WStem 0.709621)
				       (WRoot 0.362571)
				       (WSOrg 0.027346)
				       (WLDrd 0.0821798))
				 (CrpAux (CanopyAss 0.0701617)))))))
((time 1990 6 30 0)
 (field (c1 (crops (SpringBarley (Phenology (DS 1.04341))
				 (Canopy (LAI 3.34292))
				 (Prod (WLeaf 0.126188)
				       (WStem 0.735806)
				       (WRoot 0.362571)
				       (WSOrg 0.0429171)
				       (WLDrd 0.0897088))
				 (CrpAux (CanopyAss 0.0683187)))))))
((time 1990 7 1 0)
 (field (c1 (crops (SpringBarley (Phenology (DS 1.06381))
				 (Canopy (LAI 3.15469))
				 (Prod (WLeaf 0.118723)
				       (WStem 0.75805)
				       (WRoot 0.362571)
				       (WSOrg 0.0612846)
				       (WLDrd 0.0971732))
				 (CrpAux (CanopyAss 0.0663199)))))))
((time 1990 7 2 0)
 (field (c1 (crops (SpringBarley (Phenology (DS 1.0843))
				 (Canopy (LAI 2.96808))
				 (Prod (WLeaf 0.111359)
				       (WStem 0.776497)
				       (WRoot 0.362571)
				       (WSOrg 0.0821902)
				       (WLDrd 0.104537))
				 (CrpAux (CanopyAss 0.0591501)))))))
((time 1990 7 3 0)
 (field (c1 (crops (SpringBarley (Phenology (DS 1.10488))
				 (Canopy (LAI 2.78398))
				 (Prod (WLeaf 0.10413)
				       (WStem 0.789979)
				       (WRoot 0.362571)
				       (WSOrg 0.103258)
				       (WLDrd 0.111767))
				 (CrpAux (CanopyAss 0.0571009)))))))
((time 1990 7 4 0)
 (field (c1 (crops (SpringBarley (Phenology (DS 1.12553))
				 (Canopy (LAI 2.60324))
				 (Prod (WLeaf 0.0970656)
				       (WStem 0.800352)
				       (WRoot 0.362571)
				       (WSOrg 0.126119)
				       (WLDrd 0.118831))
				 (CrpAux (CanopyAss 0.0549154)))))))
((time 1990 7 5 0)
 (field (c1 (crops (SpringBarley (Phenology (DS 1.14626))
				 (Canopy (LAI 2.42664))
				 (Prod (WLeaf 0.0901956)
				       (WStem 0.807809)
				       (WRoot 0.362571)
				       (WSOrg 0.150475)
				       (WLDrd 0.125701))
				 (CrpAux (CanopyAss 0.0526209)))))))
((time 1990 7 6 0)
 (field (c1 (crops (SpringBarley (Phenology (DS 1.16707))
				 (Canopy (LAI 2.25489))
				 (Prod (WLeaf 0.0835453)
				       (WStem 0.812573)
				       (WRoot 0.362571)
				       (WSOrg 0.17602)
				       (WLDrd 0.132351))
				 (CrpAux (CanopyAss 0.0501949)))))))
((time 1990 7 7 0)
 (field (c1 (crops (SpringBarley (Phenology (DS 1.18794))
				 (Canopy (LAI 2.08863))
				 (Prod (WLeaf 0.077137)
				       (WStem 0.81488)
				       (WRoot 0.362571)
				       (WSOrg 0.202412)
				       (WLDrd 0.138759))
				 (CrpAux (CanopyAss 0.0476965)))))))
((time 1990 7 8 0)
 (field (c1 (crops (SpringBarley (Phenology (DS 1.20888))
				 (Canopy (LAI 1.92843))
				 (Prod (WLeaf 0.0710795)
				       (WStem 0.81499)
				       (WRoot 0.362571)
				       (WSOrg 0.22933)
				       (WLDrd 0.144817))
				 (CrpAux (CanopyAss 0.0450964)))))))
((time 1990 7 9 0)
 (field (c1 (crops (SpringBarley (Phenology (DS 1.22989))
				 (Canopy (LAI 1.77699))
				 (Prod (WLeaf 0.0654807)
				       (WStem 0.81499)
				       (WRoot 0.362571)
				       (WSOrg 0.254492)
				       (WLDrd 0.150416))
				 (CrpAux (CanopyAss 0.0425063)))))))
((time 1990 7 10 0)
 (field (c1 (crops (SpringBarley (Phenology (DS 1.25095))
				 (Canopy (LAI 1.63702))
				 (Prod (WLeaf 0.0603079)
				       (WStem 0.81499)
				       (WRoot 0.362571)
				       (WSOrg 0.277791)
				       (WLDrd 0.155589))
				 (CrpAux (CanopyAss 0.0399459)))))))
((time 1990 7 11 0)
 (field (c1 (crops (SpringBarley (Phenology (DS 1.27208))
				 (Canopy (LAI 1.5077))
				 (Prod (WLeaf 0.0555307)
				       (WStem 0.81499)
				       (WRoot 0.362571)
				       (WSOrg 0.29925)
				       (WLDrd 0.160366))
				 (CrpAux (CanopyAss 0.0374688)))))))
((time 1990 7 12 0)
 (field (c1 (crops (SpringBarley (Phenology (DS 1.29325))
				 (Canopy (LAI 1.38827))
				 (Prod (WLeaf 0.0511206)
				       (WStem 0.81499)
				       (WRoot 0.362571)
				       (WSOrg 0.318931)
				       (WLDrd 0.164776))
				 (CrpAux (CanopyAss 0.0350735)))))))
((time 1990 7 13 0)
 (field (c1 (crops (SpringBarley (Phenology (DS 1.31448))
				 (Canopy (LAI 1.27802))
				 (Prod (WLeaf 0.047051)
				       (WStem 0.81499)
				       (WRoot 0.362571)
				       (WSOrg 0.336895)
				       (WLDrd 0.168845))
				 (CrpAux (CanopyAss 0.0327626)))))))
((time 1990 7 14 0)
 (field (c1 (crops (SpringBarley (Phenology (DS 1.33576))
				 (Canopy (LAI 1.17627))
				 (Prod (WLeaf 0.0432969)
				       (WStem 0.81499)
				       (WRoot 0.362571)
				       (WSOrg 0.353205)
				       (WLDrd 0.1726))
				 (CrpAux (CanopyAss 0.0305477)))))))
((time 1990 7 15 0)
 (field (c1 (crops (SpringBarley (Phenology (DS 1.35708))
				 (Canopy (LAI 1.08242))
				 (Prod (WLeaf 0.0398351)
				       (WStem 0.81499)
				       (WRoot 0.362571)
				       (WSOrg 0.36793)
				       (WLDrd 0.176061))
				 (CrpAux (CanopyAss 0.0284406)))))))
((time 1990 7 16 0)
 (field (c1 (crops (SpringBarley (Phenology (DS 1.37844))
				 (Canopy (LAI 0.995876))
				 (Prod (WLeaf 0.0366439)
				       (WStem 0.81499)
				       (WRoot 0.362571)
				       (WSOrg 0.38115)
				       (WLDrd 0.179253))
				 (CrpAux (CanopyAss 0.0264354)))))))
((time 1990 7 17 0)
 (field (c1 (crops (SpringBarley (Phenology (DS 1.39985))
				 (Canopy (LAI 0.916096))
				 (Prod (WLeaf 0.0337031)
				       (WStem 0.81499)
				       (WRoot 0.362571)
				       (WSOrg 0.39294)
				       (WLDrd 0.182193))
				 (CrpAux (CanopyAss 0.0245351)))))))
((time 1990 7 18 0)
 (field (c1 (crops (SpringBarley (Phenology (DS 1.42128))
				 (Canopy (LAI 0.842577))
				 (Prod (WLeaf 0.0309939)
				       (WStem 0.81499)
				       (WRoot 0.362571)
				       (WSOrg 0.403377)
				       (WLDrd 0.184903))
				 (CrpAux (CanopyAss 0.022742)))))))
((time 1990 7 19 0)
 (field (c1 (crops (SpringBarley (Phenology (DS 1.44275))
				 (Canopy (LAI 0.774847))
				 (Prod (WLeaf 0.0284988)
				       (WStem 0.81499)
				       (WRoot 0.362571)
				       (WSOrg 0.412539)
				       (WLDrd 0.187398))
				 (CrpAux (CanopyAss 0.0210543)))))))
((time 1990 7 20 0)
 (field (c1 (crops (SpringBarley (Phenology (DS 1.46424))
				 (Canopy (LAI 0.712471))
				 (Prod (WLeaf 0.0262016)
				       (WStem 0.81499)
				       (WRoot 0.362571)
				       (WSOrg 0.420504)
				       (WLDrd 0.189695))
				 (CrpAux (CanopyAss 0.0194707)))))))
((time 1990 7 21 0)
 (field (c1 (crops (SpringBarley (Phenology (DS 1.48576))
				 (Canopy (LAI 0.655041))
				 (Prod (WLeaf 0.0240872)
				       (WStem 0.81499)
				       (WRoot 0.362571)
				       (WSOrg 0.427347)
				       (WLDrd 0.191809))
				 (CrpAux (CanopyAss 0.0180653)))))))
((time 1990 7 22 0)
 (field (c1 (crops (SpringBarley (Phenology (DS 1.5073))
				 (Canopy (LAI 0.602179))
				 (Prod (WLeaf 0.0221414)
				       (WStem 0.81499)
				       (WRoot 0.362571)
				       (WSOrg 0.433198)
				       (WLDrd 0.193755))
				 (CrpAux (CanopyAss 0.0167584)))))))
((time 1990 7 23 0)
 (field (c1 (crops (SpringBarley (Phenology (DS 1.52886))
				 (Canopy (LAI 0.553534))
				 (Prod (WLeaf 0.0203513)
				       (WStem 0.81499)
				       (WRoot 0.362571)
				       (WSOrg 0.438127)
				       (WLDrd 0.195545))
				 (CrpAux (CanopyAss 0.0155332)))))))
((time 1990 7 24 0)
 (field (c1 (crops (SpringBarley (Phenology (DS 1.55044))
				 (Canopy (LAI 0.508782))
				 (Prod (WLeaf 0.0187048)
				       (WStem 0.81499)
				       (WRoot 0.362571)
				       (WSOrg 0.442195)
				       (WLDrd 0.197192))
				 (CrpAux (CanopyAss 0.0143865)))))))
((time 1990 7 25 0)
 (field (c1 (crops (SpringBarley (Phenology (DS 1.57202))
				 (Canopy (LAI 0.467619))
				 (Prod (WLeaf 0.0171907)
				       (WStem 0.81499)
				       (WRoot 0.362571)
				       (WSOrg 0.445459)
				       (WLDrd 0.198706))
				 (CrpAux (CanopyAss 0.0133145)))))))
((time 1990 7 26 0)
 (field (c1 (crops (SpringBarley (Phenology (DS 1.59362))
				 (Canopy (LAI 0.429767))
				 (Prod (WLeaf 0.0157986)
				       (WStem 0.81499)
				       (WRoot 0.362571)
				       (WSOrg 0.447975)
				       (WLDrd 0.200098))
				 (CrpAux (CanopyAss 0.012314)))))))
((time 1990 7 27 0)
 (field (c1 (crops (SpringBarley (Phenology (DS 1.61522))
				 (Canopy (LAI 0.394966))
				 (Prod (WLeaf 0.014519)
				       (WStem 0.81499)
				       (WRoot 0.362571)
				       (WSOrg 0.449795)
				       (WLDrd 0.201377))
				 (CrpAux (CanopyAss 0.0113819)))))))
((time 1990 7 28 0)
 (field (c1 (crops (SpringBarley (Phenology (DS 1.63682))
				 (Canopy (LAI 0.362976))
				 (Prod (WLeaf 0.013343)
				       (WStem 0.81499)
				       (WRoot 0.362571)
				       (WSOrg 0.450969)
				       (WLDrd 0.202553))
				 (CrpAux (CanopyAss 0.0105148)))))))
((time 1990 7 29 0)
 (field (c1 (crops (SpringBarley (Phenology (DS 1.65841))
				 (Canopy (LAI 0.333575))
				 (Prod (WLeaf 0.0122623)
				       (WStem 0.81499)
				       (WRoot 0.362571)
				       (WSOrg 0.451546)
				       (WLDrd 0.203634))
				 (CrpAux (CanopyAss 0.00970948)))))))
((time 1990 7 30 0)
 (field (c1 (crops (SpringBarley (Phenology (DS 1.68001))
				 (Canopy (LAI 0.306558))
				 (Prod (WLeaf 0.0112694)
				       (WStem 0.81499)
				       (WRoot 0.362571)
				       (WSOrg 0.45157)
				       (WLDrd 0.204627))
				 (CrpAux (CanopyAss 0.00896259)))))))
((time 1990 7 31 0)
 (field (c1 (crops (SpringBarley (Phenology (DS 1.70159))
				 (Canopy (LAI 0.281735))
				 (Prod (WLeaf 0.0103573)
				       (WStem 0.81499)
				       (WRoot 0.363298)
				       (WSOrg 0.45157)
				       (WLDrd 0.205539))
				 (CrpAux (CanopyAss 0.00827012)))))))
((time 1990 8 1 0)
 (field (c1 (crops (SpringBarley (Phenology (DS 1.72316))
				 (Canopy (LAI 0.258931))
				 (Prod (WLeaf 0.00951941)
				       (WStem 0.81499)
				       (WRoot 0.363341)
				       (WSOrg 0.45157)
				       (WLDrd 0.206377))
				 (CrpAux (CanopyAss 0.00762871)))))))
((time 1990 8 2 0)
 (field (c1 (crops (SpringBarley (Phenology (DS 1.74472))
				 (Canopy (LAI 0.237985))
				 (Prod (WLeaf 0.00874989)
				       (WStem 0.81499)
				       (WRoot 0.362762)
				       (WSOrg 0.45157)
				       (WLDrd 0.207147))
				 (CrpAux (CanopyAss 0.00577693)))))))
((time 1990 8 3 0)
 (field (c1 (crops (SpringBarley (Phenology (DS 1.76626))
				 (Canopy (LAI 0.218747))
				 (Prod (WLeaf 0.0080432)
				       (WStem 0.81499)
				       (WRoot 0.36036)
				       (WSOrg 0.45157)
				       (WLDrd 0.207853))
				 (CrpAux (CanopyAss 0.00532662)))))))
((time 1990 8 4 0)
 (field (c1 (crops (SpringBarley (Phenology (DS 1.78777))
				 (Canopy (LAI 0.20108))
				 (Prod (WLeaf 0.00739424)
				       (WStem 0.81499)
				       (WRoot 0.357566)
				       (WSOrg 0.45157)
				       (WLDrd 0.208502))
				 (CrpAux (CanopyAss 0.00491047)))))))
((time 1990 8 5 0)
 (field (c1 (crops (SpringBarley (Phenology (DS 1.80926))
				 (Canopy (LAI 0.184856))
				 (Prod (WLeaf 0.00679835)
				       (WStem 0.81499)
				       (WRoot 0.354772)
				       (WSOrg 0.45157)
				       (WLDrd 0.209098))
				 (CrpAux (CanopyAss 0.00452612)))))))
((time 1990 8 6 0)
 (field (c1 (crops (SpringBarley (Phenology (DS 1.83072))
				 (Canopy (LAI 0.169959))
				 (Prod (WLeaf 0.00625122)
				       (WStem 0.81499)
				       (WRoot 0.352004)
				       (WSOrg 0.45157)
				       (WLDrd 0.209645))
				 (CrpAux (CanopyAss 0.00417136)))))))
((time 1990 8 7 0)
 (field (c1 (crops (SpringBarley (Phenology (DS 1.85215))
				 (Canopy (LAI 0.156281))
				 (Prod (WLeaf 0.00574887)
				       (WStem 0.81499)
				       (WRoot 0.349262)
				       (WSOrg 0.45157)
				       (WLDrd 0.210148))
				 (CrpAux (CanopyAss 0.0038441)))))))
((time 1990 8 8 0)
 (field (c1 (crops (SpringBarley (Phenology (DS 1.87355))
				 (Canopy (LAI 0.143722))
				 (Prod (WLeaf 0.00528766)
				       (WStem 0.81499)
				       (WRoot 0.346546)
				       (WSOrg 0.45157)
				       (WLDrd 0.210609))
				 (CrpAux (CanopyAss 0.00354242)))))))
((time 1990 8 9 0)
 (field (c1 (crops (SpringBarley (Phenology (DS 1.8949))
				 (Canopy (LAI 0.132191))
				 (Prod (WLeaf 0.00486421)
				       (WStem 0.81499)
				       (WRoot 0.343857)
				       (WSOrg 0.45157)
				       (WLDrd 0.211032))
				 (CrpAux (CanopyAss 0.00326431)))))))
((time 1990 8 10 0)
 (field (c1 (crops (SpringBarley (Phenology (DS 1.91622))
				 (Canopy (LAI 0.121605))
				 (Prod (WLeaf 0.00447544)
				       (WStem 0.81499)
				       (WRoot 0.341195)
				       (WSOrg 0.45157)
				       (WLDrd 0.211421))
				 (CrpAux (CanopyAss 0.00300804)))))))
((time 1990 8 11 0)
 (field (c1 (crops (SpringBarley (Phenology (DS 1.93748))
				 (Canopy (LAI 0.111886))
				 (Prod (WLeaf 0.0041185)
				       (WStem 0.81499)
				       (WRoot 0.338559)
				       (WSOrg 0.45157)
				       (WLDrd 0.211778))
				 (CrpAux (CanopyAss 0.00277195)))))))
((time 1990 8 12 0)
 (field (c1 (crops (SpringBarley (Phenology (DS 1.9587))
				 (Canopy (LAI 0.102962))
				 (Prod (WLeaf 0.00379078)
				       (WStem 0.81499)
				       (WRoot 0.33595)
				       (WSOrg 0.45157)
				       (WLDrd 0.212106))
				 (CrpAux (CanopyAss 0.00255454)))))))
((time 1990 8 13 0)
 (field (c1 (crops (SpringBarley (Phenology (DS 1.97987))
				 (Canopy (LAI 0.0947694))
				 (Prod (WLeaf 0.00348987)
				       (WStem 0.81499)
				       (WRoot 0.333369)
				       (WSOrg 0.45157)
				       (WLDrd 0.212407))
				 (CrpAux (CanopyAss 0.00235435)))))))
((time 1990 8 14 0)
 (field (c1 (crops (SpringBarley (Phenology (DS 2))
				 (Canopy (LAI 0.0872467))
				 (Prod (WLeaf 0.00321356)
				       (WStem 0.81499)
				       (WRoot 0.330814)
				       (WSOrg 0.451565)
				       (WLDrd 0.212683))
				 (CrpAux (CanopyAss 0.00235435)))))))
((time 1990 8 15 0)
 (field (c1 (crops (SpringBarley (Phenology (DS 2))
				 (Canopy (LAI 0.0872467))
				 (Prod (WLeaf 0.00321356)
				       (WStem 0.81499)
				       (WRoot 0.330814)
				       (WSOrg 0.451565)
				       (WLDrd 0.212683))
				 (CrpAux (CanopyAss 0.00235435)))))))
((time 1990 8 16 0)
 (field (c1 (crops (SpringBarley (Phenology (DS 2))
				 (Canopy (LAI 0.0872467))
				 (Prod (WLeaf 0.00321356)
				       (WStem 0.81499)
				       (WRoot 0.330814)
				       (WSOrg 0.451565)
				       (WLDrd 0.212683))
				 (CrpAux (CanopyAss 0.00235435)))))))
