This is pdfTeX, Version 3.141592-1.40.3 (MiKTeX 2.6) (preloaded format=latex 2009.8.27)  13 OCT 2009 16:52
entering extended mode
**MSTStuff_english.tex
(MSTStuff_english.tex
LaTeX2e <2005/12/01>
Babel <v3.8g> and hyphenation patterns for english, dumylang, nohyphenation, ge
rman, ngerman, french, loaded.
("C:\Program Files\MiKTeX 2.6\tex\latex\base\report.cls"
Document Class: report 2005/09/16 v1.4f Standard LaTeX document class
("C:\Program Files\MiKTeX 2.6\tex\latex\base\size10.clo"
File: size10.clo 2005/09/16 v1.4f Standard LaTeX file (size option)
)
\c@part=\count79
\c@chapter=\count80
\c@section=\count81
\c@subsection=\count82
\c@subsubsection=\count83
\c@paragraph=\count84
\c@subparagraph=\count85
\c@figure=\count86
\c@table=\count87
\abovecaptionskip=\skip41
\belowcaptionskip=\skip42
\bibindent=\dimen102
) (natbib.sty
Package: natbib 1997/07/05 6.6 (PWD)
\bibhang=\skip43
\bibsep=\skip44
LaTeX Info: Redefining \cite on input line 416.
\c@NAT@ctr=\count88
)
("C:\Program Files\MiKTeX 2.6\tex\latex\amsmath\amsmath.sty"
Package: amsmath 2000/07/18 v2.13 AMS math features
\@mathmargin=\skip45

For additional information on amsmath, use the `?' option.
("C:\Program Files\MiKTeX 2.6\tex\latex\amsmath\amstext.sty"
Package: amstext 2000/06/29 v2.01

("C:\Program Files\MiKTeX 2.6\tex\latex\amsmath\amsgen.sty"
File: amsgen.sty 1999/11/30 v2.0
\@emptytoks=\toks14
\ex@=\dimen103
))
("C:\Program Files\MiKTeX 2.6\tex\latex\amsmath\amsbsy.sty"
Package: amsbsy 1999/11/29 v1.2d
\pmbraise@=\dimen104
)
("C:\Program Files\MiKTeX 2.6\tex\latex\amsmath\amsopn.sty"
Package: amsopn 1999/12/14 v2.01 operator names
)
\inf@bad=\count89
LaTeX Info: Redefining \frac on input line 211.
\uproot@=\count90
\leftroot@=\count91
LaTeX Info: Redefining \overline on input line 307.
\classnum@=\count92
\DOTSCASE@=\count93
LaTeX Info: Redefining \ldots on input line 379.
LaTeX Info: Redefining \dots on input line 382.
LaTeX Info: Redefining \cdots on input line 467.
\Mathstrutbox@=\box26
\strutbox@=\box27
\big@size=\dimen105
LaTeX Font Info:    Redeclaring font encoding OML on input line 567.
LaTeX Font Info:    Redeclaring font encoding OMS on input line 568.
\macc@depth=\count94
\c@MaxMatrixCols=\count95
\dotsspace@=\muskip10
\c@parentequation=\count96
\dspbrk@lvl=\count97
\tag@help=\toks15
\row@=\count98
\column@=\count99
\maxfields@=\count100
\andhelp@=\toks16
\eqnshift@=\dimen106
\alignsep@=\dimen107
\tagshift@=\dimen108
\tagwidth@=\dimen109
\totwidth@=\dimen110
\lineht@=\dimen111
\@envbody=\toks17
\multlinegap=\skip46
\multlinetaggap=\skip47
\mathdisplay@stack=\toks18
LaTeX Info: Redefining \[ on input line 2666.
LaTeX Info: Redefining \] on input line 2667.
)
("C:\Program Files\MiKTeX 2.6\tex\latex\amsfonts\amssymb.sty"
Package: amssymb 2002/01/22 v2.2d

("C:\Program Files\MiKTeX 2.6\tex\latex\amsfonts\amsfonts.sty"
Package: amsfonts 2001/10/25 v2.2f
\symAMSa=\mathgroup4
\symAMSb=\mathgroup5
LaTeX Font Info:    Overwriting math alphabet `\mathfrak' in version `bold'
(Font)                  U/euf/m/n --> U/euf/b/n on input line 132.
)) (graphicx.sty
Package: graphicx 1999/02/16 v1.0f Enhanced LaTeX Graphics (DPC,SPQR)

("C:\Program Files\MiKTeX 2.6\tex\latex\graphics\keyval.sty"
Package: keyval 1999/03/16 v1.13 key=value parser (DPC)
\KV@toks@=\toks19
)
("C:\Program Files\MiKTeX 2.6\tex\latex\graphics\graphics.sty"
Package: graphics 2006/02/20 v1.0o Standard LaTeX Graphics (DPC,SPQR)

("C:\Program Files\MiKTeX 2.6\tex\latex\graphics\trig.sty"
Package: trig 1999/03/16 v1.09 sin cos tan (DPC)
)
("C:\Program Files\MiKTeX 2.6\tex\latex\00miktex\graphics.cfg"
File: graphics.cfg 2005/12/29 v1.2 MiKTeX 'graphics' configuration
)
Package graphics Info: Driver file: dvips.def on input line 90.

("C:\Program Files\MiKTeX 2.6\tex\latex\graphics\dvips.def"
File: dvips.def 1999/02/16 v3.0i Driver-dependant file (DPC,SPQR)
))
\Gin@req@height=\dimen112
\Gin@req@width=\dimen113
)
("C:\Program Files\MiKTeX 2.6\tex\latex\base\fontenc.sty"
Package: fontenc 2005/09/27 v1.99g Standard LaTeX package

("C:\Program Files\MiKTeX 2.6\tex\latex\base\t1enc.def"
File: t1enc.def 2005/09/27 v1.99g Standard LaTeX file
LaTeX Font Info:    Redeclaring font encoding T1 on input line 43.
))
("C:\Program Files\MiKTeX 2.6\tex\latex\base\inputenc.sty"
Package: inputenc 2006/05/05 v1.1b Input encoding file
\inpenc@prehook=\toks20
\inpenc@posthook=\toks21

("C:\Program Files\MiKTeX 2.6\tex\latex\base\latin1.def"
File: latin1.def 2006/05/05 v1.1b Input encoding file
))
(MSTStuff_english.aux)
LaTeX Font Info:    Checking defaults for OML/cmm/m/it on input line 27.
LaTeX Font Info:    ... okay on input line 27.
LaTeX Font Info:    Checking defaults for T1/cmr/m/n on input line 27.
LaTeX Font Info:    ... okay on input line 27.
LaTeX Font Info:    Checking defaults for OT1/cmr/m/n on input line 27.
LaTeX Font Info:    ... okay on input line 27.
LaTeX Font Info:    Checking defaults for OMS/cmsy/m/n on input line 27.
LaTeX Font Info:    ... okay on input line 27.
LaTeX Font Info:    Checking defaults for OMX/cmex/m/n on input line 27.
LaTeX Font Info:    ... okay on input line 27.
LaTeX Font Info:    Checking defaults for U/cmr/m/n on input line 27.
LaTeX Font Info:    ... okay on input line 27.

Chapter 1.
LaTeX Font Info:    Try loading font information for U+msa on input line 50.
("C:\Program Files\MiKTeX 2.6\tex\latex\amsfonts\umsa.fd"
File: umsa.fd 2002/01/19 v2.2g AMS font definitions
)
LaTeX Font Info:    Try loading font information for U+msb on input line 50.

("C:\Program Files\MiKTeX 2.6\tex\latex\amsfonts\umsb.fd"
File: umsb.fd 2002/01/19 v2.2g AMS font definitions
) [1


]
Underfull \hbox (badness 10000) in paragraph at lines 175--192

 []

[2]
Underfull \hbox (badness 10000) in paragraph at lines 213--227

 []


Underfull \hbox (badness 10000) in paragraph at lines 240--244

 []


Underfull \hbox (badness 10000) in paragraph at lines 254--260

 []

[3]
Underfull \hbox (badness 10000) in paragraph at lines 267--271

 []


Underfull \hbox (badness 10000) in paragraph at lines 343--346

 []

[4] [5]
File: grid_rect.eps Graphic file (type eps)
 <grid_rect.eps>
File: grid_trapz.eps Graphic file (type eps)
 <grid_trapz.eps>

LaTeX Warning: `h' float specifier changed to `ht'.

File: grid_trapz_part.eps Graphic file (type eps)
<grid_trapz_part.eps>

LaTeX Warning: `h' float specifier changed to `ht'.

[6]
LaTeX Font Info:    Try loading font information for OMS+cmr on input line 491.

 ("C:\Program Files\MiKTeX 2.6\tex\latex\base\omscmr.fd"
File: omscmr.fd 1999/05/25 v2.5h Standard LaTeX font definitions
)
LaTeX Font Info:    Font shape `OMS/cmr/m/n' in size <10> not available
(Font)              Font shape `OMS/cmsy/m/n' tried instead on input line 491.

Underfull \hbox (badness 10000) in paragraph at lines 496--497

 []

[7] [8]
File: meshrect_nswe.eps Graphic file (type eps)
 <meshrect_nswe.eps>

LaTeX Warning: `h' float specifier changed to `ht'.

File: meshrect_gradient.eps Graphic file (type eps)
<meshrect_gradient.eps> [9] [10] [11] [12]
Underfull \hbox (badness 10000) in paragraph at lines 776--779

 []


Package natbib Warning: Citation `Chow' on page 13 undefined on input line 783.


[13]
File: drainaqui.eps Graphic file (type eps)
 <drainaqui.eps>

LaTeX Warning: `h' float specifier changed to `ht'.

[14] [15]
Underfull \hbox (badness 10000) in paragraph at lines 1043--1053

 []

[16]
Underfull \hbox (badness 10000) in paragraph at lines 1167--1180

 []


Underfull \hbox (badness 10000) in paragraph at lines 1167--1180

 []

[17]
Underfull \hbox (badness 10000) in paragraph at lines 1202--1220

 []


Overfull \hbox (30.31111pt too wide) in paragraph at lines 1221--1228
\T1/cmr/m/n/10 power se-ries the-ory are shown. The wet-ting pro-files are show
n for $\OML/cmm/m/it/10 t \OT1/cmr/m/n/10 = 1\OML/cmm/m/it/10 =\OT1/cmr/m/n/10 
5\OML/cmm/m/it/10 ;  \OT1/cmr/m/n/10 2\OML/cmm/m/it/10 =\OT1/cmr/m/n/10 5\OML/c
mm/m/it/10 ;  \OT1/cmr/m/n/10 3\OML/cmm/m/it/10 =\OT1/cmr/m/n/10 5\OML/cmm/m/it
/10 ;  \OT1/cmr/m/n/10 4\OML/cmm/m/it/10 =\OT1/cmr/m/n/10 5$
 []

File: VerificFH.eps Graphic file (type eps)
<VerificFH.eps> [18]
File: VerificHor.eps Graphic file (type eps)
 <VerificHor.eps>
File: Mesh.eps Graphic file (type eps)
 <Mesh.eps>
File: MeshPart.eps Graphic file (type eps)
 <MeshPart.eps> [19]
File: watercontent24h.eps Graphic file (type eps)

<watercontent24h.eps> [20] [21] [22]
Chapter 2.
[23

]
Underfull \hbox (badness 10000) in paragraph at lines 1424--1444

 []


Overfull \hbox (50.1325pt too wide) in paragraph at lines 1490--1490
[]\T1/cmr/bx/n/14.4 Solute move-ment in the pri-mary do-main: Advection-
 []

[24]
Underfull \hbox (badness 10000) in paragraph at lines 1545--1557

 []

[25]
Underfull \hbox (badness 10000) in paragraph at lines 1610--1628

 []


Underfull \hbox (badness 10000) in paragraph at lines 1639--1654

 []

[26]
Underfull \hbox (badness 10000) in paragraph at lines 1707--1720

 []

[27]
Underfull \hbox (badness 10000) in paragraph at lines 1739--1755

 []


Underfull \hbox (badness 10000) in paragraph at lines 1763--1778

 []


Underfull \hbox (badness 10000) in paragraph at lines 1792--1804

 []

[28]
File: Stab_Upstream.eps Graphic file (type eps)
 <Stab_Upstream.eps>
Underfull \hbox (badness 10000) in paragraph at lines 1860--1914

 []


Underfull \hbox (badness 10000) in paragraph at lines 1860--1914

 []


Underfull \hbox (badness 10000) in paragraph at lines 1860--1914

 []


Underfull \hbox (badness 10000) in paragraph at lines 1860--1914

 []

[29] [30]
File: Stab_Methods.eps Graphic file (type eps)
 <Stab_Methods.eps>
File: Stab_TimeStepRed.eps Graphic file (type eps)
 <Stab_TimeStepRed.eps>
File: Stab_StreamDiff.eps Graphic file (type eps)
 <Stab_StreamDiff.eps>
Underfull \hbox (badness 10000) in paragraph at lines 1965--1969

 []

[31] [32] [33]
Underfull \hbox (badness 10000) in paragraph at lines 1970--1987

 []


Underfull \hbox (badness 10000) in paragraph at lines 1992--2003

 []


Underfull \hbox (badness 10000) in paragraph at lines 2008--2041

 []


Underfull \hbox (badness 10000) in paragraph at lines 2008--2041

 []


Overfull \hbox (1.33209pt too wide) in paragraph at lines 2008--2041
\T1/cmr/m/n/10 The Dirich-let bound-ary con-di-tion is im-ple-mented as an ex-p
licit Neu-mann bound-
 []

[34]
Overfull \hbox (10.9964pt too wide) in paragraph at lines 2063--2083
[]\T1/cmr/m/n/10 There are de-vel-oped a lot of an-a-lyt-i-cal so-lu-tions for 
the one-dimensional convective-
 []


Underfull \hbox (badness 10000) in paragraph at lines 2063--2083

 []

[35]
Underfull \hbox (badness 10000) in paragraph at lines 2102--2108

 []


Underfull \hbox (badness 10000) in paragraph at lines 2102--2108

 []


LaTeX Font Warning: Command \small invalid in math mode on input line 2166.

[36]
File: test_chem1d.eps Graphic file (type eps)
 <test_chem1d.eps>

LaTeX Warning: `!h' float specifier changed to `!ht'.

[37] [38]
Chapter 3.

Underfull \hbox (badness 10000) in paragraph at lines 2271--2282

 []


Underfull \hbox (badness 10000) in paragraph at lines 2286--2300

 []


Underfull \hbox (badness 10000) in paragraph at lines 2303--2315

 []

[39

]
Underfull \hbox (badness 10000) in paragraph at lines 2338--2361

 []


Underfull \hbox (badness 10000) in paragraph at lines 2338--2361

 []


Underfull \hbox (badness 10000) in paragraph at lines 2365--2367

 []


Underfull \hbox (badness 10000) in paragraph at lines 2368--2373

 []

[40]
Underfull \hbox (badness 10000) in paragraph at lines 2398--2412

 []


Underfull \hbox (badness 10000) in paragraph at lines 2417--2426

 []

(MSTStuff_english.bbl [41]
Underfull \hbox (badness 5726) in paragraph at lines 33--37
[][]\T1/cmr/m/n/10 Mollerup, M. and Hansen, S. (2007).  Power se-ries so-lu-tio
n for
 []


Underfull \hbox (badness 1308) in paragraph at lines 33--37
\T1/cmr/m/n/10 falling-head ponded in-fil-tra-tion.  \T1/cmr/m/it/10 Wa-ter Re-
sour. Res.\T1/cmr/m/n/10 , \T1/cmr/bx/n/10 43\T1/cmr/m/n/10 .  W03425,
 []

[42

])

Package natbib Warning: There were undefined citations.

[43] (MSTStuff_english.aux) ) 
Here is how much of TeX's memory you used:
 2210 strings out of 95306
 23125 string characters out of 1185221
 74055 words of memory out of 1070587
 5220 multiletter control sequences out of 60000
 24856 words of font info for 62 fonts, out of 1000000 for 2000
 14 hyphenation exceptions out of 8191
 27i,20n,24p,548b,292s stack positions out of 5000i,500n,10000p,200000b,32768s

Output written on MSTStuff_english.dvi (43 pages, 126648 bytes).
