This is pdfTeX, Version 3.1415926-1.40.10 (TeX Live 2009/Debian) (format=pdflatex 2010.8.27)  14 OCT 2010 10:36
entering extended mode
 restricted \write18 enabled.
 %&-line parsing enabled.
**\input SAFIR.tex
(./SAFIR.tex (/usr/share/texmf-texlive/tex/latex/base/report.cls
Document Class: report 2007/10/19 v1.4h Standard LaTeX document class
(/usr/share/texmf-texlive/tex/latex/base/size10.clo
File: size10.clo 2007/10/19 v1.4h Standard LaTeX file (size option)
)
\c@part=\count79
\c@chapter=\count80
\c@section=\count81
\c@subsection=\count82
\c@subsubsection=\count83
\c@paragraph=\count84
\c@subparagraph=\count85
\c@figure=\count86
\c@table=\count87
\abovecaptionskip=\skip41
\belowcaptionskip=\skip42
\bibindent=\dimen102
) (./natbib.sty
Package: natbib 1997/07/05 6.6 (PWD)
\bibhang=\skip43
\bibsep=\skip44
LaTeX Info: Redefining \cite on input line 416.
\c@NAT@ctr=\count88
)
(/usr/share/texmf-texlive/tex/latex/amsmath/amsmath.sty
Package: amsmath 2000/07/18 v2.13 AMS math features
\@mathmargin=\skip45

For additional information on amsmath, use the `?' option.
(/usr/share/texmf-texlive/tex/latex/amsmath/amstext.sty
Package: amstext 2000/06/29 v2.01

(/usr/share/texmf-texlive/tex/latex/amsmath/amsgen.sty
File: amsgen.sty 1999/11/30 v2.0
\@emptytoks=\toks14
\ex@=\dimen103
))
(/usr/share/texmf-texlive/tex/latex/amsmath/amsbsy.sty
Package: amsbsy 1999/11/29 v1.2d
\pmbraise@=\dimen104
)
(/usr/share/texmf-texlive/tex/latex/amsmath/amsopn.sty
Package: amsopn 1999/12/14 v2.01 operator names
)
\inf@bad=\count89
LaTeX Info: Redefining \frac on input line 211.
\uproot@=\count90
\leftroot@=\count91
LaTeX Info: Redefining \overline on input line 307.
\classnum@=\count92
\DOTSCASE@=\count93
LaTeX Info: Redefining \ldots on input line 379.
LaTeX Info: Redefining \dots on input line 382.
LaTeX Info: Redefining \cdots on input line 467.
\Mathstrutbox@=\box26
\strutbox@=\box27
\big@size=\dimen105
LaTeX Font Info:    Redeclaring font encoding OML on input line 567.
LaTeX Font Info:    Redeclaring font encoding OMS on input line 568.
\macc@depth=\count94
\c@MaxMatrixCols=\count95
\dotsspace@=\muskip10
\c@parentequation=\count96
\dspbrk@lvl=\count97
\tag@help=\toks15
\row@=\count98
\column@=\count99
\maxfields@=\count100
\andhelp@=\toks16
\eqnshift@=\dimen106
\alignsep@=\dimen107
\tagshift@=\dimen108
\tagwidth@=\dimen109
\totwidth@=\dimen110
\lineht@=\dimen111
\@envbody=\toks17
\multlinegap=\skip46
\multlinetaggap=\skip47
\mathdisplay@stack=\toks18
LaTeX Info: Redefining \[ on input line 2666.
LaTeX Info: Redefining \] on input line 2667.
)
(/usr/share/texmf-texlive/tex/latex/amsfonts/amssymb.sty
Package: amssymb 2009/06/22 v3.00

(/usr/share/texmf-texlive/tex/latex/amsfonts/amsfonts.sty
Package: amsfonts 2009/06/22 v3.00 Basic AMSFonts support
\symAMSa=\mathgroup4
\symAMSb=\mathgroup5
LaTeX Font Info:    Overwriting math alphabet `\mathfrak' in version `bold'
(Font)                  U/euf/m/n --> U/euf/b/n on input line 96.
)) (./graphicx.sty
Package: graphicx 1999/02/16 v1.0f Enhanced LaTeX Graphics (DPC,SPQR)

(/usr/share/texmf-texlive/tex/latex/graphics/keyval.sty
Package: keyval 1999/03/16 v1.13 key=value parser (DPC)
\KV@toks@=\toks19
)
(/usr/share/texmf-texlive/tex/latex/graphics/graphics.sty
Package: graphics 2009/02/05 v1.0o Standard LaTeX Graphics (DPC,SPQR)

(/usr/share/texmf-texlive/tex/latex/graphics/trig.sty
Package: trig 1999/03/16 v1.09 sin cos tan (DPC)
)
(/etc/texmf/tex/latex/config/graphics.cfg
File: graphics.cfg 2009/08/28 v1.8 graphics configuration of TeX Live
)
Package graphics Info: Driver file: dvips.def on input line 91.

(/usr/share/texmf-texlive/tex/latex/graphics/dvips.def
File: dvips.def 1999/02/16 v3.0i Driver-dependant file (DPC,SPQR)
))
\Gin@req@height=\dimen112
\Gin@req@width=\dimen113
)
(/usr/share/texmf-texlive/tex/latex/base/fontenc.sty
Package: fontenc 2005/09/27 v1.99g Standard LaTeX package

(/usr/share/texmf-texlive/tex/latex/base/t1enc.def
File: t1enc.def 2005/09/27 v1.99g Standard LaTeX file
LaTeX Font Info:    Redeclaring font encoding T1 on input line 43.
))
(/usr/share/texmf-texlive/tex/latex/base/inputenc.sty
Package: inputenc 2008/03/30 v1.1d Input encoding file
\inpenc@prehook=\toks20
\inpenc@posthook=\toks21

(/usr/share/texmf-texlive/tex/latex/base/latin1.def
File: latin1.def 2008/03/30 v1.1d Input encoding file
)) (./SAFIR.aux)
\openout1 = `SAFIR.aux'.

LaTeX Font Info:    Checking defaults for OML/cmm/m/it on input line 27.
LaTeX Font Info:    ... okay on input line 27.
LaTeX Font Info:    Checking defaults for T1/cmr/m/n on input line 27.
LaTeX Font Info:    ... okay on input line 27.
LaTeX Font Info:    Checking defaults for OT1/cmr/m/n on input line 27.
LaTeX Font Info:    ... okay on input line 27.
LaTeX Font Info:    Checking defaults for OMS/cmsy/m/n on input line 27.
LaTeX Font Info:    ... okay on input line 27.
LaTeX Font Info:    Checking defaults for OMX/cmex/m/n on input line 27.
LaTeX Font Info:    ... okay on input line 27.
LaTeX Font Info:    Checking defaults for U/cmr/m/n on input line 27.
LaTeX Font Info:    ... okay on input line 27.

Chapter 1.
LaTeX Font Info:    Try loading font information for U+msa on input line 49.
(/usr/share/texmf-texlive/tex/latex/amsfonts/umsa.fd
File: umsa.fd 2009/06/22 v3.00 AMS symbols A
)
LaTeX Font Info:    Try loading font information for U+msb on input line 49.

(/usr/share/texmf-texlive/tex/latex/amsfonts/umsb.fd
File: umsb.fd 2009/06/22 v3.00 AMS symbols B
) [1


{/var/lib/texmf/fonts/map/pdftex/updmap/pdftex.map}]
Underfull \hbox (badness 10000) in paragraph at lines 175--192

 []

[2]
Underfull \hbox (badness 10000) in paragraph at lines 213--227

 []


Underfull \hbox (badness 10000) in paragraph at lines 240--244

 []


Underfull \hbox (badness 10000) in paragraph at lines 254--260

 []

[3]
Underfull \hbox (badness 10000) in paragraph at lines 267--271

 []


Underfull \hbox (badness 10000) in paragraph at lines 343--346

 []

[4] [5]
File: grid_rect.eps Graphic file (type eps)
 <grid_rect.eps>
File: grid_trapz.eps Graphic file (type eps)
 <grid_trapz.eps>

LaTeX Warning: `h' float specifier changed to `ht'.

File: grid_trapz_part.eps Graphic file (type eps)
<grid_trapz_part.eps>

LaTeX Warning: `h' float specifier changed to `ht'.

[6
Non-PDF special ignored!]
LaTeX Font Info:    Try loading font information for OMS+cmr on input line 491.

 (/usr/share/texmf-texlive/tex/latex/base/omscmr.fd
File: omscmr.fd 1999/05/25 v2.5h Standard LaTeX font definitions
)
LaTeX Font Info:    Font shape `OMS/cmr/m/n' in size <10> not available
(Font)              Font shape `OMS/cmsy/m/n' tried instead on input line 491.

Underfull \hbox (badness 10000) in paragraph at lines 496--497

 []

[7
Non-PDF special ignored!] [8
Non-PDF special ignored!]
File: meshrect_nswe.eps Graphic file (type eps)
 <meshrect_nswe.eps>

LaTeX Warning: `h' float specifier changed to `ht'.

File: meshrect_gradient.eps Graphic file (type eps)
<meshrect_gradient.eps> [9] [10
Non-PDF special ignored!] [11
Non-PDF special ignored!] [12]
Underfull \hbox (badness 10000) in paragraph at lines 745--748

 []

[13]
File: drainaqui.eps Graphic file (type eps)
 <drainaqui.eps> [14
Non-PDF special ignored!]
Underfull \hbox (badness 10000) in paragraph at lines 880--890

 []

[15] [16]
Underfull \hbox (badness 10000) in paragraph at lines 981--994

 []


Underfull \hbox (badness 10000) in paragraph at lines 981--994

 []


Underfull \hbox (badness 10000) in paragraph at lines 1016--1034

 []


Overfull \hbox (30.31111pt too wide) in paragraph at lines 1035--1042
\T1/cmr/m/n/10 power se-ries the-ory are shown. The wet-ting pro-files are show
n for $\OML/cmm/m/it/10 t \OT1/cmr/m/n/10 = 1\OML/cmm/m/it/10 =\OT1/cmr/m/n/10 
5\OML/cmm/m/it/10 ;  \OT1/cmr/m/n/10 2\OML/cmm/m/it/10 =\OT1/cmr/m/n/10 5\OML/c
mm/m/it/10 ;  \OT1/cmr/m/n/10 3\OML/cmm/m/it/10 =\OT1/cmr/m/n/10 5\OML/cmm/m/it
/10 ;  \OT1/cmr/m/n/10 4\OML/cmm/m/it/10 =\OT1/cmr/m/n/10 5$
 []

[17]
File: VerificFH.eps Graphic file (type eps)
 <VerificFH.eps>
File: VerificHor.eps Graphic file (type eps)
 <VerificHor.eps> [18
Non-PDF special ignored!]
File: Mesh.eps Graphic file (type eps)
 <Mesh.eps>
File: MeshPart.eps Graphic file (type eps)
 <MeshPart.eps>
File: watercontent24h.eps Graphic file (type eps)
 <watercontent24h.eps>
[19
Non-PDF special ignored!] [20
Non-PDF special ignored!
Non-PDF special ignored!] [21
Non-PDF special ignored!]
Chapter 2.
[22

]
Underfull \hbox (badness 10000) in paragraph at lines 1238--1258

 []


Overfull \hbox (50.1325pt too wide) in paragraph at lines 1303--1303
[]\T1/cmr/bx/n/14.4 Solute move-ment in the pri-mary do-main: Advection-
 []

[23]
Underfull \hbox (badness 10000) in paragraph at lines 1358--1370

 []

[24]
Underfull \hbox (badness 10000) in paragraph at lines 1423--1441

 []


Underfull \hbox (badness 10000) in paragraph at lines 1452--1467

 []

[25]
Underfull \hbox (badness 10000) in paragraph at lines 1520--1533

 []

[26]
Underfull \hbox (badness 10000) in paragraph at lines 1552--1568

 []


Underfull \hbox (badness 10000) in paragraph at lines 1576--1591

 []


Underfull \hbox (badness 10000) in paragraph at lines 1605--1617

 []

[27]
File: Stab_Upstream.eps Graphic file (type eps)
 <Stab_Upstream.eps>
Underfull \hbox (badness 10000) in paragraph at lines 1673--1727

 []


Underfull \hbox (badness 10000) in paragraph at lines 1673--1727

 []


Underfull \hbox (badness 10000) in paragraph at lines 1673--1727

 []


Underfull \hbox (badness 10000) in paragraph at lines 1673--1727

 []

[28] [29
Non-PDF special ignored!]
File: Stab_Methods.eps Graphic file (type eps)
 <Stab_Methods.eps>
File: Stab_TimeStepRed.eps Graphic file (type eps)
 <Stab_TimeStepRed.eps>
File: Stab_StreamDiff.eps Graphic file (type eps)

<Stab_StreamDiff.eps>
Underfull \hbox (badness 10000) in paragraph at lines 1778--1782

 []

[30
Non-PDF special ignored!] [31
Non-PDF special ignored!] [32
Non-PDF special ignored!]
Underfull \hbox (badness 10000) in paragraph at lines 1783--1800

 []


Underfull \hbox (badness 10000) in paragraph at lines 1805--1816

 []


Underfull \hbox (badness 10000) in paragraph at lines 1821--1854

 []


Underfull \hbox (badness 10000) in paragraph at lines 1821--1854

 []


Overfull \hbox (1.33209pt too wide) in paragraph at lines 1821--1854
\T1/cmr/m/n/10 The Dirich-let bound-ary con-di-tion is im-ple-mented as an ex-p
licit Neu-mann bound-
 []

[33]
Overfull \hbox (10.9964pt too wide) in paragraph at lines 1876--1896
\T1/cmr/m/n/10 There are de-vel-oped a lot of an-a-lyt-i-cal so-lu-tions for th
e one-dimensional convective-
 []


Underfull \hbox (badness 10000) in paragraph at lines 1876--1896

 []

[34]
Underfull \hbox (badness 10000) in paragraph at lines 1915--1921

 []


Underfull \hbox (badness 10000) in paragraph at lines 1915--1921

 []


LaTeX Font Warning: Command \small invalid in math mode on input line 1979.

[35]
File: test_chem1d.eps Graphic file (type eps)
 <test_chem1d.eps>

LaTeX Warning: `!h' float specifier changed to `!ht'.

[36] [37
Non-PDF special ignored!]
Chapter 3.

Underfull \hbox (badness 10000) in paragraph at lines 2084--2095

 []


Underfull \hbox (badness 10000) in paragraph at lines 2099--2113

 []


Underfull \hbox (badness 10000) in paragraph at lines 2116--2128

 []

[38

]
Underfull \hbox (badness 10000) in paragraph at lines 2151--2174

 []


Underfull \hbox (badness 10000) in paragraph at lines 2151--2174

 []


Underfull \hbox (badness 10000) in paragraph at lines 2178--2180

 []


Underfull \hbox (badness 10000) in paragraph at lines 2181--2186

 []

[39]
Underfull \hbox (badness 10000) in paragraph at lines 2211--2225

 []


Underfull \hbox (badness 10000) in paragraph at lines 2230--2239

 []

(./SAFIR.bbl [40]
Underfull \hbox (badness 5726) in paragraph at lines 32--36
[]\T1/cmr/m/n/10 Mollerup, M. and Hansen, S. (2007).  Power se-ries so-lu-tion 
for
 []


Underfull \hbox (badness 1308) in paragraph at lines 32--36
\T1/cmr/m/n/10 falling-head ponded in-fil-tra-tion.  \T1/cmr/m/it/10 Wa-ter Re-
sour. Res.\T1/cmr/m/n/10 , \T1/cmr/bx/n/10 43\T1/cmr/m/n/10 .  W03425,
 []

[41

]) [42] (./SAFIR.aux) ) 
Here is how much of TeX's memory you used:
 2075 strings out of 495042
 23114 string characters out of 1181749
 77880 words of memory out of 3000000
 5213 multiletter control sequences out of 15000+50000
 24847 words of font info for 62 fonts, out of 3000000 for 9000
 28 hyphenation exceptions out of 8191
 27i,20n,24p,544b,292s stack positions out of 5000i,500n,10000p,200000b,50000s
 </home/abraham/.texmf-var/fonts/pk/ljfour/jknappen/ec/e
crm0600.600pk> </home/abraham/.texmf-var/fonts/pk/ljfour/jknappen/ec/ecbx0700.6
00pk> </home/abraham/.texmf-var/fonts/pk/ljfour/jknappen/ec/ecti1000.600pk> </h
ome/abraham/.texmf-var/fonts/pk/ljfour/jknappen/ec/ecbx1000.600pk> </home/abrah
am/.texmf-var/fonts/pk/ljfour/jknappen/ec/ecbx1200.600pk> </home/abraham/.texmf
-var/fonts/pk/ljfour/jknappen/ec/ecrm0500.600pk> </home/abraham/.texmf-var/font
s/pk/ljfour/jknappen/ec/ecbx1440.600pk> </home/abraham/.texmf-var/fonts/pk/ljfo
ur/jknappen/ec/ecrm0700.600pk> </home/abraham/.texmf-var/fonts/pk/ljfour/jknapp
en/ec/ecrm1000.600pk> </home/abraham/.texmf-var/fonts/pk/ljfour/jknappen/ec/ecb
x2488.600pk> </home/abraham/.texmf-var/fonts/pk/ljfour/jknappen/ec/ecbx2074.600
pk></usr/share/texmf-texlive/fonts/type1/public/amsfonts/cm/cmbx10.pfb></usr/sh
are/texmf-texlive/fonts/type1/public/amsfonts/cm/cmbx7.pfb></usr/share/texmf-te
xlive/fonts/type1/public/amsfonts/cm/cmex10.pfb></usr/share/texmf-texlive/fonts
/type1/public/amsfonts/cm/cmmi10.pfb></usr/share/texmf-texlive/fonts/type1/publ
ic/amsfonts/cm/cmmi5.pfb></usr/share/texmf-texlive/fonts/type1/public/amsfonts/
cm/cmmi6.pfb></usr/share/texmf-texlive/fonts/type1/public/amsfonts/cm/cmmi7.pfb
></usr/share/texmf-texlive/fonts/type1/public/amsfonts/cm/cmmi9.pfb></usr/share
/texmf-texlive/fonts/type1/public/amsfonts/cm/cmmib10.pfb></usr/share/texmf-tex
live/fonts/type1/public/amsfonts/cm/cmr10.pfb></usr/share/texmf-texlive/fonts/t
ype1/public/amsfonts/cm/cmr5.pfb></usr/share/texmf-texlive/fonts/type1/public/a
msfonts/cm/cmr6.pfb></usr/share/texmf-texlive/fonts/type1/public/amsfonts/cm/cm
r7.pfb></usr/share/texmf-texlive/fonts/type1/public/amsfonts/cm/cmr9.pfb></usr/
share/texmf-texlive/fonts/type1/public/amsfonts/cm/cmsy10.pfb></usr/share/texmf
-texlive/fonts/type1/public/amsfonts/cm/cmsy5.pfb></usr/share/texmf-texlive/fon
ts/type1/public/amsfonts/cm/cmsy7.pfb></usr/share/texmf-texlive/fonts/type1/pub
lic/amsfonts/cm/cmsy9.pfb>
Output written on SAFIR.pdf (42 pages, 410705 bytes).
PDF statistics:
 590 PDF objects out of 1000 (max. 8388607)
 0 named destinations out of 1000 (max. 500000)
 1 words of extra memory for PDF output out of 10000 (max. 10000000)

