Using standard MS Windows home.
Using 'C:/daisy' as daisy home.
Reseting current directory to 'C:\cygwin\home\mmo\daisy\Simulations\MST_Taastrup\Hooghoudt_15\2D_75p_2'
Daisy crop/soil simulation version 4.74. (Oct 30 2009)
Copyright 1996 - 2007 Per Abrahamsen, Søren Hansen and KVL.
Changing directory to 'C:\cygwin\home\mmo\daisy\Simulations\MST_Taastrup\Hooghoudt_15\2D_75p_2' success
In directory 'C:\cygwin\home\mmo\daisy\Simulations\MST_Taastrup\Hooghoudt_15\2D_75p_2':
Opening absolute file name 'C:\cygwin\home\mmo\daisy\Simulations\MST_Taastrup\Hooghoudt_15\2D_75p_2\Hooghoudt_2D_15_75p_2.dai'
* Parsing file: 'C:\cygwin\home\mmo\daisy\Simulations\MST_Taastrup\Hooghoudt_15\2D_75p_2\Hooghoudt_2D_15_75p_2.dai'
Path set to:
0: '.'
1: 'c:/cygwin/home/mmo/daisy/lib'
2: 'c:/cygwin/home/mmo/daisy/sample'
done
** input
*** file
In directory 'C:\cygwin\home\mmo\daisy\Simulations\MST_Taastrup\Hooghoudt_15\2D_75p_2':
Looking for file 'log.dai'
Trying 'C:\cygwin\home\mmo\daisy\Simulations\MST_Taastrup\Hooghoudt_15\2D_75p_2\log.dai' (cwd)
Trying 'c:/cygwin/home/mmo/daisy/lib\log.dai' success!
** Parsing file: 'log.dai'
*** input
**** file
In directory 'C:\cygwin\home\mmo\daisy\Simulations\MST_Taastrup\Hooghoudt_15\2D_75p_2':
Looking for file 'log-std.dai'
Trying 'C:\cygwin\home\mmo\daisy\Simulations\MST_Taastrup\Hooghoudt_15\2D_75p_2\log-std.dai' (cwd)
Trying 'c:/cygwin/home/mmo/daisy/lib\log-std.dai' success!
** input
*** file
In directory 'C:\cygwin\home\mmo\daisy\Simulations\MST_Taastrup\Hooghoudt_15\2D_75p_2':
Looking for file 'crop.dai'
Trying 'C:\cygwin\home\mmo\daisy\Simulations\MST_Taastrup\Hooghoudt_15\2D_75p_2\crop.dai' (cwd)
Trying 'c:/cygwin/home/mmo/daisy/lib\crop.dai' success!
** Parsing file: 'crop.dai'
*** input
**** file
In directory 'C:\cygwin\home\mmo\daisy\Simulations\MST_Taastrup\Hooghoudt_15\2D_75p_2':
Looking for file 'maize.dai'
Trying 'C:\cygwin\home\mmo\daisy\Simulations\MST_Taastrup\Hooghoudt_15\2D_75p_2\maize.dai' (cwd)
Trying 'c:/cygwin/home/mmo/daisy/lib\maize.dai' success!
*** input
**** file
In directory 'C:\cygwin\home\mmo\daisy\Simulations\MST_Taastrup\Hooghoudt_15\2D_75p_2':
Looking for file 'pea.dai'
Trying 'C:\cygwin\home\mmo\daisy\Simulations\MST_Taastrup\Hooghoudt_15\2D_75p_2\pea.dai' (cwd)
Trying 'c:/cygwin/home/mmo/daisy/lib\pea.dai' success!
*** input
**** file
In directory 'C:\cygwin\home\mmo\daisy\Simulations\MST_Taastrup\Hooghoudt_15\2D_75p_2':
Looking for file 'potato.dai'
Trying 'C:\cygwin\home\mmo\daisy\Simulations\MST_Taastrup\Hooghoudt_15\2D_75p_2\potato.dai' (cwd)
Trying 'c:/cygwin/home/mmo/daisy/lib\potato.dai' success!
*** input
**** file
In directory 'C:\cygwin\home\mmo\daisy\Simulations\MST_Taastrup\Hooghoudt_15\2D_75p_2':
Looking for file 'rye.dai'
Trying 'C:\cygwin\home\mmo\daisy\Simulations\MST_Taastrup\Hooghoudt_15\2D_75p_2\rye.dai' (cwd)
Trying 'c:/cygwin/home/mmo/daisy/lib\rye.dai' success!
*** input
**** file
In directory 'C:\cygwin\home\mmo\daisy\Simulations\MST_Taastrup\Hooghoudt_15\2D_75p_2':
Looking for file 'sbarley.dai'
Trying 'C:\cygwin\home\mmo\daisy\Simulations\MST_Taastrup\Hooghoudt_15\2D_75p_2\sbarley.dai' (cwd)
Trying 'c:/cygwin/home/mmo/daisy/lib\sbarley.dai' success!
*** input
**** file
In directory 'C:\cygwin\home\mmo\daisy\Simulations\MST_Taastrup\Hooghoudt_15\2D_75p_2':
Looking for file 'sugarbeet.dai'
Trying 'C:\cygwin\home\mmo\daisy\Simulations\MST_Taastrup\Hooghoudt_15\2D_75p_2\sugarbeet.dai' (cwd)
Trying 'c:/cygwin/home/mmo/daisy/lib\sugarbeet.dai' success!
*** input
**** file
In directory 'C:\cygwin\home\mmo\daisy\Simulations\MST_Taastrup\Hooghoudt_15\2D_75p_2':
Looking for file 'fodderbeet.dai'
Trying 'C:\cygwin\home\mmo\daisy\Simulations\MST_Taastrup\Hooghoudt_15\2D_75p_2\fodderbeet.dai' (cwd)
Trying 'c:/cygwin/home/mmo/daisy/lib\fodderbeet.dai' success!
*** input
**** file
In directory 'C:\cygwin\home\mmo\daisy\Simulations\MST_Taastrup\Hooghoudt_15\2D_75p_2':
Looking for file 'srape.dai'
Trying 'C:\cygwin\home\mmo\daisy\Simulations\MST_Taastrup\Hooghoudt_15\2D_75p_2\srape.dai' (cwd)
Trying 'c:/cygwin/home/mmo/daisy/lib\srape.dai' success!
*** input
**** file
In directory 'C:\cygwin\home\mmo\daisy\Simulations\MST_Taastrup\Hooghoudt_15\2D_75p_2':
Looking for file 'swheat.dai'
Trying 'C:\cygwin\home\mmo\daisy\Simulations\MST_Taastrup\Hooghoudt_15\2D_75p_2\swheat.dai' (cwd)
Trying 'c:/cygwin/home/mmo/daisy/lib\swheat.dai' success!
*** input
**** file
In directory 'C:\cygwin\home\mmo\daisy\Simulations\MST_Taastrup\Hooghoudt_15\2D_75p_2':
Looking for file 'wbarley.dai'
Trying 'C:\cygwin\home\mmo\daisy\Simulations\MST_Taastrup\Hooghoudt_15\2D_75p_2\wbarley.dai' (cwd)
Trying 'c:/cygwin/home/mmo/daisy/lib\wbarley.dai' success!
*** input
**** file
In directory 'C:\cygwin\home\mmo\daisy\Simulations\MST_Taastrup\Hooghoudt_15\2D_75p_2':
Looking for file 'wrape.dai'
Trying 'C:\cygwin\home\mmo\daisy\Simulations\MST_Taastrup\Hooghoudt_15\2D_75p_2\wrape.dai' (cwd)
Trying 'c:/cygwin/home/mmo/daisy/lib\wrape.dai' success!
*** input
**** file
In directory 'C:\cygwin\home\mmo\daisy\Simulations\MST_Taastrup\Hooghoudt_15\2D_75p_2':
Looking for file 'wwheat.dai'
Trying 'C:\cygwin\home\mmo\daisy\Simulations\MST_Taastrup\Hooghoudt_15\2D_75p_2\wwheat.dai' (cwd)
Trying 'c:/cygwin/home/mmo/daisy/lib\wwheat.dai' success!
*** input
**** file
In directory 'C:\cygwin\home\mmo\daisy\Simulations\MST_Taastrup\Hooghoudt_15\2D_75p_2':
Looking for file 'grass.dai'
Trying 'C:\cygwin\home\mmo\daisy\Simulations\MST_Taastrup\Hooghoudt_15\2D_75p_2\grass.dai' (cwd)
Trying 'c:/cygwin/home/mmo/daisy/lib\grass.dai' success!
*** input
**** file
In directory 'C:\cygwin\home\mmo\daisy\Simulations\MST_Taastrup\Hooghoudt_15\2D_75p_2':
Looking for file 'ryegrass.dai'
Trying 'C:\cygwin\home\mmo\daisy\Simulations\MST_Taastrup\Hooghoudt_15\2D_75p_2\ryegrass.dai' (cwd)
Trying 'c:/cygwin/home/mmo/daisy/lib\ryegrass.dai' success!
*** input
**** file
In directory 'C:\cygwin\home\mmo\daisy\Simulations\MST_Taastrup\Hooghoudt_15\2D_75p_2':
Looking for file 'wclover.dai'
Trying 'C:\cygwin\home\mmo\daisy\Simulations\MST_Taastrup\Hooghoudt_15\2D_75p_2\wclover.dai' (cwd)
Trying 'c:/cygwin/home/mmo/daisy/lib\wclover.dai' success!
*** input
**** file
In directory 'C:\cygwin\home\mmo\daisy\Simulations\MST_Taastrup\Hooghoudt_15\2D_75p_2':
Looking for file 'beetroot.dai'
Trying 'C:\cygwin\home\mmo\daisy\Simulations\MST_Taastrup\Hooghoudt_15\2D_75p_2\beetroot.dai' (cwd)
Trying 'c:/cygwin/home/mmo/daisy/lib\beetroot.dai' success!
*** input
**** file
In directory 'C:\cygwin\home\mmo\daisy\Simulations\MST_Taastrup\Hooghoudt_15\2D_75p_2':
Looking for file 'broccoli.dai'
Trying 'C:\cygwin\home\mmo\daisy\Simulations\MST_Taastrup\Hooghoudt_15\2D_75p_2\broccoli.dai' (cwd)
Trying 'c:/cygwin/home/mmo/daisy/lib\broccoli.dai' success!
*** input
**** file
In directory 'C:\cygwin\home\mmo\daisy\Simulations\MST_Taastrup\Hooghoudt_15\2D_75p_2':
Looking for file 'brusselssprouts.dai'
Trying 'C:\cygwin\home\mmo\daisy\Simulations\MST_Taastrup\Hooghoudt_15\2D_75p_2\brusselssprouts.dai' (cwd)
Trying 'c:/cygwin/home/mmo/daisy/lib\brusselssprouts.dai' success!
*** input
**** file
In directory 'C:\cygwin\home\mmo\daisy\Simulations\MST_Taastrup\Hooghoudt_15\2D_75p_2':
Looking for file 'celeriac.dai'
Trying 'C:\cygwin\home\mmo\daisy\Simulations\MST_Taastrup\Hooghoudt_15\2D_75p_2\celeriac.dai' (cwd)
Trying 'c:/cygwin/home/mmo/daisy/lib\celeriac.dai' success!
*** input
**** file
In directory 'C:\cygwin\home\mmo\daisy\Simulations\MST_Taastrup\Hooghoudt_15\2D_75p_2':
Looking for file 'earlypotato.dai'
Trying 'C:\cygwin\home\mmo\daisy\Simulations\MST_Taastrup\Hooghoudt_15\2D_75p_2\earlypotato.dai' (cwd)
Trying 'c:/cygwin/home/mmo/daisy/lib\earlypotato.dai' success!
*** input
**** file
In directory 'C:\cygwin\home\mmo\daisy\Simulations\MST_Taastrup\Hooghoudt_15\2D_75p_2':
Looking for file 'whitecabbage.dai'
Trying 'C:\cygwin\home\mmo\daisy\Simulations\MST_Taastrup\Hooghoudt_15\2D_75p_2\whitecabbage.dai' (cwd)
Trying 'c:/cygwin/home/mmo/daisy/lib\whitecabbage.dai' success!
*** input
**** file
In directory 'C:\cygwin\home\mmo\daisy\Simulations\MST_Taastrup\Hooghoudt_15\2D_75p_2':
Looking for file 'earlywhitecabbage.dai'
Trying 'C:\cygwin\home\mmo\daisy\Simulations\MST_Taastrup\Hooghoudt_15\2D_75p_2\earlywhitecabbage.dai' (cwd)
Trying 'c:/cygwin/home/mmo/daisy/lib\earlywhitecabbage.dai' success!
*** input
**** file
In directory 'C:\cygwin\home\mmo\daisy\Simulations\MST_Taastrup\Hooghoudt_15\2D_75p_2':
Looking for file 'onion.dai'
Trying 'C:\cygwin\home\mmo\daisy\Simulations\MST_Taastrup\Hooghoudt_15\2D_75p_2\onion.dai' (cwd)
Trying 'c:/cygwin/home/mmo/daisy/lib\onion.dai' success!
*** input
**** file
In directory 'C:\cygwin\home\mmo\daisy\Simulations\MST_Taastrup\Hooghoudt_15\2D_75p_2':
Looking for file 'onion_plantingofsets.dai'
Trying 'C:\cygwin\home\mmo\daisy\Simulations\MST_Taastrup\Hooghoudt_15\2D_75p_2\onion_plantingofsets.dai' (cwd)
Trying 'c:/cygwin/home/mmo/daisy/lib\onion_plantingofsets.dai' success!
** input
*** file
In directory 'C:\cygwin\home\mmo\daisy\Simulations\MST_Taastrup\Hooghoudt_15\2D_75p_2':
Looking for file 'tillage.dai'
Trying 'C:\cygwin\home\mmo\daisy\Simulations\MST_Taastrup\Hooghoudt_15\2D_75p_2\tillage.dai' (cwd)
Trying 'c:/cygwin/home/mmo/daisy/lib\tillage.dai' success!
** input
*** file
In directory 'C:\cygwin\home\mmo\daisy\Simulations\MST_Taastrup\Hooghoudt_15\2D_75p_2':
Looking for file 'fertilizer.dai'
Trying 'C:\cygwin\home\mmo\daisy\Simulations\MST_Taastrup\Hooghoudt_15\2D_75p_2\fertilizer.dai' (cwd)
Trying 'c:/cygwin/home/mmo/daisy/lib\fertilizer.dai' success!
** input
*** file
In directory 'C:\cygwin\home\mmo\daisy\Simulations\MST_Taastrup\Hooghoudt_15\2D_75p_2':
Looking for file 'hooghoudtchemicals_1.dai'
Trying 'C:\cygwin\home\mmo\daisy\Simulations\MST_Taastrup\Hooghoudt_15\2D_75p_2\hooghoudtchemicals_1.dai' (cwd) success!
** input
*** file
In directory 'C:\cygwin\home\mmo\daisy\Simulations\MST_Taastrup\Hooghoudt_15\2D_75p_2':
Looking for file 'dk-horizon.dai'
Trying 'C:\cygwin\home\mmo\daisy\Simulations\MST_Taastrup\Hooghoudt_15\2D_75p_2\dk-horizon.dai' (cwd)
Trying 'c:/cygwin/home/mmo/daisy/lib\dk-horizon.dai' success!
C:\cygwin\home\mmo\daisy\Simulations\MST_Taastrup\Hooghoudt_15\2D_75p_2\Hooghoudt_2D_15_75p_2.dai:73:22: Bromide is already defined in hooghoudtchemicals_1.dai, overwriting (warning)
Command line: C:\cygwin\home\mmo\daisy\daisy.exe C:\cygwin\home\mmo\daisy\Simulations\MST_Taastrup\Hooghoudt_15\2D_75p_2\Hooghoudt_2D_15_75p_2.dai
Storing 'daisy.log' in 'C:\cygwin\home\mmo\daisy\Simulations\MST_Taastrup\Hooghoudt_15\2D_75p_2'
* Weather: default
In directory 'C:\cygwin\home\mmo\daisy\Simulations\MST_Taastrup\Hooghoudt_15\2D_75p_2':
Looking for file 'dk-taastrup.dwf'
Trying 'C:\cygwin\home\mmo\daisy\Simulations\MST_Taastrup\Hooghoudt_15\2D_75p_2\dk-taastrup.dwf' (cwd) success!
* JB6Drainage
** Soil
*** Horizons
**** Ap_JB6
Quartz = 0.596384 []
h	h	Theta	K
cm	pF		cm/h
0		0.386	1.469
-1	0	0.384464	0.429366
-10	1	0.363289	0.0904371
-100	2	0.260454	0.00303026
-1000	3	0.151891	4.12747e-005
-15848.9	4.2	0.0771034	2.11921e-007
**** B_JB6
Quartz = 0.612033 []
h	h	Theta	K
cm	pF		cm/h
0		0.36	0.9584
-1	0	0.358155	0.260263
-10	1	0.333694	0.0453501
-100	2	0.231203	0.00098565
-1000	3	0.133151	8.50434e-006
-15848.9	4.2	0.0670066	2.54038e-008
**** C_JB6
Quartz = 0.608212 []
h	h	Theta	K
cm	pF		cm/h
0		0.3382	0.6246
-1	0	0.336792	0.156061
-10	1	0.318622	0.0285678
-100	2	0.234417	0.000600005
-1000	3	0.143764	4.08063e-006
-15848.9	4.2	0.0777595	8.75907e-009
** Bioclimate: default
Pet choosen: weather
Difrad choosen: DPF
** OrganicStandard
lay	humus	humus	input	input	AOM	SMB1	SMB2	SOM1	SOM2	SOM3	dSMB1	dSMB1	dSMB2	dSMB2	dSOM1	dSOM1	dSOM2	dSOM2	dSOM3	dSOM3
	kg C/ha/cm	%	kg C/ha/cm/y	%	%	%	%	%	%	%	kg C/ha/cm/y	y^-1	kg C/ha/cm/y	y^-1	kg C/ha/cm/y	y^-1	kg C/ha/cm/y	y^-1	kg C/ha/cm/y	y^-1
0	2247.52	2.5025	45.3151	2.01622	1.66897	0.160714	0.201648	140.926	-42.9574	3.08735e-014	0	0	0	0	-37.8278	-0.0119431	36.7278	-0.0380411	-0	-0	Above SOM1 limit
0	2247.52	2.5025	45.3151	2.01622	1.66897	1.3043	0.204901	67.7753	29.0465	-1.38931e-013	0	0	0	0	-8.15037	-0.00535059	-11.23	-0.0172021	-0	0
1	2247.52	2.5025	45.3151	2.01622	1.01725	0.158116	0.201641	142.096	-43.4735	0	0	0	0	0	-38.1742	-0.0119531	37.0742	-0.037944	-0	nan	Above SOM1 limit
1	2247.52	2.5025	45.3151	2.01622	1.01725	1.31296	0.204926	68.2254	29.2395	-4.47666e-013	0	0	0	0	-8.2045	-0.00535059	-11.3559	-0.0172802	-0	0
2	2247.52	2.5025	45.3151	2.01622	0.620021	0.156532	0.201636	142.81	-43.7881	4.63103e-014	0	0	0	0	-38.3853	-0.0119592	37.2853	-0.0378859	-0	-0	Above SOM1 limit
2	2247.52	2.5025	45.3151	2.01622	0.620021	1.31824	0.204941	68.4998	29.357	-2.31551e-013	0	0	0	0	-8.23749	-0.00535059	-11.4326	-0.0173273	-0	0
3	2247.52	2.5025	45.3151	2.01622	0.377907	0.155566	0.201634	143.245	-43.9798	1.54368e-014	0	0	0	0	-38.514	-0.0119629	37.414	-0.0378509	-0	-0	Above SOM1 limit
3	2247.52	2.5025	45.3151	2.01622	0.377907	1.32146	0.20495	68.667	29.4287	-2.31551e-013	0	0	0	0	-8.2576	-0.00535059	-11.4794	-0.0173558	-0	0
4	2247.52	2.5025	45.3151	2.01622	0.230337	0.154978	0.201632	143.51	-44.0967	0	0	0	0	0	-38.5924	-0.0119651	37.4924	-0.0378297	-0	nan	Above SOM1 limit
4	2247.52	2.5025	45.3151	2.01622	0.230337	1.32342	0.204956	68.7689	29.4724	-3.85919e-013	0	0	0	0	-8.26986	-0.00535059	-11.5079	-0.0173731	-0	0
5	2247.52	2.5025	45.3151	2.01622	0.140392	0.154619	0.201631	143.671	-44.1679	0	0	0	0	0	-38.6402	-0.0119664	37.5402	-0.0378169	-0	nan	Above SOM1 limit
5	2247.52	2.5025	45.3151	2.01622	0.140392	1.32461	0.204959	68.831	29.499	-1.38931e-013	0	0	0	0	-8.27733	-0.00535059	-11.5253	-0.0173836	-0	0
6	500.494	0.519896	3.20533	0.640435	0.384261	0.123881	0.064258	3.65021	3.73712	92.0403	0	0	0	0	0	0	0	0	-0	-0
7	500.494	0.519896	1.95367	0.390349	0.23421	0.0755062	0.0391657	2.22483	2.2778	95.1485	0	0	0	0	0	0	0	0	-0	-0
8	500.494	0.519896	0.92965	0.185747	0.111448	0.0359295	0.0186369	1.05868	1.08389	97.6914	0	0	0	0	0	0	0	0	-0	-0
9	500.494	0.519896	0.345364	0.0690046	0.0414028	0.0133477	0.00692358	0.393298	0.402662	99.1424	0	0	0	0	0	0	0	0	-0	-0
10	500.494	0.519896	0.128302	0.0256351	0.0153811	0.00495867	0.0025721	0.14611	0.149588	99.6814	0	0	0	0	0	0	0	0	-0	-0
11	500.494	0.519896	0.0476641	0.00952341	0.00571405	0.00184214	0.000955532	0.0542795	0.0555719	99.8816	0	0	0	0	0	0	0	0	-0	-0
12	222.299	0.220176	0.0177071	0.00796547	0.00477928	0.00157493	0.000799216	0.0464061	0.047511	99.8989	0	0	0	0	0	0	0	0	-0	-0
13	222.299	0.220176	0.00657817	0.00295916	0.0017755	0.000585084	0.000296908	0.0172398	0.0176503	99.9625	0	0	0	0	0	0	0	0	-0	-0
14	222.299	0.220176	0	0	0	-0	-0	-0	-0	100	0	nan	0	nan	0	nan	0	nan	-0	-0
15	222.299	0.220176	0	0	0	-0	-0	-0	-0	100	0	nan	0	nan	0	nan	0	nan	-0	-0
16	222.299	0.220176	0	0	0	-0	-0	-0	-0	100	0	nan	0	nan	0	nan	0	nan	-0	-0
17	222.299	0.220176	0	0	0	-0	-0	-0	-0	100	0	nan	0	nan	0	nan	0	nan	-0	-0
18	222.299	0.220176	0	0	0	-0	-0	-0	-0	100	0	nan	0	nan	0	nan	0	nan	-0	-0
19	222.299	0.220176	0	0	0	-0	-0	-0	-0	100	0	nan	0	nan	0	nan	0	nan	-0	-0
20	222.299	0.220176	0	0	0	-0	-0	-0	-0	100	0	nan	0	nan	0	nan	0	nan	-0	-0
21	222.299	0.220176	0	0	0	-0	-0	-0	-0	100	0	nan	0	nan	0	nan	0	nan	-0	-0
22	222.299	0.220176	0	0	0	-0	-0	-0	-0	100	0	nan	0	nan	0	nan	0	nan	-0	-0
23	222.299	0.220176	0	0	0	-0	-0	-0	-0	100	0	nan	0	nan	0	nan	0	nan	-0	-0
24	222.299	0.220176	0	0	0	-0	-0	-0	-0	100	0	nan	0	nan	0	nan	0	nan	-0	-0
25	2247.52	2.5025	45.3151	2.01622	1.66897	0.160714	0.201648	140.926	-42.9574	3.08735e-014	0	0	0	0	-37.8278	-0.0119431	36.7278	-0.0380411	-0	-0	Above SOM1 limit
25	2247.52	2.5025	45.3151	2.01622	1.66897	1.3043	0.204901	67.7753	29.0465	-1.38931e-013	0	0	0	0	-8.15037	-0.00535059	-11.23	-0.0172021	-0	0
26	2247.52	2.5025	45.3151	2.01622	1.01725	0.158116	0.201641	142.096	-43.4735	0	0	0	0	0	-38.1742	-0.0119531	37.0742	-0.037944	-0	nan	Above SOM1 limit
26	2247.52	2.5025	45.3151	2.01622	1.01725	1.31296	0.204926	68.2254	29.2395	-4.47666e-013	0	0	0	0	-8.2045	-0.00535059	-11.3559	-0.0172802	-0	0
27	2247.52	2.5025	45.3151	2.01622	0.620021	0.156532	0.201636	142.81	-43.7881	4.63103e-014	0	0	0	0	-38.3853	-0.0119592	37.2853	-0.0378859	-0	-0	Above SOM1 limit
27	2247.52	2.5025	45.3151	2.01622	0.620021	1.31824	0.204941	68.4998	29.357	-2.31551e-013	0	0	0	0	-8.23749	-0.00535059	-11.4326	-0.0173273	-0	0
28	2247.52	2.5025	45.3151	2.01622	0.377907	0.155566	0.201634	143.245	-43.9798	1.54368e-014	0	0	0	0	-38.514	-0.0119629	37.414	-0.0378509	-0	-0	Above SOM1 limit
28	2247.52	2.5025	45.3151	2.01622	0.377907	1.32146	0.20495	68.667	29.4287	-2.31551e-013	0	0	0	0	-8.2576	-0.00535059	-11.4794	-0.0173558	-0	0
29	2247.52	2.5025	45.3151	2.01622	0.230337	0.154978	0.201632	143.51	-44.0967	0	0	0	0	0	-38.5924	-0.0119651	37.4924	-0.0378297	-0	nan	Above SOM1 limit
29	2247.52	2.5025	45.3151	2.01622	0.230337	1.32342	0.204956	68.7689	29.4724	-3.85919e-013	0	0	0	0	-8.26986	-0.00535059	-11.5079	-0.0173731	-0	0
30	2247.52	2.5025	45.3151	2.01622	0.140392	0.154619	0.201631	143.671	-44.1679	0	0	0	0	0	-38.6402	-0.0119664	37.5402	-0.0378169	-0	nan	Above SOM1 limit
30	2247.52	2.5025	45.3151	2.01622	0.140392	1.32461	0.204959	68.831	29.499	-1.38931e-013	0	0	0	0	-8.27733	-0.00535059	-11.5253	-0.0173836	-0	0
31	500.494	0.519896	3.20533	0.640435	0.384261	0.123881	0.064258	3.65021	3.73712	92.0403	0	0	0	0	0	0	0	0	-0	-0
32	500.494	0.519896	1.95367	0.390349	0.23421	0.0755062	0.0391657	2.22483	2.2778	95.1485	0	0	0	0	0	0	0	0	-0	-0
33	500.494	0.519896	0.92965	0.185747	0.111448	0.0359295	0.0186369	1.05868	1.08389	97.6914	0	0	0	0	0	0	0	0	-0	-0
34	500.494	0.519896	0.345364	0.0690046	0.0414028	0.0133477	0.00692358	0.393298	0.402662	99.1424	0	0	0	0	0	0	0	0	-0	-0
35	500.494	0.519896	0.128302	0.0256351	0.0153811	0.00495867	0.0025721	0.14611	0.149588	99.6814	0	0	0	0	0	0	0	0	-0	-0
36	500.494	0.519896	0.0476641	0.00952341	0.00571405	0.00184214	0.000955532	0.0542795	0.0555719	99.8816	0	0	0	0	0	0	0	0	-0	-0
37	222.299	0.220176	0.0177071	0.00796547	0.00477928	0.00157493	0.000799216	0.0464061	0.047511	99.8989	0	0	0	0	0	0	0	0	-0	-0
38	222.299	0.220176	0.00657817	0.00295916	0.0017755	0.000585084	0.000296908	0.0172398	0.0176503	99.9625	0	0	0	0	0	0	0	0	-0	-0
39	222.299	0.220176	0	0	0	-0	-0	-0	-0	100	0	nan	0	nan	0	nan	0	nan	-0	-0
40	222.299	0.220176	0	0	0	-0	-0	-0	-0	100	0	nan	0	nan	0	nan	0	nan	-0	-0
41	222.299	0.220176	0	0	0	-0	-0	-0	-0	100	0	nan	0	nan	0	nan	0	nan	-0	-0
42	222.299	0.220176	0	0	0	-0	-0	-0	-0	100	0	nan	0	nan	0	nan	0	nan	-0	-0
43	222.299	0.220176	0	0	0	-0	-0	-0	-0	100	0	nan	0	nan	0	nan	0	nan	-0	-0
44	222.299	0.220176	0	0	0	-0	-0	-0	-0	100	0	nan	0	nan	0	nan	0	nan	-0	-0
45	222.299	0.220176	0	0	0	-0	-0	-0	-0	100	0	nan	0	nan	0	nan	0	nan	-0	-0
46	222.299	0.220176	0	0	0	-0	-0	-0	-0	100	0	nan	0	nan	0	nan	0	nan	-0	-0
47	222.299	0.220176	0	0	0	-0	-0	-0	-0	100	0	nan	0	nan	0	nan	0	nan	-0	-0
48	222.299	0.220176	0	0	0	-0	-0	-0	-0	100	0	nan	0	nan	0	nan	0	nan	-0	-0
49	222.299	0.220176	0	0	0	-0	-0	-0	-0	100	0	nan	0	nan	0	nan	0	nan	-0	-0
50	2247.52	2.5025	45.3151	2.01622	1.66897	0.160714	0.201648	140.926	-42.9574	3.08735e-014	0	0	0	0	-37.8278	-0.0119431	36.7278	-0.0380411	-0	-0	Above SOM1 limit
50	2247.52	2.5025	45.3151	2.01622	1.66897	1.3043	0.204901	67.7753	29.0465	-1.38931e-013	0	0	0	0	-8.15037	-0.00535059	-11.23	-0.0172021	-0	0
51	2247.52	2.5025	45.3151	2.01622	1.01725	0.158116	0.201641	142.096	-43.4735	0	0	0	0	0	-38.1742	-0.0119531	37.0742	-0.037944	-0	nan	Above SOM1 limit
51	2247.52	2.5025	45.3151	2.01622	1.01725	1.31296	0.204926	68.2254	29.2395	-4.47666e-013	0	0	0	0	-8.2045	-0.00535059	-11.3559	-0.0172802	-0	0
52	2247.52	2.5025	45.3151	2.01622	0.620021	0.156532	0.201636	142.81	-43.7881	4.63103e-014	0	0	0	0	-38.3853	-0.0119592	37.2853	-0.0378859	-0	-0	Above SOM1 limit
52	2247.52	2.5025	45.3151	2.01622	0.620021	1.31824	0.204941	68.4998	29.357	-2.31551e-013	0	0	0	0	-8.23749	-0.00535059	-11.4326	-0.0173273	-0	0
53	2247.52	2.5025	45.3151	2.01622	0.377907	0.155566	0.201634	143.245	-43.9798	1.54368e-014	0	0	0	0	-38.514	-0.0119629	37.414	-0.0378509	-0	-0	Above SOM1 limit
53	2247.52	2.5025	45.3151	2.01622	0.377907	1.32146	0.20495	68.667	29.4287	-2.31551e-013	0	0	0	0	-8.2576	-0.00535059	-11.4794	-0.0173558	-0	0
54	2247.52	2.5025	45.3151	2.01622	0.230337	0.154978	0.201632	143.51	-44.0967	0	0	0	0	0	-38.5924	-0.0119651	37.4924	-0.0378297	-0	nan	Above SOM1 limit
54	2247.52	2.5025	45.3151	2.01622	0.230337	1.32342	0.204956	68.7689	29.4724	-3.85919e-013	0	0	0	0	-8.26986	-0.00535059	-11.5079	-0.0173731	-0	0
55	2247.52	2.5025	45.3151	2.01622	0.140392	0.154619	0.201631	143.671	-44.1679	0	0	0	0	0	-38.6402	-0.0119664	37.5402	-0.0378169	-0	nan	Above SOM1 limit
55	2247.52	2.5025	45.3151	2.01622	0.140392	1.32461	0.204959	68.831	29.499	-1.38931e-013	0	0	0	0	-8.27733	-0.00535059	-11.5253	-0.0173836	-0	0
56	500.494	0.519896	3.20533	0.640435	0.384261	0.123881	0.064258	3.65021	3.73712	92.0403	0	0	0	0	0	0	0	0	-0	-0
57	500.494	0.519896	1.95367	0.390349	0.23421	0.0755062	0.0391657	2.22483	2.2778	95.1485	0	0	0	0	0	0	0	0	-0	-0
58	500.494	0.519896	0.92965	0.185747	0.111448	0.0359295	0.0186369	1.05868	1.08389	97.6914	0	0	0	0	0	0	0	0	-0	-0
59	500.494	0.519896	0.345364	0.0690046	0.0414028	0.0133477	0.00692358	0.393298	0.402662	99.1424	0	0	0	0	0	0	0	0	-0	-0
60	500.494	0.519896	0.128302	0.0256351	0.0153811	0.00495867	0.0025721	0.14611	0.149588	99.6814	0	0	0	0	0	0	0	0	-0	-0
61	500.494	0.519896	0.0476641	0.00952341	0.00571405	0.00184214	0.000955532	0.0542795	0.0555719	99.8816	0	0	0	0	0	0	0	0	-0	-0
62	222.299	0.220176	0.0177071	0.00796547	0.00477928	0.00157493	0.000799216	0.0464061	0.047511	99.8989	0	0	0	0	0	0	0	0	-0	-0
63	222.299	0.220176	0.00657817	0.00295916	0.0017755	0.000585084	0.000296908	0.0172398	0.0176503	99.9625	0	0	0	0	0	0	0	0	-0	-0
64	222.299	0.220176	0	0	0	-0	-0	-0	-0	100	0	nan	0	nan	0	nan	0	nan	-0	-0
65	222.299	0.220176	0	0	0	-0	-0	-0	-0	100	0	nan	0	nan	0	nan	0	nan	-0	-0
66	222.299	0.220176	0	0	0	-0	-0	-0	-0	100	0	nan	0	nan	0	nan	0	nan	-0	-0
67	222.299	0.220176	0	0	0	-0	-0	-0	-0	100	0	nan	0	nan	0	nan	0	nan	-0	-0
68	222.299	0.220176	0	0	0	-0	-0	-0	-0	100	0	nan	0	nan	0	nan	0	nan	-0	-0
69	222.299	0.220176	0	0	0	-0	-0	-0	-0	100	0	nan	0	nan	0	nan	0	nan	-0	-0
70	222.299	0.220176	0	0	0	-0	-0	-0	-0	100	0	nan	0	nan	0	nan	0	nan	-0	-0
71	222.299	0.220176	0	0	0	-0	-0	-0	-0	100	0	nan	0	nan	0	nan	0	nan	-0	-0
72	222.299	0.220176	0	0	0	-0	-0	-0	-0	100	0	nan	0	nan	0	nan	0	nan	-0	-0
73	222.299	0.220176	0	0	0	-0	-0	-0	-0	100	0	nan	0	nan	0	nan	0	nan	-0	-0
74	222.299	0.220176	0	0	0	-0	-0	-0	-0	100	0	nan	0	nan	0	nan	0	nan	-0	-0
75	2247.52	2.5025	45.3151	2.01622	1.66897	0.160714	0.201648	140.926	-42.9574	3.08735e-014	0	0	0	0	-37.8278	-0.0119431	36.7278	-0.0380411	-0	-0	Above SOM1 limit
75	2247.52	2.5025	45.3151	2.01622	1.66897	1.3043	0.204901	67.7753	29.0465	-1.38931e-013	0	0	0	0	-8.15037	-0.00535059	-11.23	-0.0172021	-0	0
76	2247.52	2.5025	45.3151	2.01622	1.01725	0.158116	0.201641	142.096	-43.4735	0	0	0	0	0	-38.1742	-0.0119531	37.0742	-0.037944	-0	nan	Above SOM1 limit
76	2247.52	2.5025	45.3151	2.01622	1.01725	1.31296	0.204926	68.2254	29.2395	-4.47666e-013	0	0	0	0	-8.2045	-0.00535059	-11.3559	-0.0172802	-0	0
77	2247.52	2.5025	45.3151	2.01622	0.620021	0.156532	0.201636	142.81	-43.7881	4.63103e-014	0	0	0	0	-38.3853	-0.0119592	37.2853	-0.0378859	-0	-0	Above SOM1 limit
77	2247.52	2.5025	45.3151	2.01622	0.620021	1.31824	0.204941	68.4998	29.357	-2.31551e-013	0	0	0	0	-8.23749	-0.00535059	-11.4326	-0.0173273	-0	0
78	2247.52	2.5025	45.3151	2.01622	0.377907	0.155566	0.201634	143.245	-43.9798	1.54368e-014	0	0	0	0	-38.514	-0.0119629	37.414	-0.0378509	-0	-0	Above SOM1 limit
78	2247.52	2.5025	45.3151	2.01622	0.377907	1.32146	0.20495	68.667	29.4287	-2.31551e-013	0	0	0	0	-8.2576	-0.00535059	-11.4794	-0.0173558	-0	0
79	2247.52	2.5025	45.3151	2.01622	0.230337	0.154978	0.201632	143.51	-44.0967	0	0	0	0	0	-38.5924	-0.0119651	37.4924	-0.0378297	-0	nan	Above SOM1 limit
79	2247.52	2.5025	45.3151	2.01622	0.230337	1.32342	0.204956	68.7689	29.4724	-3.85919e-013	0	0	0	0	-8.26986	-0.00535059	-11.5079	-0.0173731	-0	0
80	2247.52	2.5025	45.3151	2.01622	0.140392	0.154619	0.201631	143.671	-44.1679	0	0	0	0	0	-38.6402	-0.0119664	37.5402	-0.0378169	-0	nan	Above SOM1 limit
80	2247.52	2.5025	45.3151	2.01622	0.140392	1.32461	0.204959	68.831	29.499	-1.38931e-013	0	0	0	0	-8.27733	-0.00535059	-11.5253	-0.0173836	-0	0
81	500.494	0.519896	3.20533	0.640435	0.384261	0.123881	0.064258	3.65021	3.73712	92.0403	0	0	0	0	0	0	0	0	-0	-0
82	500.494	0.519896	1.95367	0.390349	0.23421	0.0755062	0.0391657	2.22483	2.2778	95.1485	0	0	0	0	0	0	0	0	-0	-0
83	500.494	0.519896	0.92965	0.185747	0.111448	0.0359295	0.0186369	1.05868	1.08389	97.6914	0	0	0	0	0	0	0	0	-0	-0
84	500.494	0.519896	0.345364	0.0690046	0.0414028	0.0133477	0.00692358	0.393298	0.402662	99.1424	0	0	0	0	0	0	0	0	-0	-0
85	500.494	0.519896	0.128302	0.0256351	0.0153811	0.00495867	0.0025721	0.14611	0.149588	99.6814	0	0	0	0	0	0	0	0	-0	-0
86	500.494	0.519896	0.0476641	0.00952341	0.00571405	0.00184214	0.000955532	0.0542795	0.0555719	99.8816	0	0	0	0	0	0	0	0	-0	-0
87	222.299	0.220176	0.0177071	0.00796547	0.00477928	0.00157493	0.000799216	0.0464061	0.047511	99.8989	0	0	0	0	0	0	0	0	-0	-0
88	222.299	0.220176	0.00657817	0.00295916	0.0017755	0.000585084	0.000296908	0.0172398	0.0176503	99.9625	0	0	0	0	0	0	0	0	-0	-0
89	222.299	0.220176	0	0	0	-0	-0	-0	-0	100	0	nan	0	nan	0	nan	0	nan	-0	-0
90	222.299	0.220176	0	0	0	-0	-0	-0	-0	100	0	nan	0	nan	0	nan	0	nan	-0	-0
91	222.299	0.220176	0	0	0	-0	-0	-0	-0	100	0	nan	0	nan	0	nan	0	nan	-0	-0
92	222.299	0.220176	0	0	0	-0	-0	-0	-0	100	0	nan	0	nan	0	nan	0	nan	-0	-0
93	222.299	0.220176	0	0	0	-0	-0	-0	-0	100	0	nan	0	nan	0	nan	0	nan	-0	-0
94	222.299	0.220176	0	0	0	-0	-0	-0	-0	100	0	nan	0	nan	0	nan	0	nan	-0	-0
95	222.299	0.220176	0	0	0	-0	-0	-0	-0	100	0	nan	0	nan	0	nan	0	nan	-0	-0
96	222.299	0.220176	0	0	0	-0	-0	-0	-0	100	0	nan	0	nan	0	nan	0	nan	-0	-0
97	222.299	0.220176	0	0	0	-0	-0	-0	-0	100	0	nan	0	nan	0	nan	0	nan	-0	-0
98	222.299	0.220176	0	0	0	-0	-0	-0	-0	100	0	nan	0	nan	0	nan	0	nan	-0	-0
99	222.299	0.220176	0	0	0	-0	-0	-0	-0	100	0	nan	0	nan	0	nan	0	nan	-0	-0
100	2247.52	2.5025	45.3151	2.01622	1.66897	0.160714	0.201648	140.926	-42.9574	3.08735e-014	0	0	0	0	-37.8278	-0.0119431	36.7278	-0.0380411	-0	-0	Above SOM1 limit
100	2247.52	2.5025	45.3151	2.01622	1.66897	1.3043	0.204901	67.7753	29.0465	-1.38931e-013	0	0	0	0	-8.15037	-0.00535059	-11.23	-0.0172021	-0	0
101	2247.52	2.5025	45.3151	2.01622	1.01725	0.158116	0.201641	142.096	-43.4735	0	0	0	0	0	-38.1742	-0.0119531	37.0742	-0.037944	-0	nan	Above SOM1 limit
101	2247.52	2.5025	45.3151	2.01622	1.01725	1.31296	0.204926	68.2254	29.2395	-4.47666e-013	0	0	0	0	-8.2045	-0.00535059	-11.3559	-0.0172802	-0	0
102	2247.52	2.5025	45.3151	2.01622	0.620021	0.156532	0.201636	142.81	-43.7881	4.63103e-014	0	0	0	0	-38.3853	-0.0119592	37.2853	-0.0378859	-0	-0	Above SOM1 limit
102	2247.52	2.5025	45.3151	2.01622	0.620021	1.31824	0.204941	68.4998	29.357	-2.31551e-013	0	0	0	0	-8.23749	-0.00535059	-11.4326	-0.0173273	-0	0
103	2247.52	2.5025	45.3151	2.01622	0.377907	0.155566	0.201634	143.245	-43.9798	1.54368e-014	0	0	0	0	-38.514	-0.0119629	37.414	-0.0378509	-0	-0	Above SOM1 limit
103	2247.52	2.5025	45.3151	2.01622	0.377907	1.32146	0.20495	68.667	29.4287	-2.31551e-013	0	0	0	0	-8.2576	-0.00535059	-11.4794	-0.0173558	-0	0
104	2247.52	2.5025	45.3151	2.01622	0.230337	0.154978	0.201632	143.51	-44.0967	0	0	0	0	0	-38.5924	-0.0119651	37.4924	-0.0378297	-0	nan	Above SOM1 limit
104	2247.52	2.5025	45.3151	2.01622	0.230337	1.32342	0.204956	68.7689	29.4724	-3.85919e-013	0	0	0	0	-8.26986	-0.00535059	-11.5079	-0.0173731	-0	0
105	2247.52	2.5025	45.3151	2.01622	0.140392	0.154619	0.201631	143.671	-44.1679	0	0	0	0	0	-38.6402	-0.0119664	37.5402	-0.0378169	-0	nan	Above SOM1 limit
105	2247.52	2.5025	45.3151	2.01622	0.140392	1.32461	0.204959	68.831	29.499	-1.38931e-013	0	0	0	0	-8.27733	-0.00535059	-11.5253	-0.0173836	-0	0
106	500.494	0.519896	3.20533	0.640435	0.384261	0.123881	0.064258	3.65021	3.73712	92.0403	0	0	0	0	0	0	0	0	-0	-0
107	500.494	0.519896	1.95367	0.390349	0.23421	0.0755062	0.0391657	2.22483	2.2778	95.1485	0	0	0	0	0	0	0	0	-0	-0
108	500.494	0.519896	0.92965	0.185747	0.111448	0.0359295	0.0186369	1.05868	1.08389	97.6914	0	0	0	0	0	0	0	0	-0	-0
109	500.494	0.519896	0.345364	0.0690046	0.0414028	0.0133477	0.00692358	0.393298	0.402662	99.1424	0	0	0	0	0	0	0	0	-0	-0
110	500.494	0.519896	0.128302	0.0256351	0.0153811	0.00495867	0.0025721	0.14611	0.149588	99.6814	0	0	0	0	0	0	0	0	-0	-0
111	500.494	0.519896	0.0476641	0.00952341	0.00571405	0.00184214	0.000955532	0.0542795	0.0555719	99.8816	0	0	0	0	0	0	0	0	-0	-0
112	222.299	0.220176	0.0177071	0.00796547	0.00477928	0.00157493	0.000799216	0.0464061	0.047511	99.8989	0	0	0	0	0	0	0	0	-0	-0
113	222.299	0.220176	0.00657817	0.00295916	0.0017755	0.000585084	0.000296908	0.0172398	0.0176503	99.9625	0	0	0	0	0	0	0	0	-0	-0
114	222.299	0.220176	0	0	0	-0	-0	-0	-0	100	0	nan	0	nan	0	nan	0	nan	-0	-0
115	222.299	0.220176	0	0	0	-0	-0	-0	-0	100	0	nan	0	nan	0	nan	0	nan	-0	-0
116	222.299	0.220176	0	0	0	-0	-0	-0	-0	100	0	nan	0	nan	0	nan	0	nan	-0	-0
117	222.299	0.220176	0	0	0	-0	-0	-0	-0	100	0	nan	0	nan	0	nan	0	nan	-0	-0
118	222.299	0.220176	0	0	0	-0	-0	-0	-0	100	0	nan	0	nan	0	nan	0	nan	-0	-0
119	222.299	0.220176	0	0	0	-0	-0	-0	-0	100	0	nan	0	nan	0	nan	0	nan	-0	-0
120	222.299	0.220176	0	0	0	-0	-0	-0	-0	100	0	nan	0	nan	0	nan	0	nan	-0	-0
121	222.299	0.220176	0	0	0	-0	-0	-0	-0	100	0	nan	0	nan	0	nan	0	nan	-0	-0
122	222.299	0.220176	0	0	0	-0	-0	-0	-0	100	0	nan	0	nan	0	nan	0	nan	-0	-0
123	222.299	0.220176	0	0	0	-0	-0	-0	-0	100	0	nan	0	nan	0	nan	0	nan	-0	-0
124	222.299	0.220176	0	0	0	-0	-0	-0	-0	100	0	nan	0	nan	0	nan	0	nan	-0	-0
125	2247.52	2.5025	45.3151	2.01622	1.66897	0.160714	0.201648	140.926	-42.9574	3.08735e-014	0	0	0	0	-37.8278	-0.0119431	36.7278	-0.0380411	-0	-0	Above SOM1 limit
125	2247.52	2.5025	45.3151	2.01622	1.66897	1.3043	0.204901	67.7753	29.0465	-1.38931e-013	0	0	0	0	-8.15037	-0.00535059	-11.23	-0.0172021	-0	0
126	2247.52	2.5025	45.3151	2.01622	1.01725	0.158116	0.201641	142.096	-43.4735	0	0	0	0	0	-38.1742	-0.0119531	37.0742	-0.037944	-0	nan	Above SOM1 limit
126	2247.52	2.5025	45.3151	2.01622	1.01725	1.31296	0.204926	68.2254	29.2395	-4.47666e-013	0	0	0	0	-8.2045	-0.00535059	-11.3559	-0.0172802	-0	0
127	2247.52	2.5025	45.3151	2.01622	0.620021	0.156532	0.201636	142.81	-43.7881	4.63103e-014	0	0	0	0	-38.3853	-0.0119592	37.2853	-0.0378859	-0	-0	Above SOM1 limit
127	2247.52	2.5025	45.3151	2.01622	0.620021	1.31824	0.204941	68.4998	29.357	-2.31551e-013	0	0	0	0	-8.23749	-0.00535059	-11.4326	-0.0173273	-0	0
128	2247.52	2.5025	45.3151	2.01622	0.377907	0.155566	0.201634	143.245	-43.9798	1.54368e-014	0	0	0	0	-38.514	-0.0119629	37.414	-0.0378509	-0	-0	Above SOM1 limit
128	2247.52	2.5025	45.3151	2.01622	0.377907	1.32146	0.20495	68.667	29.4287	-2.31551e-013	0	0	0	0	-8.2576	-0.00535059	-11.4794	-0.0173558	-0	0
129	2247.52	2.5025	45.3151	2.01622	0.230337	0.154978	0.201632	143.51	-44.0967	0	0	0	0	0	-38.5924	-0.0119651	37.4924	-0.0378297	-0	nan	Above SOM1 limit
129	2247.52	2.5025	45.3151	2.01622	0.230337	1.32342	0.204956	68.7689	29.4724	-3.85919e-013	0	0	0	0	-8.26986	-0.00535059	-11.5079	-0.0173731	-0	0
130	2247.52	2.5025	45.3151	2.01622	0.140392	0.154619	0.201631	143.671	-44.1679	0	0	0	0	0	-38.6402	-0.0119664	37.5402	-0.0378169	-0	nan	Above SOM1 limit
130	2247.52	2.5025	45.3151	2.01622	0.140392	1.32461	0.204959	68.831	29.499	-1.38931e-013	0	0	0	0	-8.27733	-0.00535059	-11.5253	-0.0173836	-0	0
131	500.494	0.519896	3.20533	0.640435	0.384261	0.123881	0.064258	3.65021	3.73712	92.0403	0	0	0	0	0	0	0	0	-0	-0
132	500.494	0.519896	1.95367	0.390349	0.23421	0.0755062	0.0391657	2.22483	2.2778	95.1485	0	0	0	0	0	0	0	0	-0	-0
133	500.494	0.519896	0.92965	0.185747	0.111448	0.0359295	0.0186369	1.05868	1.08389	97.6914	0	0	0	0	0	0	0	0	-0	-0
134	500.494	0.519896	0.345364	0.0690046	0.0414028	0.0133477	0.00692358	0.393298	0.402662	99.1424	0	0	0	0	0	0	0	0	-0	-0
135	500.494	0.519896	0.128302	0.0256351	0.0153811	0.00495867	0.0025721	0.14611	0.149588	99.6814	0	0	0	0	0	0	0	0	-0	-0
136	500.494	0.519896	0.0476641	0.00952341	0.00571405	0.00184214	0.000955532	0.0542795	0.0555719	99.8816	0	0	0	0	0	0	0	0	-0	-0
137	222.299	0.220176	0.0177071	0.00796547	0.00477928	0.00157493	0.000799216	0.0464061	0.047511	99.8989	0	0	0	0	0	0	0	0	-0	-0
138	222.299	0.220176	0.00657817	0.00295916	0.0017755	0.000585084	0.000296908	0.0172398	0.0176503	99.9625	0	0	0	0	0	0	0	0	-0	-0
139	222.299	0.220176	0	0	0	-0	-0	-0	-0	100	0	nan	0	nan	0	nan	0	nan	-0	-0
140	222.299	0.220176	0	0	0	-0	-0	-0	-0	100	0	nan	0	nan	0	nan	0	nan	-0	-0
141	222.299	0.220176	0	0	0	-0	-0	-0	-0	100	0	nan	0	nan	0	nan	0	nan	-0	-0
142	222.299	0.220176	0	0	0	-0	-0	-0	-0	100	0	nan	0	nan	0	nan	0	nan	-0	-0
143	222.299	0.220176	0	0	0	-0	-0	-0	-0	100	0	nan	0	nan	0	nan	0	nan	-0	-0
144	222.299	0.220176	0	0	0	-0	-0	-0	-0	100	0	nan	0	nan	0	nan	0	nan	-0	-0
145	222.299	0.220176	0	0	0	-0	-0	-0	-0	100	0	nan	0	nan	0	nan	0	nan	-0	-0
146	222.299	0.220176	0	0	0	-0	-0	-0	-0	100	0	nan	0	nan	0	nan	0	nan	-0	-0
147	222.299	0.220176	0	0	0	-0	-0	-0	-0	100	0	nan	0	nan	0	nan	0	nan	-0	-0
148	222.299	0.220176	0	0	0	-0	-0	-0	-0	100	0	nan	0	nan	0	nan	0	nan	-0	-0
149	222.299	0.220176	0	0	0	-0	-0	-0	-0	100	0	nan	0	nan	0	nan	0	nan	-0	-0
150	2247.52	2.5025	45.3151	2.01622	1.66897	0.160714	0.201648	140.926	-42.9574	3.08735e-014	0	0	0	0	-37.8278	-0.0119431	36.7278	-0.0380411	-0	-0	Above SOM1 limit
150	2247.52	2.5025	45.3151	2.01622	1.66897	1.3043	0.204901	67.7753	29.0465	-1.38931e-013	0	0	0	0	-8.15037	-0.00535059	-11.23	-0.0172021	-0	0
151	2247.52	2.5025	45.3151	2.01622	1.01725	0.158116	0.201641	142.096	-43.4735	0	0	0	0	0	-38.1742	-0.0119531	37.0742	-0.037944	-0	nan	Above SOM1 limit
151	2247.52	2.5025	45.3151	2.01622	1.01725	1.31296	0.204926	68.2254	29.2395	-4.47666e-013	0	0	0	0	-8.2045	-0.00535059	-11.3559	-0.0172802	-0	0
152	2247.52	2.5025	45.3151	2.01622	0.620021	0.156532	0.201636	142.81	-43.7881	4.63103e-014	0	0	0	0	-38.3853	-0.0119592	37.2853	-0.0378859	-0	-0	Above SOM1 limit
152	2247.52	2.5025	45.3151	2.01622	0.620021	1.31824	0.204941	68.4998	29.357	-2.31551e-013	0	0	0	0	-8.23749	-0.00535059	-11.4326	-0.0173273	-0	0
153	2247.52	2.5025	45.3151	2.01622	0.377907	0.155566	0.201634	143.245	-43.9798	1.54368e-014	0	0	0	0	-38.514	-0.0119629	37.414	-0.0378509	-0	-0	Above SOM1 limit
153	2247.52	2.5025	45.3151	2.01622	0.377907	1.32146	0.20495	68.667	29.4287	-2.31551e-013	0	0	0	0	-8.2576	-0.00535059	-11.4794	-0.0173558	-0	0
154	2247.52	2.5025	45.3151	2.01622	0.230337	0.154978	0.201632	143.51	-44.0967	0	0	0	0	0	-38.5924	-0.0119651	37.4924	-0.0378297	-0	nan	Above SOM1 limit
154	2247.52	2.5025	45.3151	2.01622	0.230337	1.32342	0.204956	68.7689	29.4724	-3.85919e-013	0	0	0	0	-8.26986	-0.00535059	-11.5079	-0.0173731	-0	0
155	2247.52	2.5025	45.3151	2.01622	0.140392	0.154619	0.201631	143.671	-44.1679	0	0	0	0	0	-38.6402	-0.0119664	37.5402	-0.0378169	-0	nan	Above SOM1 limit
155	2247.52	2.5025	45.3151	2.01622	0.140392	1.32461	0.204959	68.831	29.499	-1.38931e-013	0	0	0	0	-8.27733	-0.00535059	-11.5253	-0.0173836	-0	0
156	500.494	0.519896	3.20533	0.640435	0.384261	0.123881	0.064258	3.65021	3.73712	92.0403	0	0	0	0	0	0	0	0	-0	-0
157	500.494	0.519896	1.95367	0.390349	0.23421	0.0755062	0.0391657	2.22483	2.2778	95.1485	0	0	0	0	0	0	0	0	-0	-0
158	500.494	0.519896	0.92965	0.185747	0.111448	0.0359295	0.0186369	1.05868	1.08389	97.6914	0	0	0	0	0	0	0	0	-0	-0
159	500.494	0.519896	0.345364	0.0690046	0.0414028	0.0133477	0.00692358	0.393298	0.402662	99.1424	0	0	0	0	0	0	0	0	-0	-0
160	500.494	0.519896	0.128302	0.0256351	0.0153811	0.00495867	0.0025721	0.14611	0.149588	99.6814	0	0	0	0	0	0	0	0	-0	-0
161	500.494	0.519896	0.0476641	0.00952341	0.00571405	0.00184214	0.000955532	0.0542795	0.0555719	99.8816	0	0	0	0	0	0	0	0	-0	-0
162	222.299	0.220176	0.0177071	0.00796547	0.00477928	0.00157493	0.000799216	0.0464061	0.047511	99.8989	0	0	0	0	0	0	0	0	-0	-0
163	222.299	0.220176	0.00657817	0.00295916	0.0017755	0.000585084	0.000296908	0.0172398	0.0176503	99.9625	0	0	0	0	0	0	0	0	-0	-0
164	222.299	0.220176	0	0	0	-0	-0	-0	-0	100	0	nan	0	nan	0	nan	0	nan	-0	-0
165	222.299	0.220176	0	0	0	-0	-0	-0	-0	100	0	nan	0	nan	0	nan	0	nan	-0	-0
166	222.299	0.220176	0	0	0	-0	-0	-0	-0	100	0	nan	0	nan	0	nan	0	nan	-0	-0
167	222.299	0.220176	0	0	0	-0	-0	-0	-0	100	0	nan	0	nan	0	nan	0	nan	-0	-0
168	222.299	0.220176	0	0	0	-0	-0	-0	-0	100	0	nan	0	nan	0	nan	0	nan	-0	-0
169	222.299	0.220176	0	0	0	-0	-0	-0	-0	100	0	nan	0	nan	0	nan	0	nan	-0	-0
170	222.299	0.220176	0	0	0	-0	-0	-0	-0	100	0	nan	0	nan	0	nan	0	nan	-0	-0
171	222.299	0.220176	0	0	0	-0	-0	-0	-0	100	0	nan	0	nan	0	nan	0	nan	-0	-0
172	222.299	0.220176	0	0	0	-0	-0	-0	-0	100	0	nan	0	nan	0	nan	0	nan	-0	-0
173	222.299	0.220176	0	0	0	-0	-0	-0	-0	100	0	nan	0	nan	0	nan	0	nan	-0	-0
174	222.299	0.220176	0	0	0	-0	-0	-0	-0	100	0	nan	0	nan	0	nan	0	nan	-0	-0
175	2247.52	2.5025	45.3151	2.01622	1.66897	0.160714	0.201648	140.926	-42.9574	3.08735e-014	0	0	0	0	-37.8278	-0.0119431	36.7278	-0.0380411	-0	-0	Above SOM1 limit
175	2247.52	2.5025	45.3151	2.01622	1.66897	1.3043	0.204901	67.7753	29.0465	-1.38931e-013	0	0	0	0	-8.15037	-0.00535059	-11.23	-0.0172021	-0	0
176	2247.52	2.5025	45.3151	2.01622	1.01725	0.158116	0.201641	142.096	-43.4735	0	0	0	0	0	-38.1742	-0.0119531	37.0742	-0.037944	-0	nan	Above SOM1 limit
176	2247.52	2.5025	45.3151	2.01622	1.01725	1.31296	0.204926	68.2254	29.2395	-4.47666e-013	0	0	0	0	-8.2045	-0.00535059	-11.3559	-0.0172802	-0	0
177	2247.52	2.5025	45.3151	2.01622	0.620021	0.156532	0.201636	142.81	-43.7881	4.63103e-014	0	0	0	0	-38.3853	-0.0119592	37.2853	-0.0378859	-0	-0	Above SOM1 limit
177	2247.52	2.5025	45.3151	2.01622	0.620021	1.31824	0.204941	68.4998	29.357	-2.31551e-013	0	0	0	0	-8.23749	-0.00535059	-11.4326	-0.0173273	-0	0
178	2247.52	2.5025	45.3151	2.01622	0.377907	0.155566	0.201634	143.245	-43.9798	1.54368e-014	0	0	0	0	-38.514	-0.0119629	37.414	-0.0378509	-0	-0	Above SOM1 limit
178	2247.52	2.5025	45.3151	2.01622	0.377907	1.32146	0.20495	68.667	29.4287	-2.31551e-013	0	0	0	0	-8.2576	-0.00535059	-11.4794	-0.0173558	-0	0
179	2247.52	2.5025	45.3151	2.01622	0.230337	0.154978	0.201632	143.51	-44.0967	0	0	0	0	0	-38.5924	-0.0119651	37.4924	-0.0378297	-0	nan	Above SOM1 limit
179	2247.52	2.5025	45.3151	2.01622	0.230337	1.32342	0.204956	68.7689	29.4724	-3.85919e-013	0	0	0	0	-8.26986	-0.00535059	-11.5079	-0.0173731	-0	0
180	2247.52	2.5025	45.3151	2.01622	0.140392	0.154619	0.201631	143.671	-44.1679	0	0	0	0	0	-38.6402	-0.0119664	37.5402	-0.0378169	-0	nan	Above SOM1 limit
180	2247.52	2.5025	45.3151	2.01622	0.140392	1.32461	0.204959	68.831	29.499	-1.38931e-013	0	0	0	0	-8.27733	-0.00535059	-11.5253	-0.0173836	-0	0
181	500.494	0.519896	3.20533	0.640435	0.384261	0.123881	0.064258	3.65021	3.73712	92.0403	0	0	0	0	0	0	0	0	-0	-0
182	500.494	0.519896	1.95367	0.390349	0.23421	0.0755062	0.0391657	2.22483	2.2778	95.1485	0	0	0	0	0	0	0	0	-0	-0
183	500.494	0.519896	0.92965	0.185747	0.111448	0.0359295	0.0186369	1.05868	1.08389	97.6914	0	0	0	0	0	0	0	0	-0	-0
184	500.494	0.519896	0.345364	0.0690046	0.0414028	0.0133477	0.00692358	0.393298	0.402662	99.1424	0	0	0	0	0	0	0	0	-0	-0
185	500.494	0.519896	0.128302	0.0256351	0.0153811	0.00495867	0.0025721	0.14611	0.149588	99.6814	0	0	0	0	0	0	0	0	-0	-0
186	500.494	0.519896	0.0476641	0.00952341	0.00571405	0.00184214	0.000955532	0.0542795	0.0555719	99.8816	0	0	0	0	0	0	0	0	-0	-0
187	222.299	0.220176	0.0177071	0.00796547	0.00477928	0.00157493	0.000799216	0.0464061	0.047511	99.8989	0	0	0	0	0	0	0	0	-0	-0
188	222.299	0.220176	0.00657817	0.00295916	0.0017755	0.000585084	0.000296908	0.0172398	0.0176503	99.9625	0	0	0	0	0	0	0	0	-0	-0
189	222.299	0.220176	0	0	0	-0	-0	-0	-0	100	0	nan	0	nan	0	nan	0	nan	-0	-0
190	222.299	0.220176	0	0	0	-0	-0	-0	-0	100	0	nan	0	nan	0	nan	0	nan	-0	-0
191	222.299	0.220176	0	0	0	-0	-0	-0	-0	100	0	nan	0	nan	0	nan	0	nan	-0	-0
192	222.299	0.220176	0	0	0	-0	-0	-0	-0	100	0	nan	0	nan	0	nan	0	nan	-0	-0
193	222.299	0.220176	0	0	0	-0	-0	-0	-0	100	0	nan	0	nan	0	nan	0	nan	-0	-0
194	222.299	0.220176	0	0	0	-0	-0	-0	-0	100	0	nan	0	nan	0	nan	0	nan	-0	-0
195	222.299	0.220176	0	0	0	-0	-0	-0	-0	100	0	nan	0	nan	0	nan	0	nan	-0	-0
196	222.299	0.220176	0	0	0	-0	-0	-0	-0	100	0	nan	0	nan	0	nan	0	nan	-0	-0
197	222.299	0.220176	0	0	0	-0	-0	-0	-0	100	0	nan	0	nan	0	nan	0	nan	-0	-0
198	222.299	0.220176	0	0	0	-0	-0	-0	-0	100	0	nan	0	nan	0	nan	0	nan	-0	-0
199	222.299	0.220176	0	0	0	-0	-0	-0	-0	100	0	nan	0	nan	0	nan	0	nan	-0	-0
200	2247.52	2.5025	45.3151	2.01622	1.66897	0.160714	0.201648	140.926	-42.9574	3.08735e-014	0	0	0	0	-37.8278	-0.0119431	36.7278	-0.0380411	-0	-0	Above SOM1 limit
200	2247.52	2.5025	45.3151	2.01622	1.66897	1.3043	0.204901	67.7753	29.0465	-1.38931e-013	0	0	0	0	-8.15037	-0.00535059	-11.23	-0.0172021	-0	0
201	2247.52	2.5025	45.3151	2.01622	1.01725	0.158116	0.201641	142.096	-43.4735	0	0	0	0	0	-38.1742	-0.0119531	37.0742	-0.037944	-0	nan	Above SOM1 limit
201	2247.52	2.5025	45.3151	2.01622	1.01725	1.31296	0.204926	68.2254	29.2395	-4.47666e-013	0	0	0	0	-8.2045	-0.00535059	-11.3559	-0.0172802	-0	0
202	2247.52	2.5025	45.3151	2.01622	0.620021	0.156532	0.201636	142.81	-43.7881	4.63103e-014	0	0	0	0	-38.3853	-0.0119592	37.2853	-0.0378859	-0	-0	Above SOM1 limit
202	2247.52	2.5025	45.3151	2.01622	0.620021	1.31824	0.204941	68.4998	29.357	-2.31551e-013	0	0	0	0	-8.23749	-0.00535059	-11.4326	-0.0173273	-0	0
203	2247.52	2.5025	45.3151	2.01622	0.377907	0.155566	0.201634	143.245	-43.9798	1.54368e-014	0	0	0	0	-38.514	-0.0119629	37.414	-0.0378509	-0	-0	Above SOM1 limit
203	2247.52	2.5025	45.3151	2.01622	0.377907	1.32146	0.20495	68.667	29.4287	-2.31551e-013	0	0	0	0	-8.2576	-0.00535059	-11.4794	-0.0173558	-0	0
204	2247.52	2.5025	45.3151	2.01622	0.230337	0.154978	0.201632	143.51	-44.0967	0	0	0	0	0	-38.5924	-0.0119651	37.4924	-0.0378297	-0	nan	Above SOM1 limit
204	2247.52	2.5025	45.3151	2.01622	0.230337	1.32342	0.204956	68.7689	29.4724	-3.85919e-013	0	0	0	0	-8.26986	-0.00535059	-11.5079	-0.0173731	-0	0
205	2247.52	2.5025	45.3151	2.01622	0.140392	0.154619	0.201631	143.671	-44.1679	0	0	0	0	0	-38.6402	-0.0119664	37.5402	-0.0378169	-0	nan	Above SOM1 limit
205	2247.52	2.5025	45.3151	2.01622	0.140392	1.32461	0.204959	68.831	29.499	-1.38931e-013	0	0	0	0	-8.27733	-0.00535059	-11.5253	-0.0173836	-0	0
206	500.494	0.519896	3.20533	0.640435	0.384261	0.123881	0.064258	3.65021	3.73712	92.0403	0	0	0	0	0	0	0	0	-0	-0
207	500.494	0.519896	1.95367	0.390349	0.23421	0.0755062	0.0391657	2.22483	2.2778	95.1485	0	0	0	0	0	0	0	0	-0	-0
208	500.494	0.519896	0.92965	0.185747	0.111448	0.0359295	0.0186369	1.05868	1.08389	97.6914	0	0	0	0	0	0	0	0	-0	-0
209	500.494	0.519896	0.345364	0.0690046	0.0414028	0.0133477	0.00692358	0.393298	0.402662	99.1424	0	0	0	0	0	0	0	0	-0	-0
210	500.494	0.519896	0.128302	0.0256351	0.0153811	0.00495867	0.0025721	0.14611	0.149588	99.6814	0	0	0	0	0	0	0	0	-0	-0
211	500.494	0.519896	0.0476641	0.00952341	0.00571405	0.00184214	0.000955532	0.0542795	0.0555719	99.8816	0	0	0	0	0	0	0	0	-0	-0
212	222.299	0.220176	0.0177071	0.00796547	0.00477928	0.00157493	0.000799216	0.0464061	0.047511	99.8989	0	0	0	0	0	0	0	0	-0	-0
213	222.299	0.220176	0.00657817	0.00295916	0.0017755	0.000585084	0.000296908	0.0172398	0.0176503	99.9625	0	0	0	0	0	0	0	0	-0	-0
214	222.299	0.220176	0	0	0	-0	-0	-0	-0	100	0	nan	0	nan	0	nan	0	nan	-0	-0
215	222.299	0.220176	0	0	0	-0	-0	-0	-0	100	0	nan	0	nan	0	nan	0	nan	-0	-0
216	222.299	0.220176	0	0	0	-0	-0	-0	-0	100	0	nan	0	nan	0	nan	0	nan	-0	-0
217	222.299	0.220176	0	0	0	-0	-0	-0	-0	100	0	nan	0	nan	0	nan	0	nan	-0	-0
218	222.299	0.220176	0	0	0	-0	-0	-0	-0	100	0	nan	0	nan	0	nan	0	nan	-0	-0
219	222.299	0.220176	0	0	0	-0	-0	-0	-0	100	0	nan	0	nan	0	nan	0	nan	-0	-0
220	222.299	0.220176	0	0	0	-0	-0	-0	-0	100	0	nan	0	nan	0	nan	0	nan	-0	-0
221	222.299	0.220176	0	0	0	-0	-0	-0	-0	100	0	nan	0	nan	0	nan	0	nan	-0	-0
222	222.299	0.220176	0	0	0	-0	-0	-0	-0	100	0	nan	0	nan	0	nan	0	nan	-0	-0
223	222.299	0.220176	0	0	0	-0	-0	-0	-0	100	0	nan	0	nan	0	nan	0	nan	-0	-0
224	222.299	0.220176	0	0	0	-0	-0	-0	-0	100	0	nan	0	nan	0	nan	0	nan	-0	-0
225	2247.52	2.5025	45.3151	2.01622	1.66897	0.160714	0.201648	140.926	-42.9574	3.08735e-014	0	0	0	0	-37.8278	-0.0119431	36.7278	-0.0380411	-0	-0	Above SOM1 limit
225	2247.52	2.5025	45.3151	2.01622	1.66897	1.3043	0.204901	67.7753	29.0465	-1.38931e-013	0	0	0	0	-8.15037	-0.00535059	-11.23	-0.0172021	-0	0
226	2247.52	2.5025	45.3151	2.01622	1.01725	0.158116	0.201641	142.096	-43.4735	0	0	0	0	0	-38.1742	-0.0119531	37.0742	-0.037944	-0	nan	Above SOM1 limit
226	2247.52	2.5025	45.3151	2.01622	1.01725	1.31296	0.204926	68.2254	29.2395	-4.47666e-013	0	0	0	0	-8.2045	-0.00535059	-11.3559	-0.0172802	-0	0
227	2247.52	2.5025	45.3151	2.01622	0.620021	0.156532	0.201636	142.81	-43.7881	4.63103e-014	0	0	0	0	-38.3853	-0.0119592	37.2853	-0.0378859	-0	-0	Above SOM1 limit
227	2247.52	2.5025	45.3151	2.01622	0.620021	1.31824	0.204941	68.4998	29.357	-2.31551e-013	0	0	0	0	-8.23749	-0.00535059	-11.4326	-0.0173273	-0	0
228	2247.52	2.5025	45.3151	2.01622	0.377907	0.155566	0.201634	143.245	-43.9798	1.54368e-014	0	0	0	0	-38.514	-0.0119629	37.414	-0.0378509	-0	-0	Above SOM1 limit
228	2247.52	2.5025	45.3151	2.01622	0.377907	1.32146	0.20495	68.667	29.4287	-2.31551e-013	0	0	0	0	-8.2576	-0.00535059	-11.4794	-0.0173558	-0	0
229	2247.52	2.5025	45.3151	2.01622	0.230337	0.154978	0.201632	143.51	-44.0967	0	0	0	0	0	-38.5924	-0.0119651	37.4924	-0.0378297	-0	nan	Above SOM1 limit
229	2247.52	2.5025	45.3151	2.01622	0.230337	1.32342	0.204956	68.7689	29.4724	-3.85919e-013	0	0	0	0	-8.26986	-0.00535059	-11.5079	-0.0173731	-0	0
230	2247.52	2.5025	45.3151	2.01622	0.140392	0.154619	0.201631	143.671	-44.1679	0	0	0	0	0	-38.6402	-0.0119664	37.5402	-0.0378169	-0	nan	Above SOM1 limit
230	2247.52	2.5025	45.3151	2.01622	0.140392	1.32461	0.204959	68.831	29.499	-1.38931e-013	0	0	0	0	-8.27733	-0.00535059	-11.5253	-0.0173836	-0	0
231	500.494	0.519896	3.20533	0.640435	0.384261	0.123881	0.064258	3.65021	3.73712	92.0403	0	0	0	0	0	0	0	0	-0	-0
232	500.494	0.519896	1.95367	0.390349	0.23421	0.0755062	0.0391657	2.22483	2.2778	95.1485	0	0	0	0	0	0	0	0	-0	-0
233	500.494	0.519896	0.92965	0.185747	0.111448	0.0359295	0.0186369	1.05868	1.08389	97.6914	0	0	0	0	0	0	0	0	-0	-0
234	500.494	0.519896	0.345364	0.0690046	0.0414028	0.0133477	0.00692358	0.393298	0.402662	99.1424	0	0	0	0	0	0	0	0	-0	-0
235	500.494	0.519896	0.128302	0.0256351	0.0153811	0.00495867	0.0025721	0.14611	0.149588	99.6814	0	0	0	0	0	0	0	0	-0	-0
236	500.494	0.519896	0.0476641	0.00952341	0.00571405	0.00184214	0.000955532	0.0542795	0.0555719	99.8816	0	0	0	0	0	0	0	0	-0	-0
237	222.299	0.220176	0.0177071	0.00796547	0.00477928	0.00157493	0.000799216	0.0464061	0.047511	99.8989	0	0	0	0	0	0	0	0	-0	-0
238	222.299	0.220176	0.00657817	0.00295916	0.0017755	0.000585084	0.000296908	0.0172398	0.0176503	99.9625	0	0	0	0	0	0	0	0	-0	-0
239	222.299	0.220176	0	0	0	-0	-0	-0	-0	100	0	nan	0	nan	0	nan	0	nan	-0	-0
240	222.299	0.220176	0	0	0	-0	-0	-0	-0	100	0	nan	0	nan	0	nan	0	nan	-0	-0
241	222.299	0.220176	0	0	0	-0	-0	-0	-0	100	0	nan	0	nan	0	nan	0	nan	-0	-0
242	222.299	0.220176	0	0	0	-0	-0	-0	-0	100	0	nan	0	nan	0	nan	0	nan	-0	-0
243	222.299	0.220176	0	0	0	-0	-0	-0	-0	100	0	nan	0	nan	0	nan	0	nan	-0	-0
244	222.299	0.220176	0	0	0	-0	-0	-0	-0	100	0	nan	0	nan	0	nan	0	nan	-0	-0
245	222.299	0.220176	0	0	0	-0	-0	-0	-0	100	0	nan	0	nan	0	nan	0	nan	-0	-0
246	222.299	0.220176	0	0	0	-0	-0	-0	-0	100	0	nan	0	nan	0	nan	0	nan	-0	-0
247	222.299	0.220176	0	0	0	-0	-0	-0	-0	100	0	nan	0	nan	0	nan	0	nan	-0	-0
248	222.299	0.220176	0	0	0	-0	-0	-0	-0	100	0	nan	0	nan	0	nan	0	nan	-0	-0
249	222.299	0.220176	0	0	0	-0	-0	-0	-0	100	0	nan	0	nan	0	nan	0	nan	-0	-0
250	2247.52	2.5025	45.3151	2.01622	1.66897	0.160714	0.201648	140.926	-42.9574	3.08735e-014	0	0	0	0	-37.8278	-0.0119431	36.7278	-0.0380411	-0	-0	Above SOM1 limit
250	2247.52	2.5025	45.3151	2.01622	1.66897	1.3043	0.204901	67.7753	29.0465	-1.38931e-013	0	0	0	0	-8.15037	-0.00535059	-11.23	-0.0172021	-0	0
251	2247.52	2.5025	45.3151	2.01622	1.01725	0.158116	0.201641	142.096	-43.4735	0	0	0	0	0	-38.1742	-0.0119531	37.0742	-0.037944	-0	nan	Above SOM1 limit
251	2247.52	2.5025	45.3151	2.01622	1.01725	1.31296	0.204926	68.2254	29.2395	-4.47666e-013	0	0	0	0	-8.2045	-0.00535059	-11.3559	-0.0172802	-0	0
252	2247.52	2.5025	45.3151	2.01622	0.620021	0.156532	0.201636	142.81	-43.7881	4.63103e-014	0	0	0	0	-38.3853	-0.0119592	37.2853	-0.0378859	-0	-0	Above SOM1 limit
252	2247.52	2.5025	45.3151	2.01622	0.620021	1.31824	0.204941	68.4998	29.357	-2.31551e-013	0	0	0	0	-8.23749	-0.00535059	-11.4326	-0.0173273	-0	0
253	2247.52	2.5025	45.3151	2.01622	0.377907	0.155566	0.201634	143.245	-43.9798	1.54368e-014	0	0	0	0	-38.514	-0.0119629	37.414	-0.0378509	-0	-0	Above SOM1 limit
253	2247.52	2.5025	45.3151	2.01622	0.377907	1.32146	0.20495	68.667	29.4287	-2.31551e-013	0	0	0	0	-8.2576	-0.00535059	-11.4794	-0.0173558	-0	0
254	2247.52	2.5025	45.3151	2.01622	0.230337	0.154978	0.201632	143.51	-44.0967	0	0	0	0	0	-38.5924	-0.0119651	37.4924	-0.0378297	-0	nan	Above SOM1 limit
254	2247.52	2.5025	45.3151	2.01622	0.230337	1.32342	0.204956	68.7689	29.4724	-3.85919e-013	0	0	0	0	-8.26986	-0.00535059	-11.5079	-0.0173731	-0	0
255	2247.52	2.5025	45.3151	2.01622	0.140392	0.154619	0.201631	143.671	-44.1679	0	0	0	0	0	-38.6402	-0.0119664	37.5402	-0.0378169	-0	nan	Above SOM1 limit
255	2247.52	2.5025	45.3151	2.01622	0.140392	1.32461	0.204959	68.831	29.499	-1.38931e-013	0	0	0	0	-8.27733	-0.00535059	-11.5253	-0.0173836	-0	0
256	500.494	0.519896	3.20533	0.640435	0.384261	0.123881	0.064258	3.65021	3.73712	92.0403	0	0	0	0	0	0	0	0	-0	-0
257	500.494	0.519896	1.95367	0.390349	0.23421	0.0755062	0.0391657	2.22483	2.2778	95.1485	0	0	0	0	0	0	0	0	-0	-0
258	500.494	0.519896	0.92965	0.185747	0.111448	0.0359295	0.0186369	1.05868	1.08389	97.6914	0	0	0	0	0	0	0	0	-0	-0
259	500.494	0.519896	0.345364	0.0690046	0.0414028	0.0133477	0.00692358	0.393298	0.402662	99.1424	0	0	0	0	0	0	0	0	-0	-0
260	500.494	0.519896	0.128302	0.0256351	0.0153811	0.00495867	0.0025721	0.14611	0.149588	99.6814	0	0	0	0	0	0	0	0	-0	-0
261	500.494	0.519896	0.0476641	0.00952341	0.00571405	0.00184214	0.000955532	0.0542795	0.0555719	99.8816	0	0	0	0	0	0	0	0	-0	-0
262	222.299	0.220176	0.0177071	0.00796547	0.00477928	0.00157493	0.000799216	0.0464061	0.047511	99.8989	0	0	0	0	0	0	0	0	-0	-0
263	222.299	0.220176	0.00657817	0.00295916	0.0017755	0.000585084	0.000296908	0.0172398	0.0176503	99.9625	0	0	0	0	0	0	0	0	-0	-0
264	222.299	0.220176	0	0	0	-0	-0	-0	-0	100	0	nan	0	nan	0	nan	0	nan	-0	-0
265	222.299	0.220176	0	0	0	-0	-0	-0	-0	100	0	nan	0	nan	0	nan	0	nan	-0	-0
266	222.299	0.220176	0	0	0	-0	-0	-0	-0	100	0	nan	0	nan	0	nan	0	nan	-0	-0
267	222.299	0.220176	0	0	0	-0	-0	-0	-0	100	0	nan	0	nan	0	nan	0	nan	-0	-0
268	222.299	0.220176	0	0	0	-0	-0	-0	-0	100	0	nan	0	nan	0	nan	0	nan	-0	-0
269	222.299	0.220176	0	0	0	-0	-0	-0	-0	100	0	nan	0	nan	0	nan	0	nan	-0	-0
270	222.299	0.220176	0	0	0	-0	-0	-0	-0	100	0	nan	0	nan	0	nan	0	nan	-0	-0
271	222.299	0.220176	0	0	0	-0	-0	-0	-0	100	0	nan	0	nan	0	nan	0	nan	-0	-0
272	222.299	0.220176	0	0	0	-0	-0	-0	-0	100	0	nan	0	nan	0	nan	0	nan	-0	-0
273	222.299	0.220176	0	0	0	-0	-0	-0	-0	100	0	nan	0	nan	0	nan	0	nan	-0	-0
274	222.299	0.220176	0	0	0	-0	-0	-0	-0	100	0	nan	0	nan	0	nan	0	nan	-0	-0
275	2247.52	2.5025	45.3151	2.01622	1.66897	0.160714	0.201648	140.926	-42.9574	3.08735e-014	0	0	0	0	-37.8278	-0.0119431	36.7278	-0.0380411	-0	-0	Above SOM1 limit
275	2247.52	2.5025	45.3151	2.01622	1.66897	1.3043	0.204901	67.7753	29.0465	-1.38931e-013	0	0	0	0	-8.15037	-0.00535059	-11.23	-0.0172021	-0	0
276	2247.52	2.5025	45.3151	2.01622	1.01725	0.158116	0.201641	142.096	-43.4735	0	0	0	0	0	-38.1742	-0.0119531	37.0742	-0.037944	-0	nan	Above SOM1 limit
276	2247.52	2.5025	45.3151	2.01622	1.01725	1.31296	0.204926	68.2254	29.2395	-4.47666e-013	0	0	0	0	-8.2045	-0.00535059	-11.3559	-0.0172802	-0	0
277	2247.52	2.5025	45.3151	2.01622	0.620021	0.156532	0.201636	142.81	-43.7881	4.63103e-014	0	0	0	0	-38.3853	-0.0119592	37.2853	-0.0378859	-0	-0	Above SOM1 limit
277	2247.52	2.5025	45.3151	2.01622	0.620021	1.31824	0.204941	68.4998	29.357	-2.31551e-013	0	0	0	0	-8.23749	-0.00535059	-11.4326	-0.0173273	-0	0
278	2247.52	2.5025	45.3151	2.01622	0.377907	0.155566	0.201634	143.245	-43.9798	1.54368e-014	0	0	0	0	-38.514	-0.0119629	37.414	-0.0378509	-0	-0	Above SOM1 limit
278	2247.52	2.5025	45.3151	2.01622	0.377907	1.32146	0.20495	68.667	29.4287	-2.31551e-013	0	0	0	0	-8.2576	-0.00535059	-11.4794	-0.0173558	-0	0
279	2247.52	2.5025	45.3151	2.01622	0.230337	0.154978	0.201632	143.51	-44.0967	0	0	0	0	0	-38.5924	-0.0119651	37.4924	-0.0378297	-0	nan	Above SOM1 limit
279	2247.52	2.5025	45.3151	2.01622	0.230337	1.32342	0.204956	68.7689	29.4724	-3.85919e-013	0	0	0	0	-8.26986	-0.00535059	-11.5079	-0.0173731	-0	0
280	2247.52	2.5025	45.3151	2.01622	0.140392	0.154619	0.201631	143.671	-44.1679	0	0	0	0	0	-38.6402	-0.0119664	37.5402	-0.0378169	-0	nan	Above SOM1 limit
280	2247.52	2.5025	45.3151	2.01622	0.140392	1.32461	0.204959	68.831	29.499	-1.38931e-013	0	0	0	0	-8.27733	-0.00535059	-11.5253	-0.0173836	-0	0
281	500.494	0.519896	3.20533	0.640435	0.384261	0.123881	0.064258	3.65021	3.73712	92.0403	0	0	0	0	0	0	0	0	-0	-0
282	500.494	0.519896	1.95367	0.390349	0.23421	0.0755062	0.0391657	2.22483	2.2778	95.1485	0	0	0	0	0	0	0	0	-0	-0
283	500.494	0.519896	0.92965	0.185747	0.111448	0.0359295	0.0186369	1.05868	1.08389	97.6914	0	0	0	0	0	0	0	0	-0	-0
284	500.494	0.519896	0.345364	0.0690046	0.0414028	0.0133477	0.00692358	0.393298	0.402662	99.1424	0	0	0	0	0	0	0	0	-0	-0
285	500.494	0.519896	0.128302	0.0256351	0.0153811	0.00495867	0.0025721	0.14611	0.149588	99.6814	0	0	0	0	0	0	0	0	-0	-0
286	500.494	0.519896	0.0476641	0.00952341	0.00571405	0.00184214	0.000955532	0.0542795	0.0555719	99.8816	0	0	0	0	0	0	0	0	-0	-0
287	222.299	0.220176	0.0177071	0.00796547	0.00477928	0.00157493	0.000799216	0.0464061	0.047511	99.8989	0	0	0	0	0	0	0	0	-0	-0
288	222.299	0.220176	0.00657817	0.00295916	0.0017755	0.000585084	0.000296908	0.0172398	0.0176503	99.9625	0	0	0	0	0	0	0	0	-0	-0
289	222.299	0.220176	0	0	0	-0	-0	-0	-0	100	0	nan	0	nan	0	nan	0	nan	-0	-0
290	222.299	0.220176	0	0	0	-0	-0	-0	-0	100	0	nan	0	nan	0	nan	0	nan	-0	-0
291	222.299	0.220176	0	0	0	-0	-0	-0	-0	100	0	nan	0	nan	0	nan	0	nan	-0	-0
292	222.299	0.220176	0	0	0	-0	-0	-0	-0	100	0	nan	0	nan	0	nan	0	nan	-0	-0
293	222.299	0.220176	0	0	0	-0	-0	-0	-0	100	0	nan	0	nan	0	nan	0	nan	-0	-0
294	222.299	0.220176	0	0	0	-0	-0	-0	-0	100	0	nan	0	nan	0	nan	0	nan	-0	-0
295	222.299	0.220176	0	0	0	-0	-0	-0	-0	100	0	nan	0	nan	0	nan	0	nan	-0	-0
296	222.299	0.220176	0	0	0	-0	-0	-0	-0	100	0	nan	0	nan	0	nan	0	nan	-0	-0
297	222.299	0.220176	0	0	0	-0	-0	-0	-0	100	0	nan	0	nan	0	nan	0	nan	-0	-0
298	222.299	0.220176	0	0	0	-0	-0	-0	-0	100	0	nan	0	nan	0	nan	0	nan	-0	-0
299	222.299	0.220176	0	0	0	-0	-0	-0	-0	100	0	nan	0	nan	0	nan	0	nan	-0	-0
300	2247.52	2.5025	45.3151	2.01622	1.66897	0.160714	0.201648	140.926	-42.9574	3.08735e-014	0	0	0	0	-37.8278	-0.0119431	36.7278	-0.0380411	-0	-0	Above SOM1 limit
300	2247.52	2.5025	45.3151	2.01622	1.66897	1.3043	0.204901	67.7753	29.0465	-1.38931e-013	0	0	0	0	-8.15037	-0.00535059	-11.23	-0.0172021	-0	0
301	2247.52	2.5025	45.3151	2.01622	1.01725	0.158116	0.201641	142.096	-43.4735	0	0	0	0	0	-38.1742	-0.0119531	37.0742	-0.037944	-0	nan	Above SOM1 limit
301	2247.52	2.5025	45.3151	2.01622	1.01725	1.31296	0.204926	68.2254	29.2395	-4.47666e-013	0	0	0	0	-8.2045	-0.00535059	-11.3559	-0.0172802	-0	0
302	2247.52	2.5025	45.3151	2.01622	0.620021	0.156532	0.201636	142.81	-43.7881	4.63103e-014	0	0	0	0	-38.3853	-0.0119592	37.2853	-0.0378859	-0	-0	Above SOM1 limit
302	2247.52	2.5025	45.3151	2.01622	0.620021	1.31824	0.204941	68.4998	29.357	-2.31551e-013	0	0	0	0	-8.23749	-0.00535059	-11.4326	-0.0173273	-0	0
303	2247.52	2.5025	45.3151	2.01622	0.377907	0.155566	0.201634	143.245	-43.9798	1.54368e-014	0	0	0	0	-38.514	-0.0119629	37.414	-0.0378509	-0	-0	Above SOM1 limit
303	2247.52	2.5025	45.3151	2.01622	0.377907	1.32146	0.20495	68.667	29.4287	-2.31551e-013	0	0	0	0	-8.2576	-0.00535059	-11.4794	-0.0173558	-0	0
304	2247.52	2.5025	45.3151	2.01622	0.230337	0.154978	0.201632	143.51	-44.0967	0	0	0	0	0	-38.5924	-0.0119651	37.4924	-0.0378297	-0	nan	Above SOM1 limit
304	2247.52	2.5025	45.3151	2.01622	0.230337	1.32342	0.204956	68.7689	29.4724	-3.85919e-013	0	0	0	0	-8.26986	-0.00535059	-11.5079	-0.0173731	-0	0
305	2247.52	2.5025	45.3151	2.01622	0.140392	0.154619	0.201631	143.671	-44.1679	0	0	0	0	0	-38.6402	-0.0119664	37.5402	-0.0378169	-0	nan	Above SOM1 limit
305	2247.52	2.5025	45.3151	2.01622	0.140392	1.32461	0.204959	68.831	29.499	-1.38931e-013	0	0	0	0	-8.27733	-0.00535059	-11.5253	-0.0173836	-0	0
306	500.494	0.519896	3.20533	0.640435	0.384261	0.123881	0.064258	3.65021	3.73712	92.0403	0	0	0	0	0	0	0	0	-0	-0
307	500.494	0.519896	1.95367	0.390349	0.23421	0.0755062	0.0391657	2.22483	2.2778	95.1485	0	0	0	0	0	0	0	0	-0	-0
308	500.494	0.519896	0.92965	0.185747	0.111448	0.0359295	0.0186369	1.05868	1.08389	97.6914	0	0	0	0	0	0	0	0	-0	-0
309	500.494	0.519896	0.345364	0.0690046	0.0414028	0.0133477	0.00692358	0.393298	0.402662	99.1424	0	0	0	0	0	0	0	0	-0	-0
310	500.494	0.519896	0.128302	0.0256351	0.0153811	0.00495867	0.0025721	0.14611	0.149588	99.6814	0	0	0	0	0	0	0	0	-0	-0
311	500.494	0.519896	0.0476641	0.00952341	0.00571405	0.00184214	0.000955532	0.0542795	0.0555719	99.8816	0	0	0	0	0	0	0	0	-0	-0
312	222.299	0.220176	0.0177071	0.00796547	0.00477928	0.00157493	0.000799216	0.0464061	0.047511	99.8989	0	0	0	0	0	0	0	0	-0	-0
313	222.299	0.220176	0.00657817	0.00295916	0.0017755	0.000585084	0.000296908	0.0172398	0.0176503	99.9625	0	0	0	0	0	0	0	0	-0	-0
314	222.299	0.220176	0	0	0	-0	-0	-0	-0	100	0	nan	0	nan	0	nan	0	nan	-0	-0
315	222.299	0.220176	0	0	0	-0	-0	-0	-0	100	0	nan	0	nan	0	nan	0	nan	-0	-0
316	222.299	0.220176	0	0	0	-0	-0	-0	-0	100	0	nan	0	nan	0	nan	0	nan	-0	-0
317	222.299	0.220176	0	0	0	-0	-0	-0	-0	100	0	nan	0	nan	0	nan	0	nan	-0	-0
318	222.299	0.220176	0	0	0	-0	-0	-0	-0	100	0	nan	0	nan	0	nan	0	nan	-0	-0
319	222.299	0.220176	0	0	0	-0	-0	-0	-0	100	0	nan	0	nan	0	nan	0	nan	-0	-0
320	222.299	0.220176	0	0	0	-0	-0	-0	-0	100	0	nan	0	nan	0	nan	0	nan	-0	-0
321	222.299	0.220176	0	0	0	-0	-0	-0	-0	100	0	nan	0	nan	0	nan	0	nan	-0	-0
322	222.299	0.220176	0	0	0	-0	-0	-0	-0	100	0	nan	0	nan	0	nan	0	nan	-0	-0
323	222.299	0.220176	0	0	0	-0	-0	-0	-0	100	0	nan	0	nan	0	nan	0	nan	-0	-0
324	222.299	0.220176	0	0	0	-0	-0	-0	-0	100	0	nan	0	nan	0	nan	0	nan	-0	-0
*** Total soil summary
Expected humus change: -471713 [kg C/ha/y], -5.65037e-007 [y^-1].
Expected background mineralization: 42883 [kg N/ha/y].
*** Top soil summary
	SOM1	SOM2	SOM3	SMB1	SMB2	AOM1	AOM2	total
kg C/ha	3.69284e+007	1.58264e+007	0	710664	110545	291630	72907.4	5.39405e+007
kg N/ha	3.3404e+006	1.4316e+006	0	106069	16499.3	3240.33	5873.1	4.90369e+006

Depth	30	cm
T	7.8	dg C
h	-100	cm
clay	12.4124	%
Specified input	1400	kg C/ha/y
Specified background mineralization	3	kg N/ha/y
Zone input	1.08756e+006	kg C/ha/y
Zone background mineralization	0	kg C/ha/y
Zone humus change	0	kg C/ha/y
Time	Mon Jan 25 17:18:57 2010

Program started Mon Jan 25 17:18:55 2010, 2 seconds ago.
* Running
** 1985-03-01T00:00:00
Begin simulation
** 1985-03-05T09:00:00
Fertilizing 100 kg N25S-N/ha
** 1985-03-05T10:00:00
Tillage operation plowing
** 1985-04-05T09:00:00
Tillage operation seed_bed_preparation
** 1985-04-05T10:00:00
Sowing Byg
*** JB6Drainage
**** sow
***** Byg
Water stress calculated from energy balance
Nitrogen stress handled by crop nitrogen module
** 1985-04-27T00:00:00
*** crop: Byg tick
Emerging
** 1985-05-12T08:00:00
*** crop: Byg tick
Luxury nitrogen uptake initiated
** 1985-05-28T02:00:00
*** crop: Byg tick
Crop affected by nitrogen stress
** 1985-06-07T11:00:00
*** crop: Byg tick
Luxury nitrogen uptake initiated
** 1985-06-23T00:00:00
*** crop: Byg tick
Flowering
** 1985-08-12T00:00:00
*** crop: Byg tick
Ripe
** 1985-08-12T02:00:00
Harvesting Byg, removing 8.74913 Mg DM/ha
** 1986-03-05T09:00:00
Fertilizing 100 kg N25S-N/ha
** 1986-03-05T10:00:00
Tillage operation plowing
** 1986-04-05T09:00:00
Tillage operation seed_bed_preparation
** 1986-04-05T10:00:00
Sowing Byg
*** JB6Drainage
**** sow
***** Byg
Water stress calculated from energy balance
Nitrogen stress handled by crop nitrogen module
** 1986-05-01T00:00:00
*** crop: Byg tick
Emerging
** 1986-05-07T20:00:00
*** crop: Byg tick
Luxury nitrogen uptake initiated
** 1986-05-23T00:00:00
*** crop: Byg tick
Crop affected by nitrogen stress
** 1986-06-19T20:00:00
*** crop: Byg tick
Luxury nitrogen uptake initiated
** 1986-06-24T00:00:00
*** crop: Byg tick
Flowering
** 1986-08-12T00:00:00
*** crop: Byg tick
Ripe
** 1986-08-12T02:00:00
Harvesting Byg, removing 10.4073 Mg DM/ha
** 1987-03-05T09:00:00
Fertilizing 100 kg N25S-N/ha
** 1987-03-05T10:00:00
Tillage operation plowing
** 1987-04-05T09:00:00
Tillage operation seed_bed_preparation
** 1987-04-05T10:00:00
Sowing Byg
*** JB6Drainage
**** sow
***** Byg
Water stress calculated from energy balance
Nitrogen stress handled by crop nitrogen module
** 1987-04-26T00:00:00
*** crop: Byg tick
Emerging
** 1987-05-06T06:00:00
*** crop: Byg tick
Luxury nitrogen uptake initiated
** 1987-05-27T17:00:00
*** crop: Byg tick
Crop affected by nitrogen stress
** 1987-05-31T08:00:00
*** crop: Byg tick
Luxury nitrogen uptake initiated
** 1987-05-31T09:00:00
*** crop: Byg tick
Crop affected by nitrogen stress
** 1987-05-31T10:00:00
*** crop: Byg tick
Luxury nitrogen uptake initiated
** 1987-05-31T11:00:00
*** crop: Byg tick
Crop affected by nitrogen stress
** 1987-06-15T02:00:00
*** crop: Byg tick
Luxury nitrogen uptake initiated
** 1987-07-04T00:00:00
*** crop: Byg tick
Flowering
** 1987-08-26T00:00:00
*** crop: Byg tick
Ripe
** 1987-08-26T02:00:00
Harvesting Byg, removing 9.74781 Mg DM/ha
** 1988-03-05T09:00:00
Fertilizing 100 kg N25S-N/ha
** 1988-03-05T10:00:00
Tillage operation plowing
** 1988-04-05T09:00:00
Tillage operation seed_bed_preparation
** 1988-04-05T10:00:00
Sowing Byg
*** JB6Drainage
**** sow
***** Byg
Water stress calculated from energy balance
Nitrogen stress handled by crop nitrogen module
** 1988-04-23T00:00:00
*** crop: Byg tick
Emerging
** 1988-05-07T18:00:00
*** crop: Byg tick
Luxury nitrogen uptake initiated
** 1988-05-24T19:00:00
*** crop: Byg tick
Crop affected by nitrogen stress
** 1988-06-08T00:00:00
*** crop: Byg tick
Luxury nitrogen uptake initiated
** 1988-06-17T00:00:00
*** crop: Byg tick
Flowering
** 1988-07-18T15:00:00
*** crop: Byg tick
Crop affected by nitrogen stress
** 1988-07-24T01:00:00
*** crop: Byg tick
Luxury nitrogen uptake initiated
** 1988-08-05T00:00:00
*** crop: Byg tick
Ripe
** 1988-08-05T02:00:00
Harvesting Byg, removing 10.5089 Mg DM/ha
** 1989-03-05T09:00:00
Fertilizing 100 kg N25S-N/ha
** 1989-03-05T10:00:00
Tillage operation plowing
** 1989-04-05T09:00:00
Tillage operation seed_bed_preparation
** 1989-04-05T10:00:00
Sowing Byg
*** JB6Drainage
**** sow
***** Byg
Water stress calculated from energy balance
Nitrogen stress handled by crop nitrogen module
** 1989-04-20T00:00:00
*** crop: Byg tick
Emerging
** 1989-05-04T15:00:00
*** crop: Byg tick
Luxury nitrogen uptake initiated
** 1989-06-21T00:00:00
*** crop: Byg tick
Flowering
** 1989-08-11T00:00:00
*** crop: Byg tick
Ripe
** 1989-08-11T02:00:00
Harvesting Byg, removing 7.68485 Mg DM/ha
** 1989-09-01T09:00:00
Spraying 1000 g Bromide_1/ha
** 1990-03-05T09:00:00
Fertilizing 100 kg N25S-N/ha
** 1990-03-05T10:00:00
Tillage operation plowing
** 1990-04-01T00:00:00
Start logging
** 1990-04-05T09:00:00
Tillage operation seed_bed_preparation
** 1990-04-05T10:00:00
Sowing Byg
*** JB6Drainage
**** sow
***** Byg
Water stress calculated from energy balance
Nitrogen stress handled by crop nitrogen module
** 1990-04-24T00:00:00
*** crop: Byg tick
Emerging
** 1990-05-02T15:00:00
*** crop: Byg tick
Luxury nitrogen uptake initiated
** 1990-05-18T18:00:00
*** crop: Byg tick
Crop affected by nitrogen stress
** 1990-06-02T21:00:00
*** crop: Byg tick
Luxury nitrogen uptake initiated
** 1990-06-18T00:00:00
*** crop: Byg tick
Flowering
** 1990-08-07T00:00:00
*** crop: Byg tick
Ripe
** 1990-08-07T02:00:00
Harvesting Byg, removing 9.37641 Mg DM/ha
** 1990-09-01T09:00:00
Spraying 1000 g Bromide_2/ha
** 1991-03-05T09:00:00
Fertilizing 100 kg N25S-N/ha
** 1991-03-05T10:00:00
Tillage operation plowing
** 1991-04-05T09:00:00
Tillage operation seed_bed_preparation
** 1991-04-05T10:00:00
Sowing Byg
*** JB6Drainage
**** sow
***** Byg
Water stress calculated from energy balance
Nitrogen stress handled by crop nitrogen module
** 1991-04-24T00:00:00
*** crop: Byg tick
Emerging
** 1991-05-11T10:00:00
*** crop: Byg tick
Luxury nitrogen uptake initiated
** 1991-05-29T16:00:00
*** crop: Byg tick
Crop affected by nitrogen stress
** 1991-06-08T04:00:00
*** crop: Byg tick
Luxury nitrogen uptake initiated
** 1991-07-05T00:00:00
*** crop: Byg tick
Flowering
** 1991-08-23T00:00:00
*** crop: Byg tick
Ripe
** 1991-08-23T02:00:00
Harvesting Byg, removing 10.521 Mg DM/ha
** 1991-09-01T09:00:00
Spraying 1000 g Bromide_3/ha
** 1992-03-05T09:00:00
Fertilizing 100 kg N25S-N/ha
** 1992-03-05T10:00:00
Tillage operation plowing
** 1992-04-05T09:00:00
Tillage operation seed_bed_preparation
** 1992-04-05T10:00:00
Sowing Byg
*** JB6Drainage
**** sow
***** Byg
Water stress calculated from energy balance
Nitrogen stress handled by crop nitrogen module
** 1992-04-27T00:00:00
*** crop: Byg tick
Emerging
** 1992-05-08T15:00:00
*** crop: Byg tick
Luxury nitrogen uptake initiated
** 1992-05-21T14:00:00
*** crop: Byg tick
Crop affected by nitrogen stress
** 1992-06-09T11:00:00
*** crop: Byg tick
Luxury nitrogen uptake initiated
** 1992-06-15T00:00:00
*** crop: Byg tick
Flowering
** 1992-08-02T00:00:00
*** crop: Byg tick
Ripe
** 1992-08-02T02:00:00
Harvesting Byg, removing 7.75908 Mg DM/ha
** 1992-09-01T09:00:00
Spraying 1000 g Bromide_4/ha
** 1993-03-05T09:00:00
Fertilizing 100 kg N25S-N/ha
** 1993-03-05T10:00:00
Tillage operation plowing
** 1993-04-05T09:00:00
Tillage operation seed_bed_preparation
** 1993-04-05T10:00:00
Sowing Byg
*** JB6Drainage
**** sow
***** Byg
Water stress calculated from energy balance
Nitrogen stress handled by crop nitrogen module
** 1993-04-26T00:00:00
*** crop: Byg tick
Emerging
** 1993-05-06T15:00:00
*** crop: Byg tick
Luxury nitrogen uptake initiated
** 1993-06-14T00:00:00
*** crop: Byg tick
Flowering
** 1993-08-08T00:00:00
*** crop: Byg tick
Ripe
** 1993-08-08T02:00:00
Harvesting Byg, removing 6.84316 Mg DM/ha
** 1993-09-01T09:00:00
Spraying 1000 g Bromide_5/ha
** 1994-03-05T09:00:00
Fertilizing 100 kg N25S-N/ha
** 1994-03-05T10:00:00
Tillage operation plowing
** 1994-04-05T09:00:00
Tillage operation seed_bed_preparation
** 1994-04-05T10:00:00
Sowing Byg
*** JB6Drainage
**** sow
***** Byg
Water stress calculated from energy balance
Nitrogen stress handled by crop nitrogen module
** 1994-04-24T00:00:00
*** crop: Byg tick
Emerging
** 1994-05-02T20:00:00
*** crop: Byg tick
Luxury nitrogen uptake initiated
** 1994-05-22T18:00:00
*** crop: Byg tick
Crop affected by nitrogen stress
** 1994-05-23T10:00:00
*** crop: Byg tick
Luxury nitrogen uptake initiated
** 1994-05-28T21:00:00
*** crop: Byg tick
Crop affected by nitrogen stress
** 1994-06-06T12:00:00
*** crop: Byg tick
Luxury nitrogen uptake initiated
** 1994-06-27T00:00:00
*** crop: Byg tick
Flowering
** 1994-07-09T15:00:00
*** crop: Byg tick
Crop affected by nitrogen stress
** 1994-07-31T01:00:00
*** crop: Byg tick
Luxury nitrogen uptake initiated
** 1994-08-14T00:00:00
*** crop: Byg tick
Ripe
** 1994-08-14T02:00:00
Harvesting Byg, removing 9.19859 Mg DM/ha
** 1994-09-01T09:00:00
Spraying 1000 g Bromide_6/ha
** 1995-03-05T09:00:00
Fertilizing 100 kg N25S-N/ha
** 1995-03-05T10:00:00
Tillage operation plowing
** 1995-04-05T09:00:00
Tillage operation seed_bed_preparation
** 1995-04-05T10:00:00
Sowing Byg
*** JB6Drainage
**** sow
***** Byg
Water stress calculated from energy balance
Nitrogen stress handled by crop nitrogen module
** 1995-04-25T00:00:00
*** crop: Byg tick
Emerging
** 1995-05-04T20:00:00
*** crop: Byg tick
Luxury nitrogen uptake initiated
** 1995-05-22T21:00:00
*** crop: Byg tick
Crop affected by nitrogen stress
** 1995-06-21T21:00:00
*** crop: Byg tick
Luxury nitrogen uptake initiated
** 1995-06-26T00:00:00
*** crop: Byg tick
Flowering
** 1995-07-20T22:00:00
*** crop: Byg tick
Crop affected by nitrogen stress
** 1995-07-21T01:00:00
*** crop: Byg tick
Luxury nitrogen uptake initiated
** 1995-07-21T06:00:00
*** crop: Byg tick
Crop affected by nitrogen stress
** 1995-08-08T08:00:00
*** crop: Byg tick
Luxury nitrogen uptake initiated
** 1995-08-13T00:00:00
*** crop: Byg tick
Ripe
** 1995-08-13T02:00:00
Harvesting Byg, removing 10.1982 Mg DM/ha
** 1995-09-01T09:00:00
Spraying 1000 g Bromide_7/ha
** 1996-03-05T09:00:00
Fertilizing 100 kg N25S-N/ha
** 1996-03-05T10:00:00
Tillage operation plowing
** 1996-04-05T09:00:00
Tillage operation seed_bed_preparation
** 1996-04-05T10:00:00
Sowing Byg
*** JB6Drainage
**** sow
***** Byg
Water stress calculated from energy balance
Nitrogen stress handled by crop nitrogen module
** 1996-04-23T00:00:00
*** crop: Byg tick
Emerging
** 1996-05-03T19:00:00
*** crop: Byg tick
Luxury nitrogen uptake initiated
** 1996-06-05T11:00:00
*** crop: Byg tick
Crop affected by nitrogen stress
** 1996-06-16T03:00:00
*** crop: Byg tick
Luxury nitrogen uptake initiated
** 1996-06-28T00:00:00
*** crop: Byg tick
Flowering
** 1996-08-17T00:00:00
*** crop: Byg tick
Ripe
** 1996-08-17T02:00:00
Harvesting Byg, removing 7.29071 Mg DM/ha
** 1996-09-01T09:00:00
Spraying 1000 g Bromide_8/ha
** 1997-01-14T06:00:00
*** Mollerup
soil_water.C:80: Daisy bug: 'draining -2.02634e-008 [h^-1] from cell 15' in drain (error)
** 1997-01-14T07:00:00
*** Mollerup
soil_water.C:80: Daisy bug: 'draining -2.02601e-008 [h^-1] from cell 15' in drain (error)
** 1997-01-14T08:00:00
*** Mollerup
soil_water.C:80: Daisy bug: 'draining -2.02574e-008 [h^-1] from cell 15' in drain (error)
** 1997-01-14T09:00:00
*** Mollerup
soil_water.C:80: Daisy bug: 'draining -2.02551e-008 [h^-1] from cell 15' in drain (error)
** 1997-01-14T10:00:00
*** Mollerup
soil_water.C:80: Daisy bug: 'draining -2.02533e-008 [h^-1] from cell 15' in drain (error)
** 1997-01-14T11:00:00
*** Mollerup
soil_water.C:80: Daisy bug: 'draining -2.02519e-008 [h^-1] from cell 15' in drain (error)
** 1997-01-14T12:00:00
*** Mollerup
soil_water.C:80: Daisy bug: 'draining -2.02509e-008 [h^-1] from cell 15' in drain (error)
** 1997-01-14T13:00:00
*** Mollerup
soil_water.C:80: Daisy bug: 'draining -2.02502e-008 [h^-1] from cell 15' in drain (error)
** 1997-01-14T14:00:00
*** Mollerup
soil_water.C:80: Daisy bug: 'draining -2.02498e-008 [h^-1] from cell 15' in drain (error)
** 1997-01-14T15:00:00
*** Mollerup
soil_water.C:80: Daisy bug: 'draining -2.02496e-008 [h^-1] from cell 15' in drain (error)
** 1997-01-14T16:00:00
*** Mollerup
soil_water.C:80: Daisy bug: 'draining -2.02497e-008 [h^-1] from cell 15' in drain (error)
** 1997-01-14T17:00:00
*** Mollerup
soil_water.C:80: Daisy bug: 'draining -2.025e-008 [h^-1] from cell 15' in drain (error)
** 1997-01-14T18:00:00
*** Mollerup
soil_water.C:80: Daisy bug: 'draining -2.02506e-008 [h^-1] from cell 15' in drain (error)
** 1997-01-14T19:00:00
*** Mollerup
soil_water.C:80: Daisy bug: 'draining -2.02513e-008 [h^-1] from cell 15' in drain (error)
** 1997-01-14T20:00:00
*** Mollerup
soil_water.C:80: Daisy bug: 'draining -2.02521e-008 [h^-1] from cell 15' in drain (error)
** 1997-01-14T21:00:00
*** Mollerup
soil_water.C:80: Daisy bug: 'draining -2.02531e-008 [h^-1] from cell 15' in drain (error)
** 1997-01-14T22:00:00
*** Mollerup
soil_water.C:80: Daisy bug: 'draining -2.02543e-008 [h^-1] from cell 15' in drain (error)
** 1997-01-14T23:00:00
*** Mollerup
soil_water.C:80: Daisy bug: 'draining -2.02555e-008 [h^-1] from cell 15' in drain (error)
** 1997-01-15T02:00:00
*** Mollerup
soil_water.C:80: Daisy bug: 'draining -2.02596e-008 [h^-1] from cell 15' in drain (error)
** 1997-01-15T03:00:00
*** Mollerup
soil_water.C:80: Daisy bug: 'draining -2.0261e-008 [h^-1] from cell 15' in drain (error)
** 1997-01-15T04:00:00
*** Mollerup
soil_water.C:80: Daisy bug: 'draining -2.02624e-008 [h^-1] from cell 15' in drain (error)
** 1997-01-15T05:00:00
*** Mollerup
soil_water.C:80: Daisy bug: 'draining -2.02638e-008 [h^-1] from cell 15' in drain (error)
** 1997-01-15T06:00:00
*** Mollerup
soil_water.C:80: Daisy bug: 'draining -2.02651e-008 [h^-1] from cell 15' in drain (error)
** 1997-01-15T07:00:00
*** Mollerup
soil_water.C:80: Daisy bug: 'draining -2.02664e-008 [h^-1] from cell 15' in drain (error)
** 1997-01-15T08:00:00
*** Mollerup
soil_water.C:80: Daisy bug: 'draining -2.02675e-008 [h^-1] from cell 15' in drain (error)
** 1997-01-15T09:00:00
*** Mollerup
soil_water.C:80: Daisy bug: 'draining -2.02685e-008 [h^-1] from cell 15' in drain (error)
** 1997-01-15T10:00:00
*** Mollerup
soil_water.C:80: Daisy bug: 'draining -2.02693e-008 [h^-1] from cell 15' in drain (error)
** 1997-01-15T11:00:00
*** Mollerup
soil_water.C:80: Daisy bug: 'draining -2.02698e-008 [h^-1] from cell 15' in drain (error)
** 1997-01-15T12:00:00
*** Mollerup
soil_water.C:80: Daisy bug: 'draining -2.02702e-008 [h^-1] from cell 15' in drain (error)
** 1997-01-15T13:00:00
*** Mollerup
soil_water.C:80: Daisy bug: 'draining -2.02702e-008 [h^-1] from cell 15' in drain (error)
** 1997-01-15T14:00:00
*** Mollerup
soil_water.C:80: Daisy bug: 'draining -2.02699e-008 [h^-1] from cell 15' in drain (error)
** 1997-01-15T15:00:00
*** Mollerup
soil_water.C:80: Daisy bug: 'draining -2.02707e-008 [h^-1] from cell 15' in drain (error)
** 1997-01-15T16:00:00
*** Mollerup
soil_water.C:80: Daisy bug: 'draining -2.02699e-008 [h^-1] from cell 15' in drain (error)
** 1997-01-15T17:00:00
*** Mollerup
soil_water.C:80: Daisy bug: 'draining -2.02686e-008 [h^-1] from cell 15' in drain (error)
** 1997-01-15T18:00:00
*** Mollerup
soil_water.C:80: Daisy bug: 'draining -2.02667e-008 [h^-1] from cell 15' in drain (error)
** 1997-01-15T19:00:00
*** Mollerup
soil_water.C:80: Daisy bug: 'draining -2.02644e-008 [h^-1] from cell 15' in drain (error)
** 1997-01-15T20:00:00
*** Mollerup
soil_water.C:80: Daisy bug: 'draining -2.02615e-008 [h^-1] from cell 15' in drain (error)
** 1997-01-15T21:00:00
*** Mollerup
soil_water.C:80: Daisy bug: 'draining -2.02581e-008 [h^-1] from cell 15' in drain (error)
** 1997-01-15T22:00:00
*** Mollerup
soil_water.C:80: Daisy bug: 'draining -2.02541e-008 [h^-1] from cell 15' in drain (error)
** 1997-01-15T23:00:00
*** Mollerup
soil_water.C:80: Daisy bug: 'draining -2.02495e-008 [h^-1] from cell 15' in drain (error)
** 1997-01-16T00:00:00
*** Mollerup
soil_water.C:80: Daisy bug: 'draining -2.02443e-008 [h^-1] from cell 15' in drain (error)
** 1997-01-16T01:00:00
*** Mollerup
soil_water.C:80: Daisy bug: 'draining -2.02386e-008 [h^-1] from cell 15' in drain (error)
** 1997-01-16T02:00:00
*** Mollerup
soil_water.C:80: Daisy bug: 'draining -2.02327e-008 [h^-1] from cell 15' in drain (error)
** 1997-01-16T03:00:00
*** Mollerup
soil_water.C:80: Daisy bug: 'draining -2.02262e-008 [h^-1] from cell 15' in drain (error)
** 1997-01-16T04:00:00
*** Mollerup
soil_water.C:80: Daisy bug: 'draining -2.0219e-008 [h^-1] from cell 15' in drain (error)
** 1997-01-16T05:00:00
*** Mollerup
soil_water.C:80: Daisy bug: 'draining -2.0211e-008 [h^-1] from cell 15' in drain (error)
** 1997-01-16T06:00:00
*** Mollerup
soil_water.C:80: Daisy bug: 'draining -2.02024e-008 [h^-1] from cell 15' in drain (error)
** 1997-01-16T07:00:00
*** Mollerup
soil_water.C:80: Daisy bug: 'draining -2.01932e-008 [h^-1] from cell 15' in drain (error)
** 1997-01-16T08:00:00
*** Mollerup
soil_water.C:80: Daisy bug: 'draining -2.01833e-008 [h^-1] from cell 15' in drain (error)
** 1997-01-16T09:00:00
*** Mollerup
soil_water.C:80: Daisy bug: 'draining -2.01728e-008 [h^-1] from cell 15' in drain (error)
** 1997-01-16T10:00:00
*** Mollerup
soil_water.C:80: Daisy bug: 'draining -2.01617e-008 [h^-1] from cell 15' in drain (error)
** 1997-01-16T11:00:00
*** Mollerup
soil_water.C:80: Daisy bug: 'draining -2.01499e-008 [h^-1] from cell 15' in drain (error)
** 1997-01-16T12:00:00
*** Mollerup
soil_water.C:80: Daisy bug: 'draining -2.01373e-008 [h^-1] from cell 15' in drain (error)
** 1997-01-16T13:00:00
*** Mollerup
soil_water.C:80: Daisy bug: 'draining -2.0124e-008 [h^-1] from cell 15' in drain (error)
** 1997-01-16T14:00:00
*** Mollerup
soil_water.C:80: Daisy bug: 'draining -2.01099e-008 [h^-1] from cell 15' in drain (error)
** 1997-01-16T15:00:00
*** Mollerup
soil_water.C:80: Daisy bug: 'draining -2.00949e-008 [h^-1] from cell 15' in drain (error)
** 1997-01-16T16:00:00
*** Mollerup
soil_water.C:80: Daisy bug: 'draining -2.0079e-008 [h^-1] from cell 15' in drain (error)
** 1997-01-16T17:00:00
*** Mollerup
soil_water.C:80: Daisy bug: 'draining -2.00622e-008 [h^-1] from cell 15' in drain (error)
** 1997-01-16T18:00:00
*** Mollerup
soil_water.C:80: Daisy bug: 'draining -2.00444e-008 [h^-1] from cell 15' in drain (error)
** 1997-01-16T19:00:00
*** Mollerup
soil_water.C:80: Daisy bug: 'draining -2.00256e-008 [h^-1] from cell 15' in drain (error)
** 1997-01-16T20:00:00
*** Mollerup
soil_water.C:80: Daisy bug: 'draining -2.00058e-008 [h^-1] from cell 15' in drain (error)
** 1997-01-16T21:00:00
*** Mollerup
soil_water.C:80: Daisy bug: 'draining -1.9985e-008 [h^-1] from cell 15' in drain (error)
** 1997-01-16T22:00:00
*** Mollerup
soil_water.C:80: Daisy bug: 'draining -1.99632e-008 [h^-1] from cell 15' in drain (error)
** 1997-01-16T23:00:00
*** Mollerup
soil_water.C:80: Daisy bug: 'draining -1.99403e-008 [h^-1] from cell 15' in drain (error)
** 1997-01-17T00:00:00
*** Mollerup
soil_water.C:80: Daisy bug: 'draining -1.99163e-008 [h^-1] from cell 15' in drain (error)
** 1997-01-17T01:00:00
*** Mollerup
soil_water.C:80: Daisy bug: 'draining -1.98914e-008 [h^-1] from cell 15' in drain (error)
** 1997-01-17T02:00:00
*** Mollerup
soil_water.C:80: Daisy bug: 'draining -1.98655e-008 [h^-1] from cell 15' in drain (error)
** 1997-01-17T03:00:00
*** Mollerup
soil_water.C:80: Daisy bug: 'draining -1.98386e-008 [h^-1] from cell 15' in drain (error)
** 1997-01-17T04:00:00
*** Mollerup
soil_water.C:80: Daisy bug: 'draining -1.98107e-008 [h^-1] from cell 15' in drain (error)
** 1997-01-17T05:00:00
*** Mollerup
soil_water.C:80: Daisy bug: 'draining -1.97819e-008 [h^-1] from cell 15' in drain (error)
** 1997-01-17T06:00:00
*** Mollerup
soil_water.C:80: Daisy bug: 'draining -1.97522e-008 [h^-1] from cell 15' in drain (error)
** 1997-01-17T07:00:00
*** Mollerup
soil_water.C:80: Daisy bug: 'draining -1.97216e-008 [h^-1] from cell 15' in drain (error)
** 1997-01-17T08:00:00
*** Mollerup
soil_water.C:80: Daisy bug: 'draining -1.96902e-008 [h^-1] from cell 15' in drain (error)
** 1997-01-17T09:00:00
*** Mollerup
soil_water.C:80: Daisy bug: 'draining -1.96579e-008 [h^-1] from cell 15' in drain (error)
** 1997-01-17T10:00:00
*** Mollerup
soil_water.C:80: Daisy bug: 'draining -1.96248e-008 [h^-1] from cell 15' in drain (error)
** 1997-01-17T11:00:00
*** Mollerup
soil_water.C:80: Daisy bug: 'draining -1.95909e-008 [h^-1] from cell 15' in drain (error)
** 1997-01-17T12:00:00
*** Mollerup
soil_water.C:80: Daisy bug: 'draining -1.95562e-008 [h^-1] from cell 15' in drain (error)
** 1997-01-17T13:00:00
*** Mollerup
soil_water.C:80: Daisy bug: 'draining -1.95208e-008 [h^-1] from cell 15' in drain (error)
** 1997-01-17T14:00:00
*** Mollerup
soil_water.C:80: Daisy bug: 'draining -1.94845e-008 [h^-1] from cell 15' in drain (error)
** 1997-01-17T15:00:00
*** Mollerup
soil_water.C:80: Daisy bug: 'draining -1.94475e-008 [h^-1] from cell 15' in drain (error)
** 1997-01-17T16:00:00
*** Mollerup
soil_water.C:80: Daisy bug: 'draining -1.94097e-008 [h^-1] from cell 15' in drain (error)
** 1997-01-17T17:00:00
*** Mollerup
soil_water.C:80: Daisy bug: 'draining -1.93712e-008 [h^-1] from cell 15' in drain (error)
** 1997-01-17T18:00:00
*** Mollerup
soil_water.C:80: Daisy bug: 'draining -1.93319e-008 [h^-1] from cell 15' in drain (error)
** 1997-01-17T19:00:00
*** Mollerup
soil_water.C:80: Daisy bug: 'draining -1.92918e-008 [h^-1] from cell 15' in drain (error)
** 1997-01-17T20:00:00
*** Mollerup
soil_water.C:80: Daisy bug: 'draining -1.9251e-008 [h^-1] from cell 15' in drain (error)
** 1997-01-17T21:00:00
*** Mollerup
soil_water.C:80: Daisy bug: 'draining -1.92095e-008 [h^-1] from cell 15' in drain (error)
** 1997-01-17T22:00:00
*** Mollerup
soil_water.C:80: Daisy bug: 'draining -1.91673e-008 [h^-1] from cell 15' in drain (error)
** 1997-01-17T23:00:00
*** Mollerup
soil_water.C:80: Daisy bug: 'draining -1.91244e-008 [h^-1] from cell 15' in drain (error)
** 1997-01-18T00:00:00
*** Mollerup
soil_water.C:80: Daisy bug: 'draining -1.90809e-008 [h^-1] from cell 15' in drain (error)
** 1997-01-18T01:00:00
*** Mollerup
soil_water.C:80: Daisy bug: 'draining -1.90367e-008 [h^-1] from cell 15' in drain (error)
** 1997-01-19T20:00:00
*** Mollerup
soil_water.C:80: Daisy bug: 'draining -1.69985e-008 [h^-1] from cell 15' in drain (error)
** 1997-01-19T21:00:00
*** Mollerup
soil_water.C:80: Daisy bug: 'draining -1.69543e-008 [h^-1] from cell 15' in drain (error)
** 1997-01-19T22:00:00
*** Mollerup
soil_water.C:80: Daisy bug: 'draining -1.69104e-008 [h^-1] from cell 15' in drain (error)
** 1997-01-19T23:00:00
*** Mollerup
soil_water.C:80: Daisy bug: 'draining -1.68667e-008 [h^-1] from cell 15' in drain (error)
** 1997-01-20T00:00:00
*** Mollerup
soil_water.C:80: Daisy bug: 'draining -1.68233e-008 [h^-1] from cell 15' in drain (error)
** 1997-01-20T01:00:00
*** Mollerup
soil_water.C:80: Daisy bug: 'draining -1.67801e-008 [h^-1] from cell 15' in drain (error)
** 1997-01-20T02:00:00
*** Mollerup
soil_water.C:80: Daisy bug: 'draining -1.67372e-008 [h^-1] from cell 15' in drain (error)
** 1997-01-20T03:00:00
*** Mollerup
soil_water.C:80: Daisy bug: 'draining -1.66946e-008 [h^-1] from cell 15' in drain (error)
** 1997-01-20T04:00:00
*** Mollerup
soil_water.C:80: Daisy bug: 'draining -1.66522e-008 [h^-1] from cell 15' in drain (error)
** 1997-01-20T05:00:00
*** Mollerup
soil_water.C:80: Daisy bug: 'draining -1.661e-008 [h^-1] from cell 15' in drain (error)
** 1997-01-20T06:00:00
*** Mollerup
soil_water.C:80: Daisy bug: 'draining -1.65681e-008 [h^-1] from cell 15' in drain (error)
** 1997-01-20T07:00:00
*** Mollerup
soil_water.C:80: Daisy bug: 'draining -1.65264e-008 [h^-1] from cell 15' in drain (error)
** 1997-01-21T04:00:00
*** Mollerup
soil_water.C:80: Daisy bug: 'draining -1.56743e-008 [h^-1] from cell 15' in drain (error)
** 1997-01-21T05:00:00
*** Mollerup
soil_water.C:80: Daisy bug: 'draining -1.56338e-008 [h^-1] from cell 15' in drain (error)
** 1997-01-21T06:00:00
*** Mollerup
soil_water.C:80: Daisy bug: 'draining -1.55933e-008 [h^-1] from cell 15' in drain (error)
** 1997-01-21T07:00:00
*** Mollerup
soil_water.C:80: Daisy bug: 'draining -1.55527e-008 [h^-1] from cell 15' in drain (error)
** 1997-01-21T23:00:00
*** Mollerup
soil_water.C:80: Daisy bug: 'draining -1.4882e-008 [h^-1] from cell 15' in drain (error)
** 1997-01-22T00:00:00
*** Mollerup
soil_water.C:80: Daisy bug: 'draining -1.48381e-008 [h^-1] from cell 15' in drain (error)
** 1997-01-22T01:00:00
*** Mollerup
soil_water.C:80: Daisy bug: 'draining -1.4794e-008 [h^-1] from cell 15' in drain (error)
** 1997-01-22T02:00:00
*** Mollerup
soil_water.C:80: Daisy bug: 'draining -1.47496e-008 [h^-1] from cell 15' in drain (error)
** 1997-01-22T03:00:00
*** Mollerup
soil_water.C:80: Daisy bug: 'draining -1.4705e-008 [h^-1] from cell 15' in drain (error)
** 1997-01-22T04:00:00
*** Mollerup
soil_water.C:80: Daisy bug: 'draining -1.46602e-008 [h^-1] from cell 15' in drain (error)
** 1997-01-22T05:00:00
*** Mollerup
soil_water.C:80: Daisy bug: 'draining -1.46151e-008 [h^-1] from cell 15' in drain (error)
** 1997-01-22T06:00:00
*** Mollerup
soil_water.C:80: Daisy bug: 'draining -1.45699e-008 [h^-1] from cell 15' in drain (error)
** 1997-01-22T07:00:00
*** Mollerup
soil_water.C:80: Daisy bug: 'draining -1.45244e-008 [h^-1] from cell 15' in drain (error)
** 1997-01-23T05:00:00
*** Mollerup
soil_water.C:80: Daisy bug: 'draining -1.35101e-008 [h^-1] from cell 15' in drain (error)
** 1997-01-23T06:00:00
*** Mollerup
soil_water.C:80: Daisy bug: 'draining -1.34647e-008 [h^-1] from cell 15' in drain (error)
** 1997-01-23T07:00:00
*** Mollerup
soil_water.C:80: Daisy bug: 'draining -1.34193e-008 [h^-1] from cell 15' in drain (error)
** 1997-01-24T10:00:00
*** Mollerup
soil_water.C:80: Daisy bug: 'draining -1.23156e-008 [h^-1] from cell 15' in drain (error)
** 1997-01-24T11:00:00
*** Mollerup
soil_water.C:80: Daisy bug: 'draining -1.22802e-008 [h^-1] from cell 15' in drain (error)
** 1997-01-24T12:00:00
*** Mollerup
soil_water.C:80: Daisy bug: 'draining -1.22448e-008 [h^-1] from cell 15' in drain (error)
** 1997-01-24T13:00:00
*** Mollerup
soil_water.C:80: Daisy bug: 'draining -1.22096e-008 [h^-1] from cell 15' in drain (error)
** 1997-01-24T14:00:00
*** Mollerup
soil_water.C:80: Daisy bug: 'draining -1.21744e-008 [h^-1] from cell 15' in drain (error)
** 1997-01-24T15:00:00
*** Mollerup
soil_water.C:80: Daisy bug: 'draining -1.21392e-008 [h^-1] from cell 15' in drain (error)
** 1997-01-24T16:00:00
*** Mollerup
soil_water.C:80: Daisy bug: 'draining -1.21038e-008 [h^-1] from cell 15' in drain (error)
** 1997-01-24T17:00:00
*** Mollerup
soil_water.C:80: Daisy bug: 'draining -1.20683e-008 [h^-1] from cell 15' in drain (error)
** 1997-01-24T18:00:00
*** Mollerup
soil_water.C:80: Daisy bug: 'draining -1.20326e-008 [h^-1] from cell 15' in drain (error)
** 1997-01-24T19:00:00
*** Mollerup
soil_water.C:80: Daisy bug: 'draining -1.19967e-008 [h^-1] from cell 15' in drain (error)
** 1997-01-24T20:00:00
*** Mollerup
soil_water.C:80: Daisy bug: 'draining -1.19605e-008 [h^-1] from cell 15' in drain (error)
** 1997-01-24T21:00:00
*** Mollerup
soil_water.C:80: Daisy bug: 'draining -1.19241e-008 [h^-1] from cell 15' in drain (error)
** 1997-01-24T22:00:00
*** Mollerup
soil_water.C:80: Daisy bug: 'draining -1.18873e-008 [h^-1] from cell 15' in drain (error)
** 1997-01-24T23:00:00
*** Mollerup
soil_water.C:80: Daisy bug: 'draining -1.18502e-008 [h^-1] from cell 15' in drain (error)
** 1997-01-25T00:00:00
*** Mollerup
soil_water.C:80: Daisy bug: 'draining -1.18129e-008 [h^-1] from cell 15' in drain (error)
** 1997-01-25T01:00:00
*** Mollerup
soil_water.C:80: Daisy bug: 'draining -1.17752e-008 [h^-1] from cell 15' in drain (error)
** 1997-01-25T02:00:00
*** Mollerup
soil_water.C:80: Daisy bug: 'draining -1.17372e-008 [h^-1] from cell 15' in drain (error)
** 1997-01-25T03:00:00
*** Mollerup
soil_water.C:80: Daisy bug: 'draining -1.16989e-008 [h^-1] from cell 15' in drain (error)
** 1997-01-25T04:00:00
*** Mollerup
soil_water.C:80: Daisy bug: 'draining -1.16603e-008 [h^-1] from cell 15' in drain (error)
** 1997-01-25T05:00:00
*** Mollerup
soil_water.C:80: Daisy bug: 'draining -1.16215e-008 [h^-1] from cell 15' in drain (error)
** 1997-01-25T06:00:00
*** Mollerup
soil_water.C:80: Daisy bug: 'draining -1.15824e-008 [h^-1] from cell 15' in drain (error)
** 1997-01-25T07:00:00
*** Mollerup
soil_water.C:80: Daisy bug: 'draining -1.15431e-008 [h^-1] from cell 15' in drain (error)
** 1997-01-25T08:00:00
*** Mollerup
soil_water.C:80: Daisy bug: 'draining -1.15035e-008 [h^-1] from cell 15' in drain (error)
** 1997-01-25T09:00:00
*** Mollerup
soil_water.C:80: Daisy bug: 'draining -1.14637e-008 [h^-1] from cell 15' in drain (error)
** 1997-01-25T10:00:00
*** Mollerup
soil_water.C:80: Daisy bug: 'draining -1.14237e-008 [h^-1] from cell 15' in drain (error)
** 1997-01-25T11:00:00
*** Mollerup
soil_water.C:80: Daisy bug: 'draining -1.13836e-008 [h^-1] from cell 15' in drain (error)
** 1997-01-25T12:00:00
*** Mollerup
soil_water.C:80: Daisy bug: 'draining -1.13433e-008 [h^-1] from cell 15' in drain (error)
** 1997-01-25T13:00:00
*** Mollerup
soil_water.C:80: Daisy bug: 'draining -1.13029e-008 [h^-1] from cell 15' in drain (error)
** 1997-01-25T14:00:00
*** Mollerup
soil_water.C:80: Daisy bug: 'draining -1.12624e-008 [h^-1] from cell 15' in drain (error)
** 1997-01-25T15:00:00
*** Mollerup
soil_water.C:80: Daisy bug: 'draining -1.12219e-008 [h^-1] from cell 15' in drain (error)
** 1997-01-25T16:00:00
*** Mollerup
soil_water.C:80: Daisy bug: 'draining -1.11812e-008 [h^-1] from cell 15' in drain (error)
** 1997-01-25T17:00:00
*** Mollerup
soil_water.C:80: Daisy bug: 'draining -1.11405e-008 [h^-1] from cell 15' in drain (error)
** 1997-01-25T18:00:00
*** Mollerup
soil_water.C:80: Daisy bug: 'draining -1.10998e-008 [h^-1] from cell 15' in drain (error)
** 1997-01-25T19:00:00
*** Mollerup
soil_water.C:80: Daisy bug: 'draining -1.10591e-008 [h^-1] from cell 15' in drain (error)
** 1997-01-25T20:00:00
*** Mollerup
soil_water.C:80: Daisy bug: 'draining -1.10184e-008 [h^-1] from cell 15' in drain (error)
** 1997-01-25T21:00:00
*** Mollerup
soil_water.C:80: Daisy bug: 'draining -1.09777e-008 [h^-1] from cell 15' in drain (error)
** 1997-01-25T22:00:00
*** Mollerup
soil_water.C:80: Daisy bug: 'draining -1.09371e-008 [h^-1] from cell 15' in drain (error)
** 1997-01-25T23:00:00
*** Mollerup
soil_water.C:80: Daisy bug: 'draining -1.08965e-008 [h^-1] from cell 15' in drain (error)
** 1997-01-26T00:00:00
*** Mollerup
soil_water.C:80: Daisy bug: 'draining -1.08559e-008 [h^-1] from cell 15' in drain (error)
** 1997-01-26T01:00:00
*** Mollerup
soil_water.C:80: Daisy bug: 'draining -1.08154e-008 [h^-1] from cell 15' in drain (error)
** 1997-01-26T02:00:00
*** Mollerup
soil_water.C:80: Daisy bug: 'draining -1.0775e-008 [h^-1] from cell 15' in drain (error)
** 1997-01-26T03:00:00
*** Mollerup
soil_water.C:80: Daisy bug: 'draining -1.07346e-008 [h^-1] from cell 15' in drain (error)
** 1997-01-26T04:00:00
*** Mollerup
soil_water.C:80: Daisy bug: 'draining -1.06943e-008 [h^-1] from cell 15' in drain (error)
** 1997-01-26T05:00:00
*** Mollerup
soil_water.C:80: Daisy bug: 'draining -1.0654e-008 [h^-1] from cell 15' in drain (error)
** 1997-01-26T06:00:00
*** Mollerup
soil_water.C:80: Daisy bug: 'draining -1.06139e-008 [h^-1] from cell 15' in drain (error)
** 1997-01-26T07:00:00
*** Mollerup
soil_water.C:80: Daisy bug: 'draining -1.05739e-008 [h^-1] from cell 15' in drain (error)
** 1997-01-26T08:00:00
*** Mollerup
soil_water.C:80: Daisy bug: 'draining -1.05341e-008 [h^-1] from cell 15' in drain (error)
** 1997-01-26T09:00:00
*** Mollerup
soil_water.C:80: Daisy bug: 'draining -1.04943e-008 [h^-1] from cell 15' in drain (error)
** 1997-01-26T10:00:00
*** Mollerup
soil_water.C:80: Daisy bug: 'draining -1.04546e-008 [h^-1] from cell 15' in drain (error)
** 1997-01-26T11:00:00
*** Mollerup
soil_water.C:80: Daisy bug: 'draining -1.0415e-008 [h^-1] from cell 15' in drain (error)
** 1997-01-26T12:00:00
*** Mollerup
soil_water.C:80: Daisy bug: 'draining -1.03755e-008 [h^-1] from cell 15' in drain (error)
** 1997-01-26T13:00:00
*** Mollerup
soil_water.C:80: Daisy bug: 'draining -1.0336e-008 [h^-1] from cell 15' in drain (error)
** 1997-01-26T14:00:00
*** Mollerup
soil_water.C:80: Daisy bug: 'draining -1.02967e-008 [h^-1] from cell 15' in drain (error)
** 1997-01-26T15:00:00
*** Mollerup
soil_water.C:80: Daisy bug: 'draining -1.02574e-008 [h^-1] from cell 15' in drain (error)
** 1997-01-26T16:00:00
*** Mollerup
soil_water.C:80: Daisy bug: 'draining -1.02182e-008 [h^-1] from cell 15' in drain (error)
** 1997-01-26T17:00:00
*** Mollerup
soil_water.C:80: Daisy bug: 'draining -1.01791e-008 [h^-1] from cell 15' in drain (error)
** 1997-01-26T18:00:00
*** Mollerup
soil_water.C:80: Daisy bug: 'draining -1.01401e-008 [h^-1] from cell 15' in drain (error)
** 1997-01-26T19:00:00
*** Mollerup
soil_water.C:80: Daisy bug: 'draining -1.01011e-008 [h^-1] from cell 15' in drain (error)
** 1997-01-26T20:00:00
*** Mollerup
soil_water.C:80: Daisy bug: 'draining -1.00622e-008 [h^-1] from cell 15' in drain (error)
** 1997-01-26T21:00:00
*** Mollerup
soil_water.C:80: Daisy bug: 'draining -1.00234e-008 [h^-1] from cell 15' in drain (error)
** 1997-03-05T09:00:00
Fertilizing 100 kg N25S-N/ha
** 1997-03-05T10:00:00
Tillage operation plowing
** 1997-04-05T09:00:00
Tillage operation seed_bed_preparation
** 1997-04-05T10:00:00
Sowing Byg
*** JB6Drainage
**** sow
***** Byg
Water stress calculated from energy balance
Nitrogen stress handled by crop nitrogen module
** 1997-04-29T00:00:00
*** crop: Byg tick
Emerging
** 1997-05-10T05:00:00
*** crop: Byg tick
Luxury nitrogen uptake initiated
** 1997-06-01T16:00:00
*** crop: Byg tick
Crop affected by nitrogen stress
** 1997-06-15T15:00:00
*** crop: Byg tick
Luxury nitrogen uptake initiated
** 1997-06-26T00:00:00
*** crop: Byg tick
Flowering
** 1997-08-13T00:00:00
*** crop: Byg tick
Ripe
** 1997-08-13T02:00:00
Harvesting Byg, removing 11.1165 Mg DM/ha
** 1997-09-01T09:00:00
Spraying 1000 g Bromide_9/ha
