This is e-TeX, Version 3.141592-2.2 (MiKTeX 2.4) (preloaded format=latex 2005.10.30)  12 DEC 2007 09:41
entering extended mode
**MST_solute_2convert.tex
(MST_solute_2convert.tex
LaTeX2e <2003/12/01>
Babel <v3.8g> and hyphenation patterns for english, dumylang, nohyphenation, ge
rman, ngerman, french, loaded.
(C:\Program Files\texmf\tex\latex\base\report.cls
Document Class: report 2004/02/16 v1.4f Standard LaTeX document class
(C:\Program Files\texmf\tex\latex\base\size10.clo
File: size10.clo 2004/02/16 v1.4f Standard LaTeX file (size option)
)
\c@part=\count79
\c@chapter=\count80
\c@section=\count81
\c@subsection=\count82
\c@subsubsection=\count83
\c@paragraph=\count84
\c@subparagraph=\count85
\c@figure=\count86
\c@table=\count87
\abovecaptionskip=\skip41
\belowcaptionskip=\skip42
\bibindent=\dimen102
) (natbib.sty
Package: natbib 1997/07/05 6.6 (PWD)
\bibhang=\skip43
\bibsep=\skip44
LaTeX Info: Redefining \cite on input line 416.
\c@NAT@ctr=\count88
)
(C:\Program Files\texmf\tex\latex\amsmath\amsmath.sty
Package: amsmath 2000/07/18 v2.13 AMS math features
\@mathmargin=\skip45

For additional information on amsmath, use the `?' option.
(C:\Program Files\texmf\tex\latex\amsmath\amstext.sty
Package: amstext 2000/06/29 v2.01

(C:\Program Files\texmf\tex\latex\amsmath\amsgen.sty
File: amsgen.sty 1999/11/30 v2.0
\@emptytoks=\toks14
\ex@=\dimen103
))
(C:\Program Files\texmf\tex\latex\amsmath\amsbsy.sty
Package: amsbsy 1999/11/29 v1.2d
\pmbraise@=\dimen104
)
(C:\Program Files\texmf\tex\latex\amsmath\amsopn.sty
Package: amsopn 1999/12/14 v2.01 operator names
)
\inf@bad=\count89
LaTeX Info: Redefining \frac on input line 211.
\uproot@=\count90
\leftroot@=\count91
LaTeX Info: Redefining \overline on input line 307.
\classnum@=\count92
\DOTSCASE@=\count93
LaTeX Info: Redefining \ldots on input line 379.
LaTeX Info: Redefining \dots on input line 382.
LaTeX Info: Redefining \cdots on input line 467.
\Mathstrutbox@=\box26
\strutbox@=\box27
\big@size=\dimen105
LaTeX Font Info:    Redeclaring font encoding OML on input line 567.
LaTeX Font Info:    Redeclaring font encoding OMS on input line 568.
\macc@depth=\count94
\c@MaxMatrixCols=\count95
\dotsspace@=\muskip10
\c@parentequation=\count96
\dspbrk@lvl=\count97
\tag@help=\toks15
\row@=\count98
\column@=\count99
\maxfields@=\count100
\andhelp@=\toks16
\eqnshift@=\dimen106
\alignsep@=\dimen107
\tagshift@=\dimen108
\tagwidth@=\dimen109
\totwidth@=\dimen110
\lineht@=\dimen111
\@envbody=\toks17
\multlinegap=\skip46
\multlinetaggap=\skip47
\mathdisplay@stack=\toks18
LaTeX Info: Redefining \[ on input line 2666.
LaTeX Info: Redefining \] on input line 2667.
)
(C:\Program Files\texmf\tex\latex\amsfonts\amssymb.sty
Package: amssymb 2002/01/22 v2.2d

(C:\Program Files\texmf\tex\latex\amsfonts\amsfonts.sty
Package: amsfonts 2001/10/25 v2.2f
\symAMSa=\mathgroup4
\symAMSb=\mathgroup5
LaTeX Font Info:    Overwriting math alphabet `\mathfrak' in version `bold'
(Font)                  U/euf/m/n --> U/euf/b/n on input line 132.
)) (graphicx.sty
Package: graphicx 1999/02/16 v1.0f Enhanced LaTeX Graphics (DPC,SPQR)

(C:\Program Files\texmf\tex\latex\graphics\keyval.sty
Package: keyval 1999/03/16 v1.13 key=value parser (DPC)
\KV@toks@=\toks19
)
(C:\Program Files\texmf\tex\latex\graphics\graphics.sty
Package: graphics 2001/07/07 v1.0n Standard LaTeX Graphics (DPC,SPQR)

(C:\Program Files\texmf\tex\latex\graphics\trig.sty
Package: trig 1999/03/16 v1.09 sin cos tan (DPC)
)
(C:\Program Files\texmf\tex\latex\00miktex\graphics.cfg
File: graphics.cfg 2003/03/12 v1.1 MiKTeX 'graphics' configuration
)
Package graphics Info: Driver file: dvips.def on input line 80.

(C:\Program Files\texmf\tex\latex\graphics\dvips.def
File: dvips.def 1999/02/16 v3.0i Driver-dependant file (DPC,SPQR)
))
\Gin@req@height=\dimen112
\Gin@req@width=\dimen113
)
(C:\Program Files\texmf\tex\latex\base\fontenc.sty
Package: fontenc 2004/02/22 v1.99f Standard LaTeX package

(C:\Program Files\texmf\tex\latex\base\t1enc.def
File: t1enc.def 2004/02/22 v1.99f Standard LaTeX file
LaTeX Font Info:    Redeclaring font encoding T1 on input line 43.
))
(C:\Program Files\texmf\tex\latex\base\inputenc.sty
Package: inputenc 2004/02/05 v1.0d Input encoding file

(C:\Program Files\texmf\tex\latex\base\latin1.def
File: latin1.def 2004/02/05 v1.0d Input encoding file
)) (MST_solute_2convert.aux)
LaTeX Font Info:    Checking defaults for OML/cmm/m/it on input line 29.
LaTeX Font Info:    ... okay on input line 29.
LaTeX Font Info:    Checking defaults for T1/cmr/m/n on input line 29.
LaTeX Font Info:    ... okay on input line 29.
LaTeX Font Info:    Checking defaults for OT1/cmr/m/n on input line 29.
LaTeX Font Info:    ... okay on input line 29.
LaTeX Font Info:    Checking defaults for OMS/cmsy/m/n on input line 29.
LaTeX Font Info:    ... okay on input line 29.
LaTeX Font Info:    Checking defaults for OMX/cmex/m/n on input line 29.
LaTeX Font Info:    ... okay on input line 29.
LaTeX Font Info:    Checking defaults for U/cmr/m/n on input line 29.
LaTeX Font Info:    ... okay on input line 29.

Chapter 1.
LaTeX Font Info:    Try loading font information for U+msa on input line 58.
(C:\Program Files\texmf\tex\latex\amsfonts\umsa.fd
File: umsa.fd 2002/01/19 v2.2g AMS font definitions
)
LaTeX Font Info:    Try loading font information for U+msb on input line 58.

(C:\Program Files\texmf\tex\latex\amsfonts\umsb.fd
File: umsb.fd 2002/01/19 v2.2g AMS font definitions
) [1


]
LaTeX Font Info:    Try loading font information for OMS+cmr on input line 131.


(C:\Program Files\texmf\tex\latex\base\omscmr.fd
File: omscmr.fd 1999/05/25 v2.5h Standard LaTeX font definitions
)
LaTeX Font Info:    Font shape `OMS/cmr/m/n' in size <10> not available
(Font)              Font shape `OMS/cmsy/m/n' tried instead on input line 131.


Package natbib Warning: Citation `Millington' on page 2 undefined on input line
 194.

[2] [3]
Underfull \hbox (badness 10000) in paragraph at lines 285--298

 []


Underfull \hbox (badness 10000) in paragraph at lines 453--466

 []

[4]

Package natbib Warning: Citation `Perrochet' on page 5 undefined on input line 
493.


Underfull \hbox (badness 10000) in paragraph at lines 488--500

 []


Underfull \hbox (badness 10000) in paragraph at lines 510--521

 []

[5]

Package natbib Warning: Citation `Perrochet' on page 6 undefined on input line 
536.


Package natbib Warning: Citation `Perrochet' on page 6 undefined on input line 
540.


Underfull \hbox (badness 10000) in paragraph at lines 535--545

 []


Package natbib Warning: Citation `Genuchtenanalytical' on page 6 undefined on i
nput line 602.

[6]
Underfull \hbox (badness 10000) in paragraph at lines 624--643

 []

File: Stab_Upstream.eps Graphic file (type eps)
<Stab_Upstream.eps>
Underfull \hbox (badness 10000) in paragraph at lines 654--676

 []


Underfull \hbox (badness 10000) in paragraph at lines 654--676

 []


Underfull \hbox (badness 10000) in paragraph at lines 654--676

 []

File: Stab_Methods.eps Graphic file (type eps)
<Stab_Methods.eps>
File: Stab_TimeStepRed.eps Graphic file (type eps)
 <Stab_TimeStepRed.eps> [7] [8] [9] [10]
File: Stab_StreamDiff.eps Graphic file (type eps)

<Stab_StreamDiff.eps>
Underfull \hbox (badness 10000) in paragraph at lines 809--813

 []


Underfull \hbox (badness 10000) in paragraph at lines 814--837

 []

[11]
Underfull \hbox (badness 10000) in paragraph at lines 845--854

 []


Underfull \hbox (badness 10000) in paragraph at lines 859--892

 []


Underfull \hbox (badness 10000) in paragraph at lines 859--892

 []

[12]

Package natbib Warning: Citation `Genuchtenanalytical' on page 13 undefined on 
input line 916.


Overfull \hbox (10.9964pt too wide) in paragraph at lines 914--931
\T1/cmr/m/n/10 There are de-vel-oped a lot of an-a-lyt-i-cal so-lu-tions for th
e one-dimensional convective-
 []


Underfull \hbox (badness 10000) in paragraph at lines 914--931

 []


Underfull \hbox (badness 10000) in paragraph at lines 951--957

 []


Underfull \hbox (badness 10000) in paragraph at lines 951--957

 []

[13]

Package natbib Warning: Citation `Genuchtenanalytical' on page 14 undefined on 
input line 985.


LaTeX Font Warning: Command \small invalid in math mode on input line 1021.

[14]
No file MST_solute_2convert.bbl.

Package natbib Warning: There were undefined citations.

[15] (MST_solute_2convert.aux) ) 
Here is how much of TeX's memory you used:
 2065 strings out of 95901
 21332 string characters out of 1194936
 72360 words of memory out of 1070000
 4991 multiletter control sequences out of 60000
 19928 words of font info for 52 fonts, out of 1000000 for 2000
 14 hyphenation exceptions out of 4999
 27i,19n,24p,510b,249s stack positions out of 5000i,500n,10000p,200000b,32768s

Output written on MST_solute_2convert.dvi (15 pages, 44652 bytes).
